<?xml version="1.0" encoding="UTF-8"?>
<robot generator="Robot 7.4.2 (Python 3.13.0 on win32)" generated="2026-04-07T17:31:09.299645" rpa="false" schemaversion="5">
<suite id="s1" name="Tests" source="D:\projetos\serverest_robot_framework\tests">
<suite id="s1-s1" name="Carrinhos Test" source="D:\projetos\serverest_robot_framework\tests\carrinhos_test.robot">
<kw name="Criar Sessao" owner="common" type="SETUP">
<kw name="Create Session" owner="RequestsLibrary">
<msg time="2026-04-07T17:31:10.868750" level="INFO">Creating Session using : alias=serverest, url=http://localhost:3000, headers={},                     cookies={}, auth=None, timeout=None, proxies=None, verify=False,                     debug=0 </msg>
<arg>serverest</arg>
<arg>${base_uri}</arg>
<doc>Create Session: create a HTTP session to a server</doc>
<status status="PASS" start="2026-04-07T17:31:10.868312" elapsed="0.000840"/>
</kw>
<status status="PASS" start="2026-04-07T17:31:10.866549" elapsed="0.002781"/>
</kw>
<test id="s1-s1-t1" name="Cenario: POST Carrinho 201" line="17">
<kw name="Iniciar cores de resposta" owner="common">
<kw name="Evaluate" owner="BuiltIn">
<msg time="2026-04-07T17:31:10.873043" level="INFO">${red} = [31m</msg>
<var>${red}</var>
<arg>${RED}</arg>
<doc>Evaluates the given expression in Python and returns the result.</doc>
<status status="PASS" start="2026-04-07T17:31:10.871522" elapsed="0.001628"/>
</kw>
<kw name="Set Test Variable" owner="BuiltIn">
<msg time="2026-04-07T17:31:10.874557" level="INFO">${red} = [31m</msg>
<arg>${red}</arg>
<doc>Makes a variable available everywhere within the scope of the current test.</doc>
<status status="PASS" start="2026-04-07T17:31:10.873620" elapsed="0.001086"/>
</kw>
<kw name="Evaluate" owner="BuiltIn">
<msg time="2026-04-07T17:31:10.876086" level="INFO">${yellow} = [33m</msg>
<var>${yellow}</var>
<arg>${YELLOW}</arg>
<doc>Evaluates the given expression in Python and returns the result.</doc>
<status status="PASS" start="2026-04-07T17:31:10.875098" elapsed="0.001067"/>
</kw>
<kw name="Set Test Variable" owner="BuiltIn">
<msg time="2026-04-07T17:31:10.877266" level="INFO">${yellow} = [33m</msg>
<arg>${yellow}</arg>
<doc>Makes a variable available everywhere within the scope of the current test.</doc>
<status status="PASS" start="2026-04-07T17:31:10.876537" elapsed="0.000863"/>
</kw>
<kw name="Evaluate" owner="BuiltIn">
<msg time="2026-04-07T17:31:10.878445" level="INFO">${green} = [32m</msg>
<var>${green}</var>
<arg>${GREEN}</arg>
<doc>Evaluates the given expression in Python and returns the result.</doc>
<status status="PASS" start="2026-04-07T17:31:10.877735" elapsed="0.000768"/>
</kw>
<kw name="Set Test Variable" owner="BuiltIn">
<msg time="2026-04-07T17:31:10.879333" level="INFO">${green} = [32m</msg>
<arg>${green}</arg>
<doc>Makes a variable available everywhere within the scope of the current test.</doc>
<status status="PASS" start="2026-04-07T17:31:10.878777" elapsed="0.000665"/>
</kw>
<status status="PASS" start="2026-04-07T17:31:10.870534" elapsed="0.009064"/>
</kw>
<kw name="POST Login Valido Usando FUNCAO" owner="login_keywords">
<kw name="Login Padrao" owner="library_python">
<msg time="2026-04-07T17:31:10.934102" level="INFO">${json} = {'email': 'nicholsrenee@example.net', 'password': 'dh#9fHuY*C'}</msg>
<var>${json}</var>
<status status="PASS" start="2026-04-07T17:31:10.880767" elapsed="0.053410"/>
</kw>
<kw name="Set Variable" owner="BuiltIn">
<msg time="2026-04-07T17:31:10.935203" level="INFO">${payload} = {'email': 'nicholsrenee@example.net', 'password': 'dh#9fHuY*C'}</msg>
<var>${payload}</var>
<arg>${json}</arg>
<doc>Returns the given values which can then be assigned to a variables.</doc>
<status status="PASS" start="2026-04-07T17:31:10.934484" elapsed="0.000786"/>
</kw>
<kw name="Set Global Variable" owner="BuiltIn">
<msg time="2026-04-07T17:31:10.936733" level="INFO">${payload} = {'email': 'nicholsrenee@example.net', 'password': 'dh#9fHuY*C'}</msg>
<arg>${payload}</arg>
<doc>Makes a variable available globally in all tests and suites.</doc>
<status status="PASS" start="2026-04-07T17:31:10.935644" elapsed="0.001260"/>
</kw>
<kw name="POST Endpoint /login" owner="login_keywords">
<kw name="POST On Session" owner="RequestsLibrary">
<msg time="2026-04-07T17:31:10.985732" level="INFO">POST Request : url=http://localhost:3000/login 
 path_url=/login 
 headers={'User-Agent': 'python-requests/2.33.1', 'Accept-Encoding': 'gzip, deflate', 'Accept': '*/*', 'Connection': 'keep-alive', 'Content-Length': '63', 'Content-Type': 'application/json'} 
 body=b'{"email": "nicholsrenee@example.net", "password": "dh#9fHuY*C"}' 
 </msg>
<msg time="2026-04-07T17:31:10.985945" level="INFO">POST Response : url=http://localhost:3000/login 
 status=200, reason=OK 
 headers={'Access-Control-Allow-Origin': '*', 'x-dns-prefetch-control': 'off', 'x-frame-options': 'SAMEORIGIN', 'strict-transport-security': 'max-age=15552000; includeSubDomains', 'x-download-options': 'noopen', 'x-content-type-options': 'nosniff', 'x-xss-protection': '1; mode=block', 'Content-Type': 'application/json; charset=utf-8', 'Content-Length': '287', 'Date': 'Tue, 07 Apr 2026 20:31:10 GMT', 'Connection': 'keep-alive', 'Keep-Alive': 'timeout=5'} 
 body={
    "message": "Login realizado com sucesso",
    "authorization": "Bearer eyJhbGciOiJIUzI1NiIsInR5cCI6IkpXVCJ9.eyJlbWFpbCI6Im5pY2hvbHNyZW5lZUBleGFtcGxlLm5ldCIsInBhc3N3b3JkIjoiZGgjOWZIdVkqQyIsImlhdCI6MTc3NTU5Mzg3MCwiZXhwIjoxNzc1NTk0NDcwfQ.SmKUAnMaw6X_cgOpaumwv5pOzqzaNKAL30yBG7_Gp8M"
} 
 </msg>
<msg time="2026-04-07T17:31:10.986166" level="INFO">${response} = &lt;Response [200]&gt;</msg>
<var>${response}</var>
<arg>serverest</arg>
<arg>/login</arg>
<arg>json=&amp;{payload}</arg>
<arg>expected_status=anything</arg>
<doc>Sends a POST request on a previously created HTTP Session.</doc>
<status status="PASS" start="2026-04-07T17:31:10.938157" elapsed="0.048057"/>
</kw>
<if>
<branch type="IF" condition="${response.status_code} == 200">
<kw name="Set Variable" owner="BuiltIn">
<msg time="2026-04-07T17:31:10.988667" level="INFO">${token_auth} = Bearer eyJhbGciOiJIUzI1NiIsInR5cCI6IkpXVCJ9.eyJlbWFpbCI6Im5pY2hvbHNyZW5lZUBleGFtcGxlLm5ldCIsInBhc3N3b3JkIjoiZGgjOWZIdVkqQyIsImlhdCI6MTc3NTU5Mzg3MCwiZXhwIjoxNzc1NTk0NDcwfQ.SmKUAnMaw6X_cgOpaumwv5pOzqzaN...</msg>
<var>${token_auth}</var>
<arg>${response.json()["authorization"]}</arg>
<doc>Returns the given values which can then be assigned to a variables.</doc>
<status status="PASS" start="2026-04-07T17:31:10.987487" elapsed="0.001242"/>
</kw>
<kw name="Set Global Variable" owner="BuiltIn">
<msg time="2026-04-07T17:31:10.999238" level="INFO">${token_auth} = Bearer eyJhbGciOiJIUzI1NiIsInR5cCI6IkpXVCJ9.eyJlbWFpbCI6Im5pY2hvbHNyZW5lZUBleGFtcGxlLm5ldCIsInBhc3N3b3JkIjoiZGgjOWZIdVkqQyIsImlhdCI6MTc3NTU5Mzg3MCwiZXhwIjoxNzc1NTk0NDcwfQ.SmKUAnMaw6X_cgOpaumwv5pOzqzaN...</msg>
<arg>${token_auth}</arg>
<doc>Makes a variable available globally in all tests and suites.</doc>
<status status="PASS" start="2026-04-07T17:31:10.989018" elapsed="0.010401"/>
</kw>
<status status="PASS" start="2026-04-07T17:31:10.986434" elapsed="0.013098"/>
</branch>
<status status="PASS" start="2026-04-07T17:31:10.986379" elapsed="0.013228"/>
</if>
<kw name="Set Global Variable" owner="BuiltIn">
<msg time="2026-04-07T17:31:11.000681" level="INFO">${response} = &lt;Response [200]&gt;</msg>
<arg>${response}</arg>
<doc>Makes a variable available globally in all tests and suites.</doc>
<status status="PASS" start="2026-04-07T17:31:10.999894" elapsed="0.000928"/>
</kw>
<status status="PASS" start="2026-04-07T17:31:10.937496" elapsed="0.063468"/>
</kw>
<status status="PASS" start="2026-04-07T17:31:10.880124" elapsed="0.120910"/>
</kw>
<kw name="POST Cadastro Carrinho Estatico Valido" owner="carrinhos_keywords">
<kw name="Importar Json Estatico" owner="common">
<kw name="Get File" owner="OperatingSystem">
<msg time="2026-04-07T17:31:11.003375" level="INFO" html="true">Getting file '&lt;a href="file://D:\projetos\serverest_robot_framework\support\fixtures\estatic\massa_carrinho.json"&gt;D:\projetos\serverest_robot_framework\support\fixtures\estatic\massa_carrinho.json&lt;/a&gt;'.</msg>
<msg time="2026-04-07T17:31:11.022573" level="INFO">${arquivo} = {"carrinhos_valido": {

    "produtos": [
        {
            "idProduto": "BeeJh5lz3k6kSIzA",
            "quantidade": 2
            
        }
    ]

},
"carrinhos_produto_repetido": {

    "prod...</msg>
<var>${arquivo}</var>
<arg>${EXECDIR}/support/fixtures/estatic/${nome_arquivo}</arg>
<doc>Returns the contents of a specified file.</doc>
<status status="PASS" start="2026-04-07T17:31:11.003039" elapsed="0.019633"/>
</kw>
<kw name="Evaluate" owner="BuiltIn">
<msg time="2026-04-07T17:31:11.024242" level="INFO">${data} = {'carrinhos_valido': {'produtos': [{'idProduto': 'BeeJh5lz3k6kSIzA', 'quantidade': 2}]}, 'carrinhos_produto_repetido': {'produtos': [{'idProduto': 'BeeJh5lz3k6kSIzA', 'quantidade': 2}, {'idProduto': '...</msg>
<var>${data}</var>
<arg>json.loads('''${arquivo}''')</arg>
<arg>json</arg>
<doc>Evaluates the given expression in Python and returns the result.</doc>
<status status="PASS" start="2026-04-07T17:31:11.023075" elapsed="0.001264"/>
</kw>
<return>
<value>${data}</value>
<status status="PASS" start="2026-04-07T17:31:11.024497" elapsed="0.000128"/>
</return>
<msg time="2026-04-07T17:31:11.025107" level="INFO">${json} = {'carrinhos_valido': {'produtos': [{'idProduto': 'BeeJh5lz3k6kSIzA', 'quantidade': 2}]}, 'carrinhos_produto_repetido': {'produtos': [{'idProduto': 'BeeJh5lz3k6kSIzA', 'quantidade': 2}, {'idProduto': '...</msg>
<var>${json}</var>
<arg>massa_carrinho.json</arg>
<status status="PASS" start="2026-04-07T17:31:11.002439" elapsed="0.022744"/>
</kw>
<kw name="Set Variable" owner="BuiltIn">
<msg time="2026-04-07T17:31:11.027279" level="INFO">${payload} = {'produtos': [{'idProduto': 'BeeJh5lz3k6kSIzA', 'quantidade': 2}]}</msg>
<var>${payload}</var>
<arg>${json["carrinhos_valido"]}</arg>
<doc>Returns the given values which can then be assigned to a variables.</doc>
<status status="PASS" start="2026-04-07T17:31:11.025567" elapsed="0.001800"/>
</kw>
<kw name="Set Global Variable" owner="BuiltIn">
<msg time="2026-04-07T17:31:11.028769" level="INFO">${payload} = {'produtos': [{'idProduto': 'BeeJh5lz3k6kSIzA', 'quantidade': 2}]}</msg>
<arg>${payload}</arg>
<doc>Makes a variable available globally in all tests and suites.</doc>
<status status="PASS" start="2026-04-07T17:31:11.027765" elapsed="0.001166"/>
</kw>
<kw name="POST Endpoint Carrinho" owner="carrinhos_keywords">
<kw name="Create Dictionary" owner="BuiltIn">
<msg time="2026-04-07T17:31:11.031358" level="INFO">${header} = {'Authorization': 'Bearer eyJhbGciOiJIUzI1NiIsInR5cCI6IkpXVCJ9.eyJlbWFpbCI6Im5pY2hvbHNyZW5lZUBleGFtcGxlLm5ldCIsInBhc3N3b3JkIjoiZGgjOWZIdVkqQyIsImlhdCI6MTc3NTU5Mzg3MCwiZXhwIjoxNzc1NTk0NDcwfQ.SmKUAnMaw6...</msg>
<var>${header}</var>
<arg>Authorization=${token_auth}</arg>
<doc>Creates and returns a dictionary based on the given ``items``.</doc>
<status status="PASS" start="2026-04-07T17:31:11.030352" elapsed="0.001093"/>
</kw>
<kw name="POST On Session" owner="RequestsLibrary">
<msg time="2026-04-07T17:31:11.084685" level="INFO">POST Request : url=http://localhost:3000/carrinhos 
 path_url=/carrinhos 
 headers={'User-Agent': 'python-requests/2.33.1', 'Accept-Encoding': 'gzip, deflate', 'Accept': '*/*', 'Connection': 'keep-alive', 'Authorization': 'Bearer eyJhbGciOiJIUzI1NiIsInR5cCI6IkpXVCJ9.eyJlbWFpbCI6Im5pY2hvbHNyZW5lZUBleGFtcGxlLm5ldCIsInBhc3N3b3JkIjoiZGgjOWZIdVkqQyIsImlhdCI6MTc3NTU5Mzg3MCwiZXhwIjoxNzc1NTk0NDcwfQ.SmKUAnMaw6X_cgOpaumwv5pOzqzaNKAL30yBG7_Gp8M', 'Content-Length': '66', 'Content-Type': 'application/json'} 
 body=b'{"produtos": [{"idProduto": "BeeJh5lz3k6kSIzA", "quantidade": 2}]}' 
 </msg>
<msg time="2026-04-07T17:31:11.084934" level="INFO">POST Response : url=http://localhost:3000/carrinhos 
 status=201, reason=Created 
 headers={'Access-Control-Allow-Origin': '*', 'x-dns-prefetch-control': 'off', 'x-frame-options': 'SAMEORIGIN', 'strict-transport-security': 'max-age=15552000; includeSubDomains', 'x-download-options': 'noopen', 'x-content-type-options': 'nosniff', 'x-xss-protection': '1; mode=block', 'Content-Type': 'application/json; charset=utf-8', 'Content-Length': '82', 'Date': 'Tue, 07 Apr 2026 20:31:11 GMT', 'Connection': 'keep-alive', 'Keep-Alive': 'timeout=5'} 
 body={
    "message": "Cadastro realizado com sucesso",
    "_id": "1w961McTRwU8HCK4"
} 
 </msg>
<msg time="2026-04-07T17:31:11.085326" level="INFO">${response} = &lt;Response [201]&gt;</msg>
<var>${response}</var>
<arg>serverest</arg>
<arg>/carrinhos</arg>
<arg>json=${payload}</arg>
<arg>headers=${header}</arg>
<arg>expected_status=anything</arg>
<doc>Sends a POST request on a previously created HTTP Session.</doc>
<status status="PASS" start="2026-04-07T17:31:11.031793" elapsed="0.053655"/>
</kw>
<kw name="Set Global Variable" owner="BuiltIn">
<msg time="2026-04-07T17:31:11.087079" level="INFO">${response} = &lt;Response [201]&gt;</msg>
<arg>${response}</arg>
<doc>Makes a variable available globally in all tests and suites.</doc>
<status status="PASS" start="2026-04-07T17:31:11.085998" elapsed="0.001218"/>
</kw>
<if>
<branch type="IF" condition="${response.status_code} == 201">
<kw name="Set Variable" owner="BuiltIn">
<msg time="2026-04-07T17:31:11.089855" level="INFO">${carrinho_id} = 1w961McTRwU8HCK4</msg>
<var>${carrinho_id}</var>
<arg>${response.json()["_id"]}</arg>
<doc>Returns the given values which can then be assigned to a variables.</doc>
<status status="PASS" start="2026-04-07T17:31:11.088503" elapsed="0.001412"/>
</kw>
<kw name="Set Global Variable" owner="BuiltIn">
<msg time="2026-04-07T17:31:11.090892" level="INFO">${carrinho_id} = 1w961McTRwU8HCK4</msg>
<arg>${carrinho_id}</arg>
<doc>Makes a variable available globally in all tests and suites.</doc>
<status status="PASS" start="2026-04-07T17:31:11.090213" elapsed="0.000766"/>
</kw>
<status status="PASS" start="2026-04-07T17:31:11.087450" elapsed="0.003601"/>
</branch>
<status status="PASS" start="2026-04-07T17:31:11.087393" elapsed="0.003720"/>
</if>
<status status="PASS" start="2026-04-07T17:31:11.029602" elapsed="0.061603"/>
</kw>
<status status="PASS" start="2026-04-07T17:31:11.001618" elapsed="0.089659"/>
</kw>
<kw name="Imprimir Carrinho Response.Content" owner="carrinhos_keywords">
<if>
<branch type="IF" condition="${response.status_code} == 200 or ${response.status_code} == 201">
<kw name="Log To Console" owner="BuiltIn">
<arg>${yellow}Resposta para Cadastro de Carrino:${yellow} ${green}${response.content}${green}</arg>
<doc>Logs the given message to the console.</doc>
<status status="PASS" start="2026-04-07T17:31:11.094157" elapsed="0.001848"/>
</kw>
<status status="PASS" start="2026-04-07T17:31:11.092664" elapsed="0.003507"/>
</branch>
<branch type="ELSE">
<kw name="Log To Console" owner="BuiltIn">
<arg>${yellow}Resposta para Cadastro de Carrinho:${yellow} ${red}${response.content}${red}</arg>
<doc>Logs the given message to the console.</doc>
<status status="NOT RUN" start="2026-04-07T17:31:11.096615" elapsed="0.000050"/>
</kw>
<status status="NOT RUN" start="2026-04-07T17:31:11.096268" elapsed="0.000470"/>
</branch>
<status status="PASS" start="2026-04-07T17:31:11.092611" elapsed="0.004171"/>
</if>
<status status="PASS" start="2026-04-07T17:31:11.092043" elapsed="0.004897"/>
</kw>
<kw name="Resposta Carrinho Cadastrado" owner="carrinhos_keywords">
<kw name="Should Contain" owner="BuiltIn">
<arg>${response.json()["message"]}</arg>
<arg>Cadastro realizado com sucesso</arg>
<doc>Fails if ``container`` does not contain ``item`` one or more times.</doc>
<status status="PASS" start="2026-04-07T17:31:11.098018" elapsed="0.001659"/>
</kw>
<kw name="Should Not Be Empty" owner="BuiltIn">
<msg time="2026-04-07T17:31:11.101128" level="INFO">Length is 16.</msg>
<arg>${response.json()["_id"]}</arg>
<doc>Verifies that the given item is not empty.</doc>
<status status="PASS" start="2026-04-07T17:31:11.099977" elapsed="0.001259"/>
</kw>
<status status="PASS" start="2026-04-07T17:31:11.097459" elapsed="0.003904"/>
</kw>
<kw name="validar Status Code &quot;201&quot;" owner="common" source_name="validar Status Code &quot;${statuscode}&quot;">
<kw name="Should Be True" owner="BuiltIn">
<arg>${response.status_code} == ${status_code}</arg>
<doc>Fails if the given condition is not true.</doc>
<status status="PASS" start="2026-04-07T17:31:11.103091" elapsed="0.002811"/>
</kw>
<if>
<branch type="IF" condition="${response.status_code} == 200 or ${response.status_code} == 201">
<kw name="Log To Console" owner="BuiltIn">
<arg>${yellow}Status Code Retornado:${yellow} ${green}${response.status_code}${green}</arg>
<doc>Logs the given message to the console.</doc>
<status status="PASS" start="2026-04-07T17:31:11.108550" elapsed="0.002471"/>
</kw>
<status status="PASS" start="2026-04-07T17:31:11.106202" elapsed="0.004947"/>
</branch>
<branch type="ELSE">
<kw name="Log To Console" owner="BuiltIn">
<arg>${yellow}Status Code Retornado:${yellow} ${red}${response.status_code}${red}</arg>
<doc>Logs the given message to the console.</doc>
<status status="NOT RUN" start="2026-04-07T17:31:11.111570" elapsed="0.000067"/>
</kw>
<status status="NOT RUN" start="2026-04-07T17:31:11.111214" elapsed="0.000513"/>
</branch>
<status status="PASS" start="2026-04-07T17:31:11.106132" elapsed="0.005656"/>
</if>
<status status="PASS" start="2026-04-07T17:31:11.102015" elapsed="0.009899"/>
</kw>
<kw name="DELETE Endpoint /carrinhos Cancelar Compra" owner="carrinhos_keywords">
<kw name="Create Dictionary" owner="BuiltIn">
<msg time="2026-04-07T17:31:11.114552" level="INFO">${header} = {'Authorization': 'Bearer eyJhbGciOiJIUzI1NiIsInR5cCI6IkpXVCJ9.eyJlbWFpbCI6Im5pY2hvbHNyZW5lZUBleGFtcGxlLm5ldCIsInBhc3N3b3JkIjoiZGgjOWZIdVkqQyIsImlhdCI6MTc3NTU5Mzg3MCwiZXhwIjoxNzc1NTk0NDcwfQ.SmKUAnMaw6...</msg>
<var>${header}</var>
<arg>Authorization=${token_auth}</arg>
<doc>Creates and returns a dictionary based on the given ``items``.</doc>
<status status="PASS" start="2026-04-07T17:31:11.113540" elapsed="0.001118"/>
</kw>
<kw name="DELETE On Session" owner="RequestsLibrary">
<msg time="2026-04-07T17:31:11.131193" level="INFO">DELETE Request : url=http://localhost:3000/carrinhos/cancelar-compra 
 path_url=/carrinhos/cancelar-compra 
 headers={'User-Agent': 'python-requests/2.33.1', 'Accept-Encoding': 'gzip, deflate', 'Accept': '*/*', 'Connection': 'keep-alive', 'Authorization': 'Bearer eyJhbGciOiJIUzI1NiIsInR5cCI6IkpXVCJ9.eyJlbWFpbCI6Im5pY2hvbHNyZW5lZUBleGFtcGxlLm5ldCIsInBhc3N3b3JkIjoiZGgjOWZIdVkqQyIsImlhdCI6MTc3NTU5Mzg3MCwiZXhwIjoxNzc1NTk0NDcwfQ.SmKUAnMaw6X_cgOpaumwv5pOzqzaNKAL30yBG7_Gp8M', 'Content-Length': '0'} 
 body=None 
 </msg>
<msg time="2026-04-07T17:31:11.131429" level="INFO">DELETE Response : url=http://localhost:3000/carrinhos/cancelar-compra 
 status=200, reason=OK 
 headers={'Access-Control-Allow-Origin': '*', 'x-dns-prefetch-control': 'off', 'x-frame-options': 'SAMEORIGIN', 'strict-transport-security': 'max-age=15552000; includeSubDomains', 'x-download-options': 'noopen', 'x-content-type-options': 'nosniff', 'x-xss-protection': '1; mode=block', 'Content-Type': 'application/json; charset=utf-8', 'Content-Length': '86', 'Date': 'Tue, 07 Apr 2026 20:31:11 GMT', 'Connection': 'keep-alive', 'Keep-Alive': 'timeout=5'} 
 body={
    "message": "Registro excluído com sucesso. Estoque dos produtos reabastecido"
} 
 </msg>
<msg time="2026-04-07T17:31:11.131762" level="INFO">${response} = &lt;Response [200]&gt;</msg>
<var>${response}</var>
<arg>serverest</arg>
<arg>/carrinhos/cancelar-compra</arg>
<arg>headers=${header}</arg>
<arg>expected_status=anything</arg>
<doc>Sends a DELETE request on a previously created HTTP Session.</doc>
<status status="PASS" start="2026-04-07T17:31:11.115050" elapsed="0.016853"/>
</kw>
<kw name="Set Global Variable" owner="BuiltIn">
<msg time="2026-04-07T17:31:11.133932" level="INFO">${response} = &lt;Response [200]&gt;</msg>
<arg>${response}</arg>
<doc>Makes a variable available globally in all tests and suites.</doc>
<status status="PASS" start="2026-04-07T17:31:11.132674" elapsed="0.001447"/>
</kw>
<status status="PASS" start="2026-04-07T17:31:11.112621" elapsed="0.021708"/>
</kw>
<kw name="Imprimir Delete Carrinhos Response.Content" owner="carrinhos_keywords">
<kw name="Log To Console" owner="BuiltIn">
<arg>${yellow}Resposta para Carrinho Deletado:${yellow} ${red}${response.content}${red}</arg>
<doc>Logs the given message to the console.</doc>
<status status="PASS" start="2026-04-07T17:31:11.135966" elapsed="0.002723"/>
</kw>
<status status="PASS" start="2026-04-07T17:31:11.135101" elapsed="0.003774"/>
</kw>
<tag>POST_CARRINHO</tag>
<status status="PASS" start="2026-04-07T17:31:10.869460" elapsed="0.270094"/>
</test>
<test id="s1-s1-t2" name="Cenario: POST Carrinho Produto Duplicado 400" line="28">
<kw name="Iniciar cores de resposta" owner="common">
<kw name="Evaluate" owner="BuiltIn">
<msg time="2026-04-07T17:31:11.143892" level="INFO">${red} = [31m</msg>
<var>${red}</var>
<arg>${RED}</arg>
<doc>Evaluates the given expression in Python and returns the result.</doc>
<status status="PASS" start="2026-04-07T17:31:11.143121" elapsed="0.000832"/>
</kw>
<kw name="Set Test Variable" owner="BuiltIn">
<msg time="2026-04-07T17:31:11.144793" level="INFO">${red} = [31m</msg>
<arg>${red}</arg>
<doc>Makes a variable available everywhere within the scope of the current test.</doc>
<status status="PASS" start="2026-04-07T17:31:11.144223" elapsed="0.000704"/>
</kw>
<kw name="Evaluate" owner="BuiltIn">
<msg time="2026-04-07T17:31:11.146107" level="INFO">${yellow} = [33m</msg>
<var>${yellow}</var>
<arg>${YELLOW}</arg>
<doc>Evaluates the given expression in Python and returns the result.</doc>
<status status="PASS" start="2026-04-07T17:31:11.145282" elapsed="0.000910"/>
</kw>
<kw name="Set Test Variable" owner="BuiltIn">
<msg time="2026-04-07T17:31:11.147272" level="INFO">${yellow} = [33m</msg>
<arg>${yellow}</arg>
<doc>Makes a variable available everywhere within the scope of the current test.</doc>
<status status="PASS" start="2026-04-07T17:31:11.146549" elapsed="0.000882"/>
</kw>
<kw name="Evaluate" owner="BuiltIn">
<msg time="2026-04-07T17:31:11.148658" level="INFO">${green} = [32m</msg>
<var>${green}</var>
<arg>${GREEN}</arg>
<doc>Evaluates the given expression in Python and returns the result.</doc>
<status status="PASS" start="2026-04-07T17:31:11.147774" elapsed="0.000979"/>
</kw>
<kw name="Set Test Variable" owner="BuiltIn">
<msg time="2026-04-07T17:31:11.149825" level="INFO">${green} = [32m</msg>
<arg>${green}</arg>
<doc>Makes a variable available everywhere within the scope of the current test.</doc>
<status status="PASS" start="2026-04-07T17:31:11.149104" elapsed="0.000849"/>
</kw>
<status status="PASS" start="2026-04-07T17:31:11.142256" elapsed="0.007866"/>
</kw>
<kw name="POST Login Valido Usando FUNCAO" owner="login_keywords">
<kw name="Login Padrao" owner="library_python">
<msg time="2026-04-07T17:31:11.165257" level="INFO">${json} = {'email': 'nicholsrenee@example.net', 'password': 'dh#9fHuY*C'}</msg>
<var>${json}</var>
<status status="PASS" start="2026-04-07T17:31:11.152269" elapsed="0.013127"/>
</kw>
<kw name="Set Variable" owner="BuiltIn">
<msg time="2026-04-07T17:31:11.167148" level="INFO">${payload} = {'email': 'nicholsrenee@example.net', 'password': 'dh#9fHuY*C'}</msg>
<var>${payload}</var>
<arg>${json}</arg>
<doc>Returns the given values which can then be assigned to a variables.</doc>
<status status="PASS" start="2026-04-07T17:31:11.165894" elapsed="0.001358"/>
</kw>
<kw name="Set Global Variable" owner="BuiltIn">
<msg time="2026-04-07T17:31:11.168688" level="INFO">${payload} = {'email': 'nicholsrenee@example.net', 'password': 'dh#9fHuY*C'}</msg>
<arg>${payload}</arg>
<doc>Makes a variable available globally in all tests and suites.</doc>
<status status="PASS" start="2026-04-07T17:31:11.167719" elapsed="0.001101"/>
</kw>
<kw name="POST Endpoint /login" owner="login_keywords">
<kw name="POST On Session" owner="RequestsLibrary">
<msg time="2026-04-07T17:31:11.184070" level="INFO">POST Request : url=http://localhost:3000/login 
 path_url=/login 
 headers={'User-Agent': 'python-requests/2.33.1', 'Accept-Encoding': 'gzip, deflate', 'Accept': '*/*', 'Connection': 'keep-alive', 'Content-Length': '63', 'Content-Type': 'application/json'} 
 body=b'{"email": "nicholsrenee@example.net", "password": "dh#9fHuY*C"}' 
 </msg>
<msg time="2026-04-07T17:31:11.184493" level="INFO">POST Response : url=http://localhost:3000/login 
 status=200, reason=OK 
 headers={'Access-Control-Allow-Origin': '*', 'x-dns-prefetch-control': 'off', 'x-frame-options': 'SAMEORIGIN', 'strict-transport-security': 'max-age=15552000; includeSubDomains', 'x-download-options': 'noopen', 'x-content-type-options': 'nosniff', 'x-xss-protection': '1; mode=block', 'Content-Type': 'application/json; charset=utf-8', 'Content-Length': '287', 'Date': 'Tue, 07 Apr 2026 20:31:11 GMT', 'Connection': 'keep-alive', 'Keep-Alive': 'timeout=5'} 
 body={
    "message": "Login realizado com sucesso",
    "authorization": "Bearer eyJhbGciOiJIUzI1NiIsInR5cCI6IkpXVCJ9.eyJlbWFpbCI6Im5pY2hvbHNyZW5lZUBleGFtcGxlLm5ldCIsInBhc3N3b3JkIjoiZGgjOWZIdVkqQyIsImlhdCI6MTc3NTU5Mzg3MSwiZXhwIjoxNzc1NTk0NDcxfQ.RzOns4weoPdK2Sw1Zmn91D5ZBCOxy1fvEIsEiVzPbbU"
} 
 </msg>
<msg time="2026-04-07T17:31:11.184838" level="INFO">${response} = &lt;Response [200]&gt;</msg>
<var>${response}</var>
<arg>serverest</arg>
<arg>/login</arg>
<arg>json=&amp;{payload}</arg>
<arg>expected_status=anything</arg>
<doc>Sends a POST request on a previously created HTTP Session.</doc>
<status status="PASS" start="2026-04-07T17:31:11.170575" elapsed="0.014342"/>
</kw>
<if>
<branch type="IF" condition="${response.status_code} == 200">
<kw name="Set Variable" owner="BuiltIn">
<msg time="2026-04-07T17:31:11.188774" level="INFO">${token_auth} = Bearer eyJhbGciOiJIUzI1NiIsInR5cCI6IkpXVCJ9.eyJlbWFpbCI6Im5pY2hvbHNyZW5lZUBleGFtcGxlLm5ldCIsInBhc3N3b3JkIjoiZGgjOWZIdVkqQyIsImlhdCI6MTc3NTU5Mzg3MSwiZXhwIjoxNzc1NTk0NDcxfQ.RzOns4weoPdK2Sw1Zmn91D5ZBCOxy...</msg>
<var>${token_auth}</var>
<arg>${response.json()["authorization"]}</arg>
<doc>Returns the given values which can then be assigned to a variables.</doc>
<status status="PASS" start="2026-04-07T17:31:11.186813" elapsed="0.002482"/>
</kw>
<kw name="Set Global Variable" owner="BuiltIn">
<msg time="2026-04-07T17:31:11.191533" level="INFO">${token_auth} = Bearer eyJhbGciOiJIUzI1NiIsInR5cCI6IkpXVCJ9.eyJlbWFpbCI6Im5pY2hvbHNyZW5lZUBleGFtcGxlLm5ldCIsInBhc3N3b3JkIjoiZGgjOWZIdVkqQyIsImlhdCI6MTc3NTU5Mzg3MSwiZXhwIjoxNzc1NTk0NDcxfQ.RzOns4weoPdK2Sw1Zmn91D5ZBCOxy...</msg>
<arg>${token_auth}</arg>
<doc>Makes a variable available globally in all tests and suites.</doc>
<status status="PASS" start="2026-04-07T17:31:11.190081" elapsed="0.001664"/>
</kw>
<status status="PASS" start="2026-04-07T17:31:11.185223" elapsed="0.006644"/>
</branch>
<status status="PASS" start="2026-04-07T17:31:11.185145" elapsed="0.006800"/>
</if>
<kw name="Set Global Variable" owner="BuiltIn">
<msg time="2026-04-07T17:31:11.193327" level="INFO">${response} = &lt;Response [200]&gt;</msg>
<arg>${response}</arg>
<doc>Makes a variable available globally in all tests and suites.</doc>
<status status="PASS" start="2026-04-07T17:31:11.192335" elapsed="0.001144"/>
</kw>
<status status="PASS" start="2026-04-07T17:31:11.169637" elapsed="0.024010"/>
</kw>
<status status="PASS" start="2026-04-07T17:31:11.151234" elapsed="0.042530"/>
</kw>
<kw name="POST Cadastro Carrinho Produto Repetido" owner="carrinhos_keywords">
<kw name="Importar Json Estatico" owner="common">
<kw name="Get File" owner="OperatingSystem">
<msg time="2026-04-07T17:31:11.197689" level="INFO" html="true">Getting file '&lt;a href="file://D:\projetos\serverest_robot_framework\support\fixtures\estatic\massa_carrinho.json"&gt;D:\projetos\serverest_robot_framework\support\fixtures\estatic\massa_carrinho.json&lt;/a&gt;'.</msg>
<msg time="2026-04-07T17:31:11.198570" level="INFO">${arquivo} = {"carrinhos_valido": {

    "produtos": [
        {
            "idProduto": "BeeJh5lz3k6kSIzA",
            "quantidade": 2
            
        }
    ]

},
"carrinhos_produto_repetido": {

    "prod...</msg>
<var>${arquivo}</var>
<arg>${EXECDIR}/support/fixtures/estatic/${nome_arquivo}</arg>
<doc>Returns the contents of a specified file.</doc>
<status status="PASS" start="2026-04-07T17:31:11.197162" elapsed="0.001526"/>
</kw>
<kw name="Evaluate" owner="BuiltIn">
<msg time="2026-04-07T17:31:11.201315" level="INFO">${data} = {'carrinhos_valido': {'produtos': [{'idProduto': 'BeeJh5lz3k6kSIzA', 'quantidade': 2}]}, 'carrinhos_produto_repetido': {'produtos': [{'idProduto': 'BeeJh5lz3k6kSIzA', 'quantidade': 2}, {'idProduto': '...</msg>
<var>${data}</var>
<arg>json.loads('''${arquivo}''')</arg>
<arg>json</arg>
<doc>Evaluates the given expression in Python and returns the result.</doc>
<status status="PASS" start="2026-04-07T17:31:11.199220" elapsed="0.002180"/>
</kw>
<return>
<value>${data}</value>
<status status="PASS" start="2026-04-07T17:31:11.201551" elapsed="0.000108"/>
</return>
<msg time="2026-04-07T17:31:11.202001" level="INFO">${json} = {'carrinhos_valido': {'produtos': [{'idProduto': 'BeeJh5lz3k6kSIzA', 'quantidade': 2}]}, 'carrinhos_produto_repetido': {'produtos': [{'idProduto': 'BeeJh5lz3k6kSIzA', 'quantidade': 2}, {'idProduto': '...</msg>
<var>${json}</var>
<arg>massa_carrinho.json</arg>
<status status="PASS" start="2026-04-07T17:31:11.196056" elapsed="0.005992"/>
</kw>
<kw name="Set Variable" owner="BuiltIn">
<msg time="2026-04-07T17:31:11.203890" level="INFO">${payload} = {'produtos': [{'idProduto': 'BeeJh5lz3k6kSIzA', 'quantidade': 2}, {'idProduto': 'BeeJh5lz3k6kSIzA', 'quantidade': 2}]}</msg>
<var>${payload}</var>
<arg>${json["carrinhos_produto_repetido"]}</arg>
<doc>Returns the given values which can then be assigned to a variables.</doc>
<status status="PASS" start="2026-04-07T17:31:11.202291" elapsed="0.001693"/>
</kw>
<kw name="Set Global Variable" owner="BuiltIn">
<msg time="2026-04-07T17:31:11.205364" level="INFO">${payload} = {'produtos': [{'idProduto': 'BeeJh5lz3k6kSIzA', 'quantidade': 2}, {'idProduto': 'BeeJh5lz3k6kSIzA', 'quantidade': 2}]}</msg>
<arg>${payload}</arg>
<doc>Makes a variable available globally in all tests and suites.</doc>
<status status="PASS" start="2026-04-07T17:31:11.204431" elapsed="0.001115"/>
</kw>
<kw name="POST Endpoint Carrinho" owner="carrinhos_keywords">
<kw name="Create Dictionary" owner="BuiltIn">
<msg time="2026-04-07T17:31:11.209515" level="INFO">${header} = {'Authorization': 'Bearer eyJhbGciOiJIUzI1NiIsInR5cCI6IkpXVCJ9.eyJlbWFpbCI6Im5pY2hvbHNyZW5lZUBleGFtcGxlLm5ldCIsInBhc3N3b3JkIjoiZGgjOWZIdVkqQyIsImlhdCI6MTc3NTU5Mzg3MSwiZXhwIjoxNzc1NTk0NDcxfQ.RzOns4weoP...</msg>
<var>${header}</var>
<arg>Authorization=${token_auth}</arg>
<doc>Creates and returns a dictionary based on the given ``items``.</doc>
<status status="PASS" start="2026-04-07T17:31:11.208179" elapsed="0.001460"/>
</kw>
<kw name="POST On Session" owner="RequestsLibrary">
<msg time="2026-04-07T17:31:11.224818" level="INFO">POST Request : url=http://localhost:3000/carrinhos 
 path_url=/carrinhos 
 headers={'User-Agent': 'python-requests/2.33.1', 'Accept-Encoding': 'gzip, deflate', 'Accept': '*/*', 'Connection': 'keep-alive', 'Authorization': 'Bearer eyJhbGciOiJIUzI1NiIsInR5cCI6IkpXVCJ9.eyJlbWFpbCI6Im5pY2hvbHNyZW5lZUBleGFtcGxlLm5ldCIsInBhc3N3b3JkIjoiZGgjOWZIdVkqQyIsImlhdCI6MTc3NTU5Mzg3MSwiZXhwIjoxNzc1NTk0NDcxfQ.RzOns4weoPdK2Sw1Zmn91D5ZBCOxy1fvEIsEiVzPbbU', 'Content-Length': '118', 'Content-Type': 'application/json'} 
 body=b'{"produtos": [{"idProduto": "BeeJh5lz3k6kSIzA", "quantidade": 2}, {"idProduto": "BeeJh5lz3k6kSIzA", "quantidade": 2}]}' 
 </msg>
<msg time="2026-04-07T17:31:11.225020" level="INFO">POST Response : url=http://localhost:3000/carrinhos 
 status=400, reason=Bad Request 
 headers={'Access-Control-Allow-Origin': '*', 'x-dns-prefetch-control': 'off', 'x-frame-options': 'SAMEORIGIN', 'strict-transport-security': 'max-age=15552000; includeSubDomains', 'x-download-options': 'noopen', 'x-content-type-options': 'nosniff', 'x-xss-protection': '1; mode=block', 'Content-Type': 'application/json; charset=utf-8', 'Content-Length': '128', 'Date': 'Tue, 07 Apr 2026 20:31:11 GMT', 'Connection': 'keep-alive', 'Keep-Alive': 'timeout=5'} 
 body={
    "message": "Não é permitido possuir produto duplicado",
    "idProdutosDuplicados": [
        "BeeJh5lz3k6kSIzA"
    ]
} 
 </msg>
<msg time="2026-04-07T17:31:11.225403" level="INFO">${response} = &lt;Response [400]&gt;</msg>
<var>${response}</var>
<arg>serverest</arg>
<arg>/carrinhos</arg>
<arg>json=${payload}</arg>
<arg>headers=${header}</arg>
<arg>expected_status=anything</arg>
<doc>Sends a POST request on a previously created HTTP Session.</doc>
<status status="PASS" start="2026-04-07T17:31:11.210128" elapsed="0.015659"/>
</kw>
<kw name="Set Global Variable" owner="BuiltIn">
<msg time="2026-04-07T17:31:11.227223" level="INFO">${response} = &lt;Response [400]&gt;</msg>
<arg>${response}</arg>
<doc>Makes a variable available globally in all tests and suites.</doc>
<status status="PASS" start="2026-04-07T17:31:11.226235" elapsed="0.001109"/>
</kw>
<if>
<branch type="IF" condition="${response.status_code} == 201">
<kw name="Set Variable" owner="BuiltIn">
<var>${carrinho_id}</var>
<arg>${response.json()["_id"]}</arg>
<doc>Returns the given values which can then be assigned to a variables.</doc>
<status status="NOT RUN" start="2026-04-07T17:31:11.229619" elapsed="0.000120"/>
</kw>
<kw name="Set Global Variable" owner="BuiltIn">
<arg>${carrinho_id}</arg>
<doc>Makes a variable available globally in all tests and suites.</doc>
<status status="NOT RUN" start="2026-04-07T17:31:11.230233" elapsed="0.000116"/>
</kw>
<status status="NOT RUN" start="2026-04-07T17:31:11.227562" elapsed="0.003113"/>
</branch>
<status status="PASS" start="2026-04-07T17:31:11.227486" elapsed="0.003317"/>
</if>
<status status="PASS" start="2026-04-07T17:31:11.207072" elapsed="0.023898"/>
</kw>
<status status="PASS" start="2026-04-07T17:31:11.194997" elapsed="0.036108"/>
</kw>
<kw name="Imprimir Carrinho Response.Content" owner="carrinhos_keywords">
<if>
<branch type="IF" condition="${response.status_code} == 200 or ${response.status_code} == 201">
<kw name="Log To Console" owner="BuiltIn">
<arg>${yellow}Resposta para Cadastro de Carrino:${yellow} ${green}${response.content}${green}</arg>
<doc>Logs the given message to the console.</doc>
<status status="NOT RUN" start="2026-04-07T17:31:11.234313" elapsed="0.000086"/>
</kw>
<status status="NOT RUN" start="2026-04-07T17:31:11.232656" elapsed="0.001868"/>
</branch>
<branch type="ELSE">
<kw name="Log To Console" owner="BuiltIn">
<arg>${yellow}Resposta para Cadastro de Carrinho:${yellow} ${red}${response.content}${red}</arg>
<doc>Logs the given message to the console.</doc>
<status status="PASS" start="2026-04-07T17:31:11.234907" elapsed="0.002960"/>
</kw>
<status status="PASS" start="2026-04-07T17:31:11.234605" elapsed="0.003466"/>
</branch>
<status status="PASS" start="2026-04-07T17:31:11.232601" elapsed="0.005554"/>
</if>
<status status="PASS" start="2026-04-07T17:31:11.232039" elapsed="0.006614"/>
</kw>
<kw name="Resposta Carrinho Produto Duplicado" owner="carrinhos_keywords">
<kw name="Should Contain" owner="BuiltIn">
<arg>${response.json()["message"]}</arg>
<arg>Não é permitido possuir produto duplicado</arg>
<doc>Fails if ``container`` does not contain ``item`` one or more times.</doc>
<status status="PASS" start="2026-04-07T17:31:11.242640" elapsed="0.001851"/>
</kw>
<kw name="Should Not Be Empty" owner="BuiltIn">
<msg time="2026-04-07T17:31:11.246368" level="INFO">Length is 1.</msg>
<arg>${response.json()["idProdutosDuplicados"]}</arg>
<doc>Verifies that the given item is not empty.</doc>
<status status="PASS" start="2026-04-07T17:31:11.244932" elapsed="0.001583"/>
</kw>
<status status="PASS" start="2026-04-07T17:31:11.241217" elapsed="0.005450"/>
</kw>
<kw name="validar Status Code &quot;400&quot;" owner="common" source_name="validar Status Code &quot;${statuscode}&quot;">
<kw name="Should Be True" owner="BuiltIn">
<arg>${response.status_code} == ${status_code}</arg>
<doc>Fails if the given condition is not true.</doc>
<status status="PASS" start="2026-04-07T17:31:11.248557" elapsed="0.002941"/>
</kw>
<if>
<branch type="IF" condition="${response.status_code} == 200 or ${response.status_code} == 201">
<kw name="Log To Console" owner="BuiltIn">
<arg>${yellow}Status Code Retornado:${yellow} ${green}${response.status_code}${green}</arg>
<doc>Logs the given message to the console.</doc>
<status status="NOT RUN" start="2026-04-07T17:31:11.254527" elapsed="0.000094"/>
</kw>
<status status="NOT RUN" start="2026-04-07T17:31:11.251770" elapsed="0.002976"/>
</branch>
<branch type="ELSE">
<kw name="Log To Console" owner="BuiltIn">
<arg>${yellow}Status Code Retornado:${yellow} ${red}${response.status_code}${red}</arg>
<doc>Logs the given message to the console.</doc>
<status status="PASS" start="2026-04-07T17:31:11.255624" elapsed="0.002215"/>
</kw>
<status status="PASS" start="2026-04-07T17:31:11.254833" elapsed="0.003137"/>
</branch>
<status status="PASS" start="2026-04-07T17:31:11.251700" elapsed="0.006327"/>
</if>
<status status="PASS" start="2026-04-07T17:31:11.247607" elapsed="0.010548"/>
</kw>
<tag>POST_CARRINHO_PRODUTO_DUPLICADO</tag>
<status status="PASS" start="2026-04-07T17:31:11.140762" elapsed="0.118135"/>
</test>
<test id="s1-s1-t3" name="Cenario: POST Carrinho Carrinho Já Cadastrado 400" line="37">
<kw name="Iniciar cores de resposta" owner="common">
<kw name="Evaluate" owner="BuiltIn">
<msg time="2026-04-07T17:31:11.266336" level="INFO">${red} = [31m</msg>
<var>${red}</var>
<arg>${RED}</arg>
<doc>Evaluates the given expression in Python and returns the result.</doc>
<status status="PASS" start="2026-04-07T17:31:11.265488" elapsed="0.000920"/>
</kw>
<kw name="Set Test Variable" owner="BuiltIn">
<msg time="2026-04-07T17:31:11.267365" level="INFO">${red} = [31m</msg>
<arg>${red}</arg>
<doc>Makes a variable available everywhere within the scope of the current test.</doc>
<status status="PASS" start="2026-04-07T17:31:11.266755" elapsed="0.000707"/>
</kw>
<kw name="Evaluate" owner="BuiltIn">
<msg time="2026-04-07T17:31:11.268788" level="INFO">${yellow} = [33m</msg>
<var>${yellow}</var>
<arg>${YELLOW}</arg>
<doc>Evaluates the given expression in Python and returns the result.</doc>
<status status="PASS" start="2026-04-07T17:31:11.267827" elapsed="0.001031"/>
</kw>
<kw name="Set Test Variable" owner="BuiltIn">
<msg time="2026-04-07T17:31:11.270323" level="INFO">${yellow} = [33m</msg>
<arg>${yellow}</arg>
<doc>Makes a variable available everywhere within the scope of the current test.</doc>
<status status="PASS" start="2026-04-07T17:31:11.269450" elapsed="0.001004"/>
</kw>
<kw name="Evaluate" owner="BuiltIn">
<msg time="2026-04-07T17:31:11.271447" level="INFO">${green} = [32m</msg>
<var>${green}</var>
<arg>${GREEN}</arg>
<doc>Evaluates the given expression in Python and returns the result.</doc>
<status status="PASS" start="2026-04-07T17:31:11.270805" elapsed="0.000686"/>
</kw>
<kw name="Set Test Variable" owner="BuiltIn">
<msg time="2026-04-07T17:31:11.272188" level="INFO">${green} = [32m</msg>
<arg>${green}</arg>
<doc>Makes a variable available everywhere within the scope of the current test.</doc>
<status status="PASS" start="2026-04-07T17:31:11.271740" elapsed="0.000548"/>
</kw>
<status status="PASS" start="2026-04-07T17:31:11.262965" elapsed="0.009473"/>
</kw>
<kw name="POST Login Valido Usando FUNCAO" owner="login_keywords">
<kw name="Login Padrao" owner="library_python">
<msg time="2026-04-07T17:31:11.286801" level="INFO">${json} = {'email': 'nicholsrenee@example.net', 'password': 'dh#9fHuY*C'}</msg>
<var>${json}</var>
<status status="PASS" start="2026-04-07T17:31:11.276951" elapsed="0.009960"/>
</kw>
<kw name="Set Variable" owner="BuiltIn">
<msg time="2026-04-07T17:31:11.288774" level="INFO">${payload} = {'email': 'nicholsrenee@example.net', 'password': 'dh#9fHuY*C'}</msg>
<var>${payload}</var>
<arg>${json}</arg>
<doc>Returns the given values which can then be assigned to a variables.</doc>
<status status="PASS" start="2026-04-07T17:31:11.287317" elapsed="0.001578"/>
</kw>
<kw name="Set Global Variable" owner="BuiltIn">
<msg time="2026-04-07T17:31:11.290719" level="INFO">${payload} = {'email': 'nicholsrenee@example.net', 'password': 'dh#9fHuY*C'}</msg>
<arg>${payload}</arg>
<doc>Makes a variable available globally in all tests and suites.</doc>
<status status="PASS" start="2026-04-07T17:31:11.289400" elapsed="0.001465"/>
</kw>
<kw name="POST Endpoint /login" owner="login_keywords">
<kw name="POST On Session" owner="RequestsLibrary">
<msg time="2026-04-07T17:31:11.303011" level="INFO">POST Request : url=http://localhost:3000/login 
 path_url=/login 
 headers={'User-Agent': 'python-requests/2.33.1', 'Accept-Encoding': 'gzip, deflate', 'Accept': '*/*', 'Connection': 'keep-alive', 'Content-Length': '63', 'Content-Type': 'application/json'} 
 body=b'{"email": "nicholsrenee@example.net", "password": "dh#9fHuY*C"}' 
 </msg>
<msg time="2026-04-07T17:31:11.303181" level="INFO">POST Response : url=http://localhost:3000/login 
 status=200, reason=OK 
 headers={'Access-Control-Allow-Origin': '*', 'x-dns-prefetch-control': 'off', 'x-frame-options': 'SAMEORIGIN', 'strict-transport-security': 'max-age=15552000; includeSubDomains', 'x-download-options': 'noopen', 'x-content-type-options': 'nosniff', 'x-xss-protection': '1; mode=block', 'Content-Type': 'application/json; charset=utf-8', 'Content-Length': '287', 'Date': 'Tue, 07 Apr 2026 20:31:11 GMT', 'Connection': 'keep-alive', 'Keep-Alive': 'timeout=5'} 
 body={
    "message": "Login realizado com sucesso",
    "authorization": "Bearer eyJhbGciOiJIUzI1NiIsInR5cCI6IkpXVCJ9.eyJlbWFpbCI6Im5pY2hvbHNyZW5lZUBleGFtcGxlLm5ldCIsInBhc3N3b3JkIjoiZGgjOWZIdVkqQyIsImlhdCI6MTc3NTU5Mzg3MSwiZXhwIjoxNzc1NTk0NDcxfQ.RzOns4weoPdK2Sw1Zmn91D5ZBCOxy1fvEIsEiVzPbbU"
} 
 </msg>
<msg time="2026-04-07T17:31:11.303425" level="INFO">${response} = &lt;Response [200]&gt;</msg>
<var>${response}</var>
<arg>serverest</arg>
<arg>/login</arg>
<arg>json=&amp;{payload}</arg>
<arg>expected_status=anything</arg>
<doc>Sends a POST request on a previously created HTTP Session.</doc>
<status status="PASS" start="2026-04-07T17:31:11.292368" elapsed="0.011107"/>
</kw>
<if>
<branch type="IF" condition="${response.status_code} == 200">
<kw name="Set Variable" owner="BuiltIn">
<msg time="2026-04-07T17:31:11.307256" level="INFO">${token_auth} = Bearer eyJhbGciOiJIUzI1NiIsInR5cCI6IkpXVCJ9.eyJlbWFpbCI6Im5pY2hvbHNyZW5lZUBleGFtcGxlLm5ldCIsInBhc3N3b3JkIjoiZGgjOWZIdVkqQyIsImlhdCI6MTc3NTU5Mzg3MSwiZXhwIjoxNzc1NTk0NDcxfQ.RzOns4weoPdK2Sw1Zmn91D5ZBCOxy...</msg>
<var>${token_auth}</var>
<arg>${response.json()["authorization"]}</arg>
<doc>Returns the given values which can then be assigned to a variables.</doc>
<status status="PASS" start="2026-04-07T17:31:11.305013" elapsed="0.002355"/>
</kw>
<kw name="Set Global Variable" owner="BuiltIn">
<msg time="2026-04-07T17:31:11.309325" level="INFO">${token_auth} = Bearer eyJhbGciOiJIUzI1NiIsInR5cCI6IkpXVCJ9.eyJlbWFpbCI6Im5pY2hvbHNyZW5lZUBleGFtcGxlLm5ldCIsInBhc3N3b3JkIjoiZGgjOWZIdVkqQyIsImlhdCI6MTc3NTU5Mzg3MSwiZXhwIjoxNzc1NTk0NDcxfQ.RzOns4weoPdK2Sw1Zmn91D5ZBCOxy...</msg>
<arg>${token_auth}</arg>
<doc>Makes a variable available globally in all tests and suites.</doc>
<status status="PASS" start="2026-04-07T17:31:11.307993" elapsed="0.001468"/>
</kw>
<status status="PASS" start="2026-04-07T17:31:11.303682" elapsed="0.005930"/>
</branch>
<status status="PASS" start="2026-04-07T17:31:11.303633" elapsed="0.006086"/>
</if>
<kw name="Set Global Variable" owner="BuiltIn">
<msg time="2026-04-07T17:31:11.311054" level="INFO">${response} = &lt;Response [200]&gt;</msg>
<arg>${response}</arg>
<doc>Makes a variable available globally in all tests and suites.</doc>
<status status="PASS" start="2026-04-07T17:31:11.310086" elapsed="0.001103"/>
</kw>
<status status="PASS" start="2026-04-07T17:31:11.291580" elapsed="0.019752"/>
</kw>
<status status="PASS" start="2026-04-07T17:31:11.275251" elapsed="0.036204"/>
</kw>
<kw name="POST Cadastro Carrinho Estatico Valido" owner="carrinhos_keywords">
<kw name="Importar Json Estatico" owner="common">
<kw name="Get File" owner="OperatingSystem">
<msg time="2026-04-07T17:31:11.314682" level="INFO" html="true">Getting file '&lt;a href="file://D:\projetos\serverest_robot_framework\support\fixtures\estatic\massa_carrinho.json"&gt;D:\projetos\serverest_robot_framework\support\fixtures\estatic\massa_carrinho.json&lt;/a&gt;'.</msg>
<msg time="2026-04-07T17:31:11.315525" level="INFO">${arquivo} = {"carrinhos_valido": {

    "produtos": [
        {
            "idProduto": "BeeJh5lz3k6kSIzA",
            "quantidade": 2
            
        }
    ]

},
"carrinhos_produto_repetido": {

    "prod...</msg>
<var>${arquivo}</var>
<arg>${EXECDIR}/support/fixtures/estatic/${nome_arquivo}</arg>
<doc>Returns the contents of a specified file.</doc>
<status status="PASS" start="2026-04-07T17:31:11.314157" elapsed="0.001476"/>
</kw>
<kw name="Evaluate" owner="BuiltIn">
<msg time="2026-04-07T17:31:11.317203" level="INFO">${data} = {'carrinhos_valido': {'produtos': [{'idProduto': 'BeeJh5lz3k6kSIzA', 'quantidade': 2}]}, 'carrinhos_produto_repetido': {'produtos': [{'idProduto': 'BeeJh5lz3k6kSIzA', 'quantidade': 2}, {'idProduto': '...</msg>
<var>${data}</var>
<arg>json.loads('''${arquivo}''')</arg>
<arg>json</arg>
<doc>Evaluates the given expression in Python and returns the result.</doc>
<status status="PASS" start="2026-04-07T17:31:11.316041" elapsed="0.001230"/>
</kw>
<return>
<value>${data}</value>
<status status="PASS" start="2026-04-07T17:31:11.317394" elapsed="0.000102"/>
</return>
<msg time="2026-04-07T17:31:11.317767" level="INFO">${json} = {'carrinhos_valido': {'produtos': [{'idProduto': 'BeeJh5lz3k6kSIzA', 'quantidade': 2}]}, 'carrinhos_produto_repetido': {'produtos': [{'idProduto': 'BeeJh5lz3k6kSIzA', 'quantidade': 2}, {'idProduto': '...</msg>
<var>${json}</var>
<arg>massa_carrinho.json</arg>
<status status="PASS" start="2026-04-07T17:31:11.313503" elapsed="0.004309"/>
</kw>
<kw name="Set Variable" owner="BuiltIn">
<msg time="2026-04-07T17:31:11.319731" level="INFO">${payload} = {'produtos': [{'idProduto': 'BeeJh5lz3k6kSIzA', 'quantidade': 2}]}</msg>
<var>${payload}</var>
<arg>${json["carrinhos_valido"]}</arg>
<doc>Returns the given values which can then be assigned to a variables.</doc>
<status status="PASS" start="2026-04-07T17:31:11.318108" elapsed="0.001722"/>
</kw>
<kw name="Set Global Variable" owner="BuiltIn">
<msg time="2026-04-07T17:31:11.321330" level="INFO">${payload} = {'produtos': [{'idProduto': 'BeeJh5lz3k6kSIzA', 'quantidade': 2}]}</msg>
<arg>${payload}</arg>
<doc>Makes a variable available globally in all tests and suites.</doc>
<status status="PASS" start="2026-04-07T17:31:11.320276" elapsed="0.001254"/>
</kw>
<kw name="POST Endpoint Carrinho" owner="carrinhos_keywords">
<kw name="Create Dictionary" owner="BuiltIn">
<msg time="2026-04-07T17:31:11.324757" level="INFO">${header} = {'Authorization': 'Bearer eyJhbGciOiJIUzI1NiIsInR5cCI6IkpXVCJ9.eyJlbWFpbCI6Im5pY2hvbHNyZW5lZUBleGFtcGxlLm5ldCIsInBhc3N3b3JkIjoiZGgjOWZIdVkqQyIsImlhdCI6MTc3NTU5Mzg3MSwiZXhwIjoxNzc1NTk0NDcxfQ.RzOns4weoP...</msg>
<var>${header}</var>
<arg>Authorization=${token_auth}</arg>
<doc>Creates and returns a dictionary based on the given ``items``.</doc>
<status status="PASS" start="2026-04-07T17:31:11.323607" elapsed="0.001278"/>
</kw>
<kw name="POST On Session" owner="RequestsLibrary">
<msg time="2026-04-07T17:31:11.342899" level="INFO">POST Request : url=http://localhost:3000/carrinhos 
 path_url=/carrinhos 
 headers={'User-Agent': 'python-requests/2.33.1', 'Accept-Encoding': 'gzip, deflate', 'Accept': '*/*', 'Connection': 'keep-alive', 'Authorization': 'Bearer eyJhbGciOiJIUzI1NiIsInR5cCI6IkpXVCJ9.eyJlbWFpbCI6Im5pY2hvbHNyZW5lZUBleGFtcGxlLm5ldCIsInBhc3N3b3JkIjoiZGgjOWZIdVkqQyIsImlhdCI6MTc3NTU5Mzg3MSwiZXhwIjoxNzc1NTk0NDcxfQ.RzOns4weoPdK2Sw1Zmn91D5ZBCOxy1fvEIsEiVzPbbU', 'Content-Length': '66', 'Content-Type': 'application/json'} 
 body=b'{"produtos": [{"idProduto": "BeeJh5lz3k6kSIzA", "quantidade": 2}]}' 
 </msg>
<msg time="2026-04-07T17:31:11.343081" level="INFO">POST Response : url=http://localhost:3000/carrinhos 
 status=201, reason=Created 
 headers={'Access-Control-Allow-Origin': '*', 'x-dns-prefetch-control': 'off', 'x-frame-options': 'SAMEORIGIN', 'strict-transport-security': 'max-age=15552000; includeSubDomains', 'x-download-options': 'noopen', 'x-content-type-options': 'nosniff', 'x-xss-protection': '1; mode=block', 'Content-Type': 'application/json; charset=utf-8', 'Content-Length': '82', 'Date': 'Tue, 07 Apr 2026 20:31:11 GMT', 'Connection': 'keep-alive', 'Keep-Alive': 'timeout=5'} 
 body={
    "message": "Cadastro realizado com sucesso",
    "_id": "gFskxDgYcPsUbwnB"
} 
 </msg>
<msg time="2026-04-07T17:31:11.343523" level="INFO">${response} = &lt;Response [201]&gt;</msg>
<var>${response}</var>
<arg>serverest</arg>
<arg>/carrinhos</arg>
<arg>json=${payload}</arg>
<arg>headers=${header}</arg>
<arg>expected_status=anything</arg>
<doc>Sends a POST request on a previously created HTTP Session.</doc>
<status status="PASS" start="2026-04-07T17:31:11.325634" elapsed="0.017981"/>
</kw>
<kw name="Set Global Variable" owner="BuiltIn">
<msg time="2026-04-07T17:31:11.344911" level="INFO">${response} = &lt;Response [201]&gt;</msg>
<arg>${response}</arg>
<doc>Makes a variable available globally in all tests and suites.</doc>
<status status="PASS" start="2026-04-07T17:31:11.344019" elapsed="0.001006"/>
</kw>
<if>
<branch type="IF" condition="${response.status_code} == 201">
<kw name="Set Variable" owner="BuiltIn">
<msg time="2026-04-07T17:31:11.348638" level="INFO">${carrinho_id} = gFskxDgYcPsUbwnB</msg>
<var>${carrinho_id}</var>
<arg>${response.json()["_id"]}</arg>
<doc>Returns the given values which can then be assigned to a variables.</doc>
<status status="PASS" start="2026-04-07T17:31:11.346673" elapsed="0.002084"/>
</kw>
<kw name="Set Global Variable" owner="BuiltIn">
<msg time="2026-04-07T17:31:11.351041" level="INFO">${carrinho_id} = gFskxDgYcPsUbwnB</msg>
<arg>${carrinho_id}</arg>
<doc>Makes a variable available globally in all tests and suites.</doc>
<status status="PASS" start="2026-04-07T17:31:11.349360" elapsed="0.001894"/>
</kw>
<status status="PASS" start="2026-04-07T17:31:11.345221" elapsed="0.006173"/>
</branch>
<status status="PASS" start="2026-04-07T17:31:11.345167" elapsed="0.006323"/>
</if>
<status status="PASS" start="2026-04-07T17:31:11.322559" elapsed="0.029217"/>
</kw>
<status status="PASS" start="2026-04-07T17:31:11.312497" elapsed="0.039427"/>
</kw>
<kw name="POST Cadastro Carrinho Estatico Valido" owner="carrinhos_keywords">
<kw name="Importar Json Estatico" owner="common">
<kw name="Get File" owner="OperatingSystem">
<msg time="2026-04-07T17:31:11.359402" level="INFO" html="true">Getting file '&lt;a href="file://D:\projetos\serverest_robot_framework\support\fixtures\estatic\massa_carrinho.json"&gt;D:\projetos\serverest_robot_framework\support\fixtures\estatic\massa_carrinho.json&lt;/a&gt;'.</msg>
<msg time="2026-04-07T17:31:11.360635" level="INFO">${arquivo} = {"carrinhos_valido": {

    "produtos": [
        {
            "idProduto": "BeeJh5lz3k6kSIzA",
            "quantidade": 2
            
        }
    ]

},
"carrinhos_produto_repetido": {

    "prod...</msg>
<var>${arquivo}</var>
<arg>${EXECDIR}/support/fixtures/estatic/${nome_arquivo}</arg>
<doc>Returns the contents of a specified file.</doc>
<status status="PASS" start="2026-04-07T17:31:11.358963" elapsed="0.001849"/>
</kw>
<kw name="Evaluate" owner="BuiltIn">
<msg time="2026-04-07T17:31:11.362441" level="INFO">${data} = {'carrinhos_valido': {'produtos': [{'idProduto': 'BeeJh5lz3k6kSIzA', 'quantidade': 2}]}, 'carrinhos_produto_repetido': {'produtos': [{'idProduto': 'BeeJh5lz3k6kSIzA', 'quantidade': 2}, {'idProduto': '...</msg>
<var>${data}</var>
<arg>json.loads('''${arquivo}''')</arg>
<arg>json</arg>
<doc>Evaluates the given expression in Python and returns the result.</doc>
<status status="PASS" start="2026-04-07T17:31:11.361157" elapsed="0.001392"/>
</kw>
<return>
<value>${data}</value>
<status status="PASS" start="2026-04-07T17:31:11.362718" elapsed="0.000110"/>
</return>
<msg time="2026-04-07T17:31:11.363230" level="INFO">${json} = {'carrinhos_valido': {'produtos': [{'idProduto': 'BeeJh5lz3k6kSIzA', 'quantidade': 2}]}, 'carrinhos_produto_repetido': {'produtos': [{'idProduto': 'BeeJh5lz3k6kSIzA', 'quantidade': 2}, {'idProduto': '...</msg>
<var>${json}</var>
<arg>massa_carrinho.json</arg>
<status status="PASS" start="2026-04-07T17:31:11.357874" elapsed="0.005438"/>
</kw>
<kw name="Set Variable" owner="BuiltIn">
<msg time="2026-04-07T17:31:11.365049" level="INFO">${payload} = {'produtos': [{'idProduto': 'BeeJh5lz3k6kSIzA', 'quantidade': 2}]}</msg>
<var>${payload}</var>
<arg>${json["carrinhos_valido"]}</arg>
<doc>Returns the given values which can then be assigned to a variables.</doc>
<status status="PASS" start="2026-04-07T17:31:11.363742" elapsed="0.001374"/>
</kw>
<kw name="Set Global Variable" owner="BuiltIn">
<msg time="2026-04-07T17:31:11.366100" level="INFO">${payload} = {'produtos': [{'idProduto': 'BeeJh5lz3k6kSIzA', 'quantidade': 2}]}</msg>
<arg>${payload}</arg>
<doc>Makes a variable available globally in all tests and suites.</doc>
<status status="PASS" start="2026-04-07T17:31:11.365440" elapsed="0.000745"/>
</kw>
<kw name="POST Endpoint Carrinho" owner="carrinhos_keywords">
<kw name="Create Dictionary" owner="BuiltIn">
<msg time="2026-04-07T17:31:11.368546" level="INFO">${header} = {'Authorization': 'Bearer eyJhbGciOiJIUzI1NiIsInR5cCI6IkpXVCJ9.eyJlbWFpbCI6Im5pY2hvbHNyZW5lZUBleGFtcGxlLm5ldCIsInBhc3N3b3JkIjoiZGgjOWZIdVkqQyIsImlhdCI6MTc3NTU5Mzg3MSwiZXhwIjoxNzc1NTk0NDcxfQ.RzOns4weoP...</msg>
<var>${header}</var>
<arg>Authorization=${token_auth}</arg>
<doc>Creates and returns a dictionary based on the given ``items``.</doc>
<status status="PASS" start="2026-04-07T17:31:11.367344" elapsed="0.001295"/>
</kw>
<kw name="POST On Session" owner="RequestsLibrary">
<msg time="2026-04-07T17:31:11.383072" level="INFO">POST Request : url=http://localhost:3000/carrinhos 
 path_url=/carrinhos 
 headers={'User-Agent': 'python-requests/2.33.1', 'Accept-Encoding': 'gzip, deflate', 'Accept': '*/*', 'Connection': 'keep-alive', 'Authorization': 'Bearer eyJhbGciOiJIUzI1NiIsInR5cCI6IkpXVCJ9.eyJlbWFpbCI6Im5pY2hvbHNyZW5lZUBleGFtcGxlLm5ldCIsInBhc3N3b3JkIjoiZGgjOWZIdVkqQyIsImlhdCI6MTc3NTU5Mzg3MSwiZXhwIjoxNzc1NTk0NDcxfQ.RzOns4weoPdK2Sw1Zmn91D5ZBCOxy1fvEIsEiVzPbbU', 'Content-Length': '66', 'Content-Type': 'application/json'} 
 body=b'{"produtos": [{"idProduto": "BeeJh5lz3k6kSIzA", "quantidade": 2}]}' 
 </msg>
<msg time="2026-04-07T17:31:11.383301" level="INFO">POST Response : url=http://localhost:3000/carrinhos 
 status=400, reason=Bad Request 
 headers={'Access-Control-Allow-Origin': '*', 'x-dns-prefetch-control': 'off', 'x-frame-options': 'SAMEORIGIN', 'strict-transport-security': 'max-age=15552000; includeSubDomains', 'x-download-options': 'noopen', 'x-content-type-options': 'nosniff', 'x-xss-protection': '1; mode=block', 'Content-Type': 'application/json; charset=utf-8', 'Content-Length': '61', 'Date': 'Tue, 07 Apr 2026 20:31:11 GMT', 'Connection': 'keep-alive', 'Keep-Alive': 'timeout=5'} 
 body={
    "message": "Não é permitido ter mais de 1 carrinho"
} 
 </msg>
<msg time="2026-04-07T17:31:11.383737" level="INFO">${response} = &lt;Response [400]&gt;</msg>
<var>${response}</var>
<arg>serverest</arg>
<arg>/carrinhos</arg>
<arg>json=${payload}</arg>
<arg>headers=${header}</arg>
<arg>expected_status=anything</arg>
<doc>Sends a POST request on a previously created HTTP Session.</doc>
<status status="PASS" start="2026-04-07T17:31:11.368972" elapsed="0.015017"/>
</kw>
<kw name="Set Global Variable" owner="BuiltIn">
<msg time="2026-04-07T17:31:11.386842" level="INFO">${response} = &lt;Response [400]&gt;</msg>
<arg>${response}</arg>
<doc>Makes a variable available globally in all tests and suites.</doc>
<status status="PASS" start="2026-04-07T17:31:11.384744" elapsed="0.002307"/>
</kw>
<if>
<branch type="IF" condition="${response.status_code} == 201">
<kw name="Set Variable" owner="BuiltIn">
<var>${carrinho_id}</var>
<arg>${response.json()["_id"]}</arg>
<doc>Returns the given values which can then be assigned to a variables.</doc>
<status status="NOT RUN" start="2026-04-07T17:31:11.388950" elapsed="0.000249"/>
</kw>
<kw name="Set Global Variable" owner="BuiltIn">
<arg>${carrinho_id}</arg>
<doc>Makes a variable available globally in all tests and suites.</doc>
<status status="NOT RUN" start="2026-04-07T17:31:11.389789" elapsed="0.000095"/>
</kw>
<status status="NOT RUN" start="2026-04-07T17:31:11.387336" elapsed="0.002696"/>
</branch>
<status status="PASS" start="2026-04-07T17:31:11.387257" elapsed="0.002885"/>
</if>
<status status="PASS" start="2026-04-07T17:31:11.366618" elapsed="0.023912"/>
</kw>
<status status="PASS" start="2026-04-07T17:31:11.356494" elapsed="0.034212"/>
</kw>
<kw name="Imprimir Carrinho Response.Content" owner="carrinhos_keywords">
<if>
<branch type="IF" condition="${response.status_code} == 200 or ${response.status_code} == 201">
<kw name="Log To Console" owner="BuiltIn">
<arg>${yellow}Resposta para Cadastro de Carrino:${yellow} ${green}${response.content}${green}</arg>
<doc>Logs the given message to the console.</doc>
<status status="NOT RUN" start="2026-04-07T17:31:11.394382" elapsed="0.000048"/>
</kw>
<status status="NOT RUN" start="2026-04-07T17:31:11.392640" elapsed="0.001876"/>
</branch>
<branch type="ELSE">
<kw name="Log To Console" owner="BuiltIn">
<arg>${yellow}Resposta para Cadastro de Carrinho:${yellow} ${red}${response.content}${red}</arg>
<doc>Logs the given message to the console.</doc>
<status status="PASS" start="2026-04-07T17:31:11.394820" elapsed="0.002281"/>
</kw>
<status status="PASS" start="2026-04-07T17:31:11.394575" elapsed="0.002743"/>
</branch>
<status status="PASS" start="2026-04-07T17:31:11.392559" elapsed="0.004841"/>
</if>
<status status="PASS" start="2026-04-07T17:31:11.391809" elapsed="0.005776"/>
</kw>
<kw name="Reposta Um carrinho Por Cadastro" owner="carrinhos_keywords">
<kw name="Should Contain" owner="BuiltIn">
<arg>${response.json()["message"]}</arg>
<arg>Não é permitido ter mais de 1 carrinho</arg>
<doc>Fails if ``container`` does not contain ``item`` one or more times.</doc>
<status status="PASS" start="2026-04-07T17:31:11.399780" elapsed="0.001846"/>
</kw>
<status status="PASS" start="2026-04-07T17:31:11.398853" elapsed="0.003002"/>
</kw>
<kw name="validar Status Code &quot;400&quot;" owner="common" source_name="validar Status Code &quot;${statuscode}&quot;">
<kw name="Should Be True" owner="BuiltIn">
<arg>${response.status_code} == ${status_code}</arg>
<doc>Fails if the given condition is not true.</doc>
<status status="PASS" start="2026-04-07T17:31:11.404842" elapsed="0.003341"/>
</kw>
<if>
<branch type="IF" condition="${response.status_code} == 200 or ${response.status_code} == 201">
<kw name="Log To Console" owner="BuiltIn">
<arg>${yellow}Status Code Retornado:${yellow} ${green}${response.status_code}${green}</arg>
<doc>Logs the given message to the console.</doc>
<status status="NOT RUN" start="2026-04-07T17:31:11.411028" elapsed="0.000055"/>
</kw>
<status status="NOT RUN" start="2026-04-07T17:31:11.408477" elapsed="0.002689"/>
</branch>
<branch type="ELSE">
<kw name="Log To Console" owner="BuiltIn">
<arg>${yellow}Status Code Retornado:${yellow} ${red}${response.status_code}${red}</arg>
<doc>Logs the given message to the console.</doc>
<status status="PASS" start="2026-04-07T17:31:11.411556" elapsed="0.002334"/>
</kw>
<status status="PASS" start="2026-04-07T17:31:11.411225" elapsed="0.002815"/>
</branch>
<status status="PASS" start="2026-04-07T17:31:11.408413" elapsed="0.005690"/>
</if>
<status status="PASS" start="2026-04-07T17:31:11.403237" elapsed="0.011001"/>
</kw>
<kw name="DELETE Endpoint /carrinhos Cancelar Compra" owner="carrinhos_keywords">
<kw name="Create Dictionary" owner="BuiltIn">
<msg time="2026-04-07T17:31:11.418056" level="INFO">${header} = {'Authorization': 'Bearer eyJhbGciOiJIUzI1NiIsInR5cCI6IkpXVCJ9.eyJlbWFpbCI6Im5pY2hvbHNyZW5lZUBleGFtcGxlLm5ldCIsInBhc3N3b3JkIjoiZGgjOWZIdVkqQyIsImlhdCI6MTc3NTU5Mzg3MSwiZXhwIjoxNzc1NTk0NDcxfQ.RzOns4weoP...</msg>
<var>${header}</var>
<arg>Authorization=${token_auth}</arg>
<doc>Creates and returns a dictionary based on the given ``items``.</doc>
<status status="PASS" start="2026-04-07T17:31:11.416745" elapsed="0.001514"/>
</kw>
<kw name="DELETE On Session" owner="RequestsLibrary">
<msg time="2026-04-07T17:31:11.434603" level="INFO">DELETE Request : url=http://localhost:3000/carrinhos/cancelar-compra 
 path_url=/carrinhos/cancelar-compra 
 headers={'User-Agent': 'python-requests/2.33.1', 'Accept-Encoding': 'gzip, deflate', 'Accept': '*/*', 'Connection': 'keep-alive', 'Authorization': 'Bearer eyJhbGciOiJIUzI1NiIsInR5cCI6IkpXVCJ9.eyJlbWFpbCI6Im5pY2hvbHNyZW5lZUBleGFtcGxlLm5ldCIsInBhc3N3b3JkIjoiZGgjOWZIdVkqQyIsImlhdCI6MTc3NTU5Mzg3MSwiZXhwIjoxNzc1NTk0NDcxfQ.RzOns4weoPdK2Sw1Zmn91D5ZBCOxy1fvEIsEiVzPbbU', 'Content-Length': '0'} 
 body=None 
 </msg>
<msg time="2026-04-07T17:31:11.434871" level="INFO">DELETE Response : url=http://localhost:3000/carrinhos/cancelar-compra 
 status=200, reason=OK 
 headers={'Access-Control-Allow-Origin': '*', 'x-dns-prefetch-control': 'off', 'x-frame-options': 'SAMEORIGIN', 'strict-transport-security': 'max-age=15552000; includeSubDomains', 'x-download-options': 'noopen', 'x-content-type-options': 'nosniff', 'x-xss-protection': '1; mode=block', 'Content-Type': 'application/json; charset=utf-8', 'Content-Length': '86', 'Date': 'Tue, 07 Apr 2026 20:31:11 GMT', 'Connection': 'keep-alive', 'Keep-Alive': 'timeout=5'} 
 body={
    "message": "Registro excluído com sucesso. Estoque dos produtos reabastecido"
} 
 </msg>
<msg time="2026-04-07T17:31:11.435272" level="INFO">${response} = &lt;Response [200]&gt;</msg>
<var>${response}</var>
<arg>serverest</arg>
<arg>/carrinhos/cancelar-compra</arg>
<arg>headers=${header}</arg>
<arg>expected_status=anything</arg>
<doc>Sends a DELETE request on a previously created HTTP Session.</doc>
<status status="PASS" start="2026-04-07T17:31:11.418713" elapsed="0.016665"/>
</kw>
<kw name="Set Global Variable" owner="BuiltIn">
<msg time="2026-04-07T17:31:11.436909" level="INFO">${response} = &lt;Response [200]&gt;</msg>
<arg>${response}</arg>
<doc>Makes a variable available globally in all tests and suites.</doc>
<status status="PASS" start="2026-04-07T17:31:11.435847" elapsed="0.001211"/>
</kw>
<status status="PASS" start="2026-04-07T17:31:11.415479" elapsed="0.021765"/>
</kw>
<tag>POST_CARRINHO_DUPLICIDADE</tag>
<status status="PASS" start="2026-04-07T17:31:11.261571" elapsed="0.176153"/>
</test>
<test id="s1-s1-t4" name="Cenario: POST Carrinho Produto Nao Encontrado 400" line="48">
<kw name="Iniciar cores de resposta" owner="common">
<kw name="Evaluate" owner="BuiltIn">
<msg time="2026-04-07T17:31:11.442668" level="INFO">${red} = [31m</msg>
<var>${red}</var>
<arg>${RED}</arg>
<doc>Evaluates the given expression in Python and returns the result.</doc>
<status status="PASS" start="2026-04-07T17:31:11.441705" elapsed="0.001038"/>
</kw>
<kw name="Set Test Variable" owner="BuiltIn">
<msg time="2026-04-07T17:31:11.443896" level="INFO">${red} = [31m</msg>
<arg>${red}</arg>
<doc>Makes a variable available everywhere within the scope of the current test.</doc>
<status status="PASS" start="2026-04-07T17:31:11.443136" elapsed="0.000851"/>
</kw>
<kw name="Evaluate" owner="BuiltIn">
<msg time="2026-04-07T17:31:11.444830" level="INFO">${yellow} = [33m</msg>
<var>${yellow}</var>
<arg>${YELLOW}</arg>
<doc>Evaluates the given expression in Python and returns the result.</doc>
<status status="PASS" start="2026-04-07T17:31:11.444235" elapsed="0.000645"/>
</kw>
<kw name="Set Test Variable" owner="BuiltIn">
<msg time="2026-04-07T17:31:11.445795" level="INFO">${yellow} = [33m</msg>
<arg>${yellow}</arg>
<doc>Makes a variable available everywhere within the scope of the current test.</doc>
<status status="PASS" start="2026-04-07T17:31:11.445135" elapsed="0.000779"/>
</kw>
<kw name="Evaluate" owner="BuiltIn">
<msg time="2026-04-07T17:31:11.446829" level="INFO">${green} = [32m</msg>
<var>${green}</var>
<arg>${GREEN}</arg>
<doc>Evaluates the given expression in Python and returns the result.</doc>
<status status="PASS" start="2026-04-07T17:31:11.446207" elapsed="0.000674"/>
</kw>
<kw name="Set Test Variable" owner="BuiltIn">
<msg time="2026-04-07T17:31:11.447670" level="INFO">${green} = [32m</msg>
<arg>${green}</arg>
<doc>Makes a variable available everywhere within the scope of the current test.</doc>
<status status="PASS" start="2026-04-07T17:31:11.447129" elapsed="0.000672"/>
</kw>
<status status="PASS" start="2026-04-07T17:31:11.440858" elapsed="0.007123"/>
</kw>
<kw name="POST Login Valido Usando FUNCAO" owner="login_keywords">
<kw name="Login Padrao" owner="library_python">
<msg time="2026-04-07T17:31:11.462661" level="INFO">${json} = {'email': 'nicholsrenee@example.net', 'password': 'dh#9fHuY*C'}</msg>
<var>${json}</var>
<status status="PASS" start="2026-04-07T17:31:11.450389" elapsed="0.012392"/>
</kw>
<kw name="Set Variable" owner="BuiltIn">
<msg time="2026-04-07T17:31:11.463890" level="INFO">${payload} = {'email': 'nicholsrenee@example.net', 'password': 'dh#9fHuY*C'}</msg>
<var>${payload}</var>
<arg>${json}</arg>
<doc>Returns the given values which can then be assigned to a variables.</doc>
<status status="PASS" start="2026-04-07T17:31:11.463177" elapsed="0.000773"/>
</kw>
<kw name="Set Global Variable" owner="BuiltIn">
<msg time="2026-04-07T17:31:11.465126" level="INFO">${payload} = {'email': 'nicholsrenee@example.net', 'password': 'dh#9fHuY*C'}</msg>
<arg>${payload}</arg>
<doc>Makes a variable available globally in all tests and suites.</doc>
<status status="PASS" start="2026-04-07T17:31:11.464248" elapsed="0.001044"/>
</kw>
<kw name="POST Endpoint /login" owner="login_keywords">
<kw name="POST On Session" owner="RequestsLibrary">
<msg time="2026-04-07T17:31:11.475709" level="INFO">POST Request : url=http://localhost:3000/login 
 path_url=/login 
 headers={'User-Agent': 'python-requests/2.33.1', 'Accept-Encoding': 'gzip, deflate', 'Accept': '*/*', 'Connection': 'keep-alive', 'Content-Length': '63', 'Content-Type': 'application/json'} 
 body=b'{"email": "nicholsrenee@example.net", "password": "dh#9fHuY*C"}' 
 </msg>
<msg time="2026-04-07T17:31:11.476030" level="INFO">POST Response : url=http://localhost:3000/login 
 status=200, reason=OK 
 headers={'Access-Control-Allow-Origin': '*', 'x-dns-prefetch-control': 'off', 'x-frame-options': 'SAMEORIGIN', 'strict-transport-security': 'max-age=15552000; includeSubDomains', 'x-download-options': 'noopen', 'x-content-type-options': 'nosniff', 'x-xss-protection': '1; mode=block', 'Content-Type': 'application/json; charset=utf-8', 'Content-Length': '287', 'Date': 'Tue, 07 Apr 2026 20:31:11 GMT', 'Connection': 'keep-alive', 'Keep-Alive': 'timeout=5'} 
 body={
    "message": "Login realizado com sucesso",
    "authorization": "Bearer eyJhbGciOiJIUzI1NiIsInR5cCI6IkpXVCJ9.eyJlbWFpbCI6Im5pY2hvbHNyZW5lZUBleGFtcGxlLm5ldCIsInBhc3N3b3JkIjoiZGgjOWZIdVkqQyIsImlhdCI6MTc3NTU5Mzg3MSwiZXhwIjoxNzc1NTk0NDcxfQ.RzOns4weoPdK2Sw1Zmn91D5ZBCOxy1fvEIsEiVzPbbU"
} 
 </msg>
<msg time="2026-04-07T17:31:11.476341" level="INFO">${response} = &lt;Response [200]&gt;</msg>
<var>${response}</var>
<arg>serverest</arg>
<arg>/login</arg>
<arg>json=&amp;{payload}</arg>
<arg>expected_status=anything</arg>
<doc>Sends a POST request on a previously created HTTP Session.</doc>
<status status="PASS" start="2026-04-07T17:31:11.466449" elapsed="0.009975"/>
</kw>
<if>
<branch type="IF" condition="${response.status_code} == 200">
<kw name="Set Variable" owner="BuiltIn">
<msg time="2026-04-07T17:31:11.479361" level="INFO">${token_auth} = Bearer eyJhbGciOiJIUzI1NiIsInR5cCI6IkpXVCJ9.eyJlbWFpbCI6Im5pY2hvbHNyZW5lZUBleGFtcGxlLm5ldCIsInBhc3N3b3JkIjoiZGgjOWZIdVkqQyIsImlhdCI6MTc3NTU5Mzg3MSwiZXhwIjoxNzc1NTk0NDcxfQ.RzOns4weoPdK2Sw1Zmn91D5ZBCOxy...</msg>
<var>${token_auth}</var>
<arg>${response.json()["authorization"]}</arg>
<doc>Returns the given values which can then be assigned to a variables.</doc>
<status status="PASS" start="2026-04-07T17:31:11.477752" elapsed="0.001698"/>
</kw>
<kw name="Set Global Variable" owner="BuiltIn">
<msg time="2026-04-07T17:31:11.480999" level="INFO">${token_auth} = Bearer eyJhbGciOiJIUzI1NiIsInR5cCI6IkpXVCJ9.eyJlbWFpbCI6Im5pY2hvbHNyZW5lZUBleGFtcGxlLm5ldCIsInBhc3N3b3JkIjoiZGgjOWZIdVkqQyIsImlhdCI6MTc3NTU5Mzg3MSwiZXhwIjoxNzc1NTk0NDcxfQ.RzOns4weoPdK2Sw1Zmn91D5ZBCOxy...</msg>
<arg>${token_auth}</arg>
<doc>Makes a variable available globally in all tests and suites.</doc>
<status status="PASS" start="2026-04-07T17:31:11.479933" elapsed="0.001215"/>
</kw>
<status status="PASS" start="2026-04-07T17:31:11.476650" elapsed="0.004589"/>
</branch>
<status status="PASS" start="2026-04-07T17:31:11.476598" elapsed="0.004718"/>
</if>
<kw name="Set Global Variable" owner="BuiltIn">
<msg time="2026-04-07T17:31:11.482537" level="INFO">${response} = &lt;Response [200]&gt;</msg>
<arg>${response}</arg>
<doc>Makes a variable available globally in all tests and suites.</doc>
<status status="PASS" start="2026-04-07T17:31:11.481603" elapsed="0.001183"/>
</kw>
<status status="PASS" start="2026-04-07T17:31:11.465847" elapsed="0.017125"/>
</kw>
<status status="PASS" start="2026-04-07T17:31:11.449241" elapsed="0.033895"/>
</kw>
<kw name="POST Cadastro Carrinho Produto Nao Encontrado" owner="carrinhos_keywords">
<kw name="Importar Json Estatico" owner="common">
<kw name="Get File" owner="OperatingSystem">
<msg time="2026-04-07T17:31:11.486473" level="INFO" html="true">Getting file '&lt;a href="file://D:\projetos\serverest_robot_framework\support\fixtures\estatic\massa_carrinho.json"&gt;D:\projetos\serverest_robot_framework\support\fixtures\estatic\massa_carrinho.json&lt;/a&gt;'.</msg>
<msg time="2026-04-07T17:31:11.487301" level="INFO">${arquivo} = {"carrinhos_valido": {

    "produtos": [
        {
            "idProduto": "BeeJh5lz3k6kSIzA",
            "quantidade": 2
            
        }
    ]

},
"carrinhos_produto_repetido": {

    "prod...</msg>
<var>${arquivo}</var>
<arg>${EXECDIR}/support/fixtures/estatic/${nome_arquivo}</arg>
<doc>Returns the contents of a specified file.</doc>
<status status="PASS" start="2026-04-07T17:31:11.486008" elapsed="0.001397"/>
</kw>
<kw name="Evaluate" owner="BuiltIn">
<msg time="2026-04-07T17:31:11.489060" level="INFO">${data} = {'carrinhos_valido': {'produtos': [{'idProduto': 'BeeJh5lz3k6kSIzA', 'quantidade': 2}]}, 'carrinhos_produto_repetido': {'produtos': [{'idProduto': 'BeeJh5lz3k6kSIzA', 'quantidade': 2}, {'idProduto': '...</msg>
<var>${data}</var>
<arg>json.loads('''${arquivo}''')</arg>
<arg>json</arg>
<doc>Evaluates the given expression in Python and returns the result.</doc>
<status status="PASS" start="2026-04-07T17:31:11.487811" elapsed="0.001378"/>
</kw>
<return>
<value>${data}</value>
<status status="PASS" start="2026-04-07T17:31:11.489381" elapsed="0.000106"/>
</return>
<msg time="2026-04-07T17:31:11.489881" level="INFO">${json} = {'carrinhos_valido': {'produtos': [{'idProduto': 'BeeJh5lz3k6kSIzA', 'quantidade': 2}]}, 'carrinhos_produto_repetido': {'produtos': [{'idProduto': 'BeeJh5lz3k6kSIzA', 'quantidade': 2}, {'idProduto': '...</msg>
<var>${json}</var>
<arg>massa_carrinho.json</arg>
<status status="PASS" start="2026-04-07T17:31:11.485061" elapsed="0.004890"/>
</kw>
<kw name="Set Variable" owner="BuiltIn">
<msg time="2026-04-07T17:31:11.491892" level="INFO">${payload} = {'produtos': [{'idProduto': 'sem_id_valido', 'quantidade': 2}]}</msg>
<var>${payload}</var>
<arg>${json["carrinhos_id_invalido"]}</arg>
<doc>Returns the given values which can then be assigned to a variables.</doc>
<status status="PASS" start="2026-04-07T17:31:11.490263" elapsed="0.001728"/>
</kw>
<kw name="Set Global Variable" owner="BuiltIn">
<msg time="2026-04-07T17:31:11.493466" level="INFO">${payload} = {'produtos': [{'idProduto': 'sem_id_valido', 'quantidade': 2}]}</msg>
<arg>${payload}</arg>
<doc>Makes a variable available globally in all tests and suites.</doc>
<status status="PASS" start="2026-04-07T17:31:11.492505" elapsed="0.001086"/>
</kw>
<kw name="POST Endpoint Carrinho" owner="carrinhos_keywords">
<kw name="Create Dictionary" owner="BuiltIn">
<msg time="2026-04-07T17:31:11.497567" level="INFO">${header} = {'Authorization': 'Bearer eyJhbGciOiJIUzI1NiIsInR5cCI6IkpXVCJ9.eyJlbWFpbCI6Im5pY2hvbHNyZW5lZUBleGFtcGxlLm5ldCIsInBhc3N3b3JkIjoiZGgjOWZIdVkqQyIsImlhdCI6MTc3NTU5Mzg3MSwiZXhwIjoxNzc1NTk0NDcxfQ.RzOns4weoP...</msg>
<var>${header}</var>
<arg>Authorization=${token_auth}</arg>
<doc>Creates and returns a dictionary based on the given ``items``.</doc>
<status status="PASS" start="2026-04-07T17:31:11.495149" elapsed="0.002527"/>
</kw>
<kw name="POST On Session" owner="RequestsLibrary">
<msg time="2026-04-07T17:31:11.509138" level="INFO">POST Request : url=http://localhost:3000/carrinhos 
 path_url=/carrinhos 
 headers={'User-Agent': 'python-requests/2.33.1', 'Accept-Encoding': 'gzip, deflate', 'Accept': '*/*', 'Connection': 'keep-alive', 'Authorization': 'Bearer eyJhbGciOiJIUzI1NiIsInR5cCI6IkpXVCJ9.eyJlbWFpbCI6Im5pY2hvbHNyZW5lZUBleGFtcGxlLm5ldCIsInBhc3N3b3JkIjoiZGgjOWZIdVkqQyIsImlhdCI6MTc3NTU5Mzg3MSwiZXhwIjoxNzc1NTk0NDcxfQ.RzOns4weoPdK2Sw1Zmn91D5ZBCOxy1fvEIsEiVzPbbU', 'Content-Length': '63', 'Content-Type': 'application/json'} 
 body=b'{"produtos": [{"idProduto": "sem_id_valido", "quantidade": 2}]}' 
 </msg>
<msg time="2026-04-07T17:31:11.509295" level="INFO">POST Response : url=http://localhost:3000/carrinhos 
 status=400, reason=Bad Request 
 headers={'Access-Control-Allow-Origin': '*', 'x-dns-prefetch-control': 'off', 'x-frame-options': 'SAMEORIGIN', 'strict-transport-security': 'max-age=15552000; includeSubDomains', 'x-download-options': 'noopen', 'x-content-type-options': 'nosniff', 'x-xss-protection': '1; mode=block', 'Content-Type': 'application/json; charset=utf-8', 'Content-Length': '147', 'Date': 'Tue, 07 Apr 2026 20:31:11 GMT', 'Connection': 'keep-alive', 'Keep-Alive': 'timeout=5'} 
 body={
    "message": "Produto não encontrado",
    "item": {
        "idProduto": "sem_id_valido",
        "quantidade": 2,
        "index": 0
    }
} 
 </msg>
<msg time="2026-04-07T17:31:11.509516" level="INFO">${response} = &lt;Response [400]&gt;</msg>
<var>${response}</var>
<arg>serverest</arg>
<arg>/carrinhos</arg>
<arg>json=${payload}</arg>
<arg>headers=${header}</arg>
<arg>expected_status=anything</arg>
<doc>Sends a POST request on a previously created HTTP Session.</doc>
<status status="PASS" start="2026-04-07T17:31:11.498094" elapsed="0.011470"/>
</kw>
<kw name="Set Global Variable" owner="BuiltIn">
<msg time="2026-04-07T17:31:11.511417" level="INFO">${response} = &lt;Response [400]&gt;</msg>
<arg>${response}</arg>
<doc>Makes a variable available globally in all tests and suites.</doc>
<status status="PASS" start="2026-04-07T17:31:11.510004" elapsed="0.001614"/>
</kw>
<if>
<branch type="IF" condition="${response.status_code} == 201">
<kw name="Set Variable" owner="BuiltIn">
<var>${carrinho_id}</var>
<arg>${response.json()["_id"]}</arg>
<doc>Returns the given values which can then be assigned to a variables.</doc>
<status status="NOT RUN" start="2026-04-07T17:31:11.513260" elapsed="0.000050"/>
</kw>
<kw name="Set Global Variable" owner="BuiltIn">
<arg>${carrinho_id}</arg>
<doc>Makes a variable available globally in all tests and suites.</doc>
<status status="NOT RUN" start="2026-04-07T17:31:11.513661" elapsed="0.000055"/>
</kw>
<status status="NOT RUN" start="2026-04-07T17:31:11.511886" elapsed="0.001901"/>
</branch>
<status status="PASS" start="2026-04-07T17:31:11.511820" elapsed="0.002019"/>
</if>
<status status="PASS" start="2026-04-07T17:31:11.494176" elapsed="0.019762"/>
</kw>
<status status="PASS" start="2026-04-07T17:31:11.483970" elapsed="0.030035"/>
</kw>
<kw name="Imprimir Carrinho Response.Content" owner="carrinhos_keywords">
<if>
<branch type="IF" condition="${response.status_code} == 200 or ${response.status_code} == 201">
<kw name="Log To Console" owner="BuiltIn">
<arg>${yellow}Resposta para Cadastro de Carrino:${yellow} ${green}${response.content}${green}</arg>
<doc>Logs the given message to the console.</doc>
<status status="NOT RUN" start="2026-04-07T17:31:11.516587" elapsed="0.000035"/>
</kw>
<status status="NOT RUN" start="2026-04-07T17:31:11.515222" elapsed="0.001465"/>
</branch>
<branch type="ELSE">
<kw name="Log To Console" owner="BuiltIn">
<arg>${yellow}Resposta para Cadastro de Carrinho:${yellow} ${red}${response.content}${red}</arg>
<doc>Logs the given message to the console.</doc>
<status status="PASS" start="2026-04-07T17:31:11.516881" elapsed="0.001461"/>
</kw>
<status status="PASS" start="2026-04-07T17:31:11.516731" elapsed="0.001767"/>
</branch>
<status status="PASS" start="2026-04-07T17:31:11.515175" elapsed="0.003385"/>
</if>
<status status="PASS" start="2026-04-07T17:31:11.514648" elapsed="0.004049"/>
</kw>
<kw name="Resposta Carrinho Produto Nao Encontrado" owner="carrinhos_keywords">
<kw name="Should Contain" owner="BuiltIn">
<arg>${response.json()["message"]}</arg>
<arg>Produto não encontrado</arg>
<doc>Fails if ``container`` does not contain ``item`` one or more times.</doc>
<status status="PASS" start="2026-04-07T17:31:11.519942" elapsed="0.001432"/>
</kw>
<kw name="Should Not Be Empty" owner="BuiltIn">
<msg time="2026-04-07T17:31:11.523039" level="INFO">Length is 3.</msg>
<arg>${response.json()["item"]}</arg>
<doc>Verifies that the given item is not empty.</doc>
<status status="PASS" start="2026-04-07T17:31:11.521735" elapsed="0.001409"/>
</kw>
<status status="PASS" start="2026-04-07T17:31:11.519275" elapsed="0.003992"/>
</kw>
<kw name="validar Status Code &quot;400&quot;" owner="common" source_name="validar Status Code &quot;${statuscode}&quot;">
<kw name="Should Be True" owner="BuiltIn">
<arg>${response.status_code} == ${status_code}</arg>
<doc>Fails if the given condition is not true.</doc>
<status status="PASS" start="2026-04-07T17:31:11.524536" elapsed="0.002201"/>
</kw>
<if>
<branch type="IF" condition="${response.status_code} == 200 or ${response.status_code} == 201">
<kw name="Log To Console" owner="BuiltIn">
<arg>${yellow}Status Code Retornado:${yellow} ${green}${response.status_code}${green}</arg>
<doc>Logs the given message to the console.</doc>
<status status="NOT RUN" start="2026-04-07T17:31:11.529484" elapsed="0.000075"/>
</kw>
<status status="NOT RUN" start="2026-04-07T17:31:11.527028" elapsed="0.002642"/>
</branch>
<branch type="ELSE">
<kw name="Log To Console" owner="BuiltIn">
<arg>${yellow}Status Code Retornado:${yellow} ${red}${response.status_code}${red}</arg>
<doc>Logs the given message to the console.</doc>
<status status="PASS" start="2026-04-07T17:31:11.530100" elapsed="0.001872"/>
</kw>
<status status="PASS" start="2026-04-07T17:31:11.529754" elapsed="0.002325"/>
</branch>
<status status="PASS" start="2026-04-07T17:31:11.526950" elapsed="0.005177"/>
</if>
<status status="PASS" start="2026-04-07T17:31:11.523913" elapsed="0.008320"/>
</kw>
<tag>POST_CARRINHO_PRODUTO_NAO_ENCONTRADO</tag>
<status status="PASS" start="2026-04-07T17:31:11.439280" elapsed="0.093314"/>
</test>
<test id="s1-s1-t5" name="Cenario: POST Carrinho Produto Insuficiente 400" line="57">
<kw name="Iniciar cores de resposta" owner="common">
<kw name="Evaluate" owner="BuiltIn">
<msg time="2026-04-07T17:31:11.535703" level="INFO">${red} = [31m</msg>
<var>${red}</var>
<arg>${RED}</arg>
<doc>Evaluates the given expression in Python and returns the result.</doc>
<status status="PASS" start="2026-04-07T17:31:11.535054" elapsed="0.000740"/>
[...]
</kw>
<kw name="POST On Session" owner="RequestsLibrary">
<msg time="2026-04-07T17:31:15.966797" level="INFO">POST Request : url=http://localhost:3000/carrinhos 
 path_url=/carrinhos 
 headers={'User-Agent': 'python-requests/2.33.1', 'Accept-Encoding': 'gzip, deflate', 'Accept': '*/*', 'Connection': 'keep-alive', 'Authorization': 'Bearer eyJhbGciOiJIUzI1NiIsInR5cCI6IkpXVCJ9.eyJlbWFpbCI6Im5pY2hvbHNyZW5lZUBleGFtcGxlLm5ldCIsInBhc3N3b3JkIjoiZGgjOWZIdVkqQyIsImlhdCI6MTc3NTU5Mzg3NSwiZXhwIjoxNzc1NTk0NDc1fQ._jaUgDvXuu7quZtmLRlMX3e_hZqQPuAo_Nnv6QiogTI', 'Content-Length': '66', 'Content-Type': 'application/json'} 
 body=b'{"produtos": [{"idProduto": "BeeJh5lz3k6kSIzA", "quantidade": 2}]}' 
 </msg>
<msg time="2026-04-07T17:31:15.966982" level="INFO">POST Response : url=http://localhost:3000/carrinhos 
 status=201, reason=Created 
 headers={'Access-Control-Allow-Origin': '*', 'x-dns-prefetch-control': 'off', 'x-frame-options': 'SAMEORIGIN', 'strict-transport-security': 'max-age=15552000; includeSubDomains', 'x-download-options': 'noopen', 'x-content-type-options': 'nosniff', 'x-xss-protection': '1; mode=block', 'Content-Type': 'application/json; charset=utf-8', 'Content-Length': '82', 'Date': 'Tue, 07 Apr 2026 20:31:15 GMT', 'Connection': 'keep-alive', 'Keep-Alive': 'timeout=5'} 
 body={
    "message": "Cadastro realizado com sucesso",
    "_id": "umbqVaFJCVuLPkH2"
} 
 </msg>
<msg time="2026-04-07T17:31:15.967198" level="INFO">${response} = &lt;Response [201]&gt;</msg>
<var>${response}</var>
<arg>serverest</arg>
<arg>/carrinhos</arg>
<arg>json=${payload}</arg>
<arg>headers=${header}</arg>
<arg>expected_status=anything</arg>
<doc>Sends a POST request on a previously created HTTP Session.</doc>
<status status="PASS" start="2026-04-07T17:31:15.950600" elapsed="0.016647"/>
</kw>
<kw name="Set Global Variable" owner="BuiltIn">
<msg time="2026-04-07T17:31:15.968289" level="INFO">${response} = &lt;Response [201]&gt;</msg>
<arg>${response}</arg>
<doc>Makes a variable available globally in all tests and suites.</doc>
<status status="PASS" start="2026-04-07T17:31:15.967600" elapsed="0.000773"/>
</kw>
<if>
<branch type="IF" condition="${response.status_code} == 201">
<kw name="Set Variable" owner="BuiltIn">
<msg time="2026-04-07T17:31:15.970700" level="INFO">${carrinho_id} = umbqVaFJCVuLPkH2</msg>
<var>${carrinho_id}</var>
<arg>${response.json()["_id"]}</arg>
<doc>Returns the given values which can then be assigned to a variables.</doc>
<status status="PASS" start="2026-04-07T17:31:15.969492" elapsed="0.001280"/>
</kw>
<kw name="Set Global Variable" owner="BuiltIn">
<msg time="2026-04-07T17:31:15.971845" level="INFO">${carrinho_id} = umbqVaFJCVuLPkH2</msg>
<arg>${carrinho_id}</arg>
<doc>Makes a variable available globally in all tests and suites.</doc>
<status status="PASS" start="2026-04-07T17:31:15.971148" elapsed="0.000779"/>
</kw>
<status status="PASS" start="2026-04-07T17:31:15.968529" elapsed="0.003468"/>
</branch>
<status status="PASS" start="2026-04-07T17:31:15.968484" elapsed="0.003571"/>
</if>
<status status="PASS" start="2026-04-07T17:31:15.947759" elapsed="0.024390"/>
</kw>
<status status="PASS" start="2026-04-07T17:31:15.937425" elapsed="0.034804"/>
</kw>
<kw name="DELETE Endpoint /usuarios Carrinho Cadastrado" owner="user_keywords">
<kw name="Buscar Usuario" owner="library_python">
<msg time="2026-04-07T17:31:15.983705" level="INFO">${json} = 0mrVyUILTB5XCy3b</msg>
<var>${json}</var>
<status status="PASS" start="2026-04-07T17:31:15.973512" elapsed="0.010303"/>
</kw>
<kw name="DELETE On Session" owner="RequestsLibrary">
<msg time="2026-04-07T17:31:15.988510" level="INFO">DELETE Request : url=http://localhost:3000/usuarios/0mrVyUILTB5XCy3b 
 path_url=/usuarios/0mrVyUILTB5XCy3b 
 headers={'User-Agent': 'python-requests/2.33.1', 'Accept-Encoding': 'gzip, deflate', 'Accept': '*/*', 'Connection': 'keep-alive', 'Content-Length': '0'} 
 body=None 
 </msg>
<msg time="2026-04-07T17:31:15.988652" level="INFO">DELETE Response : url=http://localhost:3000/usuarios/0mrVyUILTB5XCy3b 
 status=400, reason=Bad Request 
 headers={'Access-Control-Allow-Origin': '*', 'x-dns-prefetch-control': 'off', 'x-frame-options': 'SAMEORIGIN', 'strict-transport-security': 'max-age=15552000; includeSubDomains', 'x-download-options': 'noopen', 'x-content-type-options': 'nosniff', 'x-xss-protection': '1; mode=block', 'Content-Type': 'application/json; charset=utf-8', 'Content-Length': '117', 'Date': 'Tue, 07 Apr 2026 20:31:15 GMT', 'Connection': 'keep-alive', 'Keep-Alive': 'timeout=5'} 
 body={
    "message": "Não é permitido excluir usuário com carrinho cadastrado",
    "idCarrinho": "umbqVaFJCVuLPkH2"
} 
 </msg>
<msg time="2026-04-07T17:31:15.988867" level="INFO">${response} = &lt;Response [400]&gt;</msg>
<var>${response}</var>
<arg>serverest</arg>
<arg>/usuarios/${json}</arg>
<arg>expected_status=anything</arg>
<doc>Sends a DELETE request on a previously created HTTP Session.</doc>
<status status="PASS" start="2026-04-07T17:31:15.984119" elapsed="0.004902"/>
</kw>
<kw name="Set Global Variable" owner="BuiltIn">
<msg time="2026-04-07T17:31:15.990472" level="INFO">${response} = &lt;Response [400]&gt;</msg>
<arg>${response}</arg>
<doc>Makes a variable available globally in all tests and suites.</doc>
<status status="PASS" start="2026-04-07T17:31:15.989488" elapsed="0.001117"/>
</kw>
<status status="PASS" start="2026-04-07T17:31:15.972763" elapsed="0.017988"/>
</kw>
<kw name="Imprimir Delete Usuario Response.Content" owner="user_keywords">
<kw name="Log To Console" owner="BuiltIn">
<arg>${yellow}Resposta para Usuario Deletado:${yellow} ${red}${response.content}${red}</arg>
<doc>Logs the given message to the console.</doc>
<status status="PASS" start="2026-04-07T17:31:15.993230" elapsed="0.002400"/>
</kw>
<status status="PASS" start="2026-04-07T17:31:15.991677" elapsed="0.004273"/>
</kw>
<kw name="Resposta Delete Usuario Carrinho Cadastrado" owner="user_keywords">
<kw name="Should Be Equal" owner="BuiltIn">
<arg>${response.json()["message"]}</arg>
<arg>Não é permitido excluir usuário com carrinho cadastrado</arg>
<doc>Fails if the given objects are unequal.</doc>
<status status="PASS" start="2026-04-07T17:31:15.997637" elapsed="0.001271"/>
</kw>
<kw name="Should Not Be Empty" owner="BuiltIn">
<msg time="2026-04-07T17:31:16.000910" level="INFO">Length is 16.</msg>
<arg>${response.json()["idCarrinho"]}</arg>
<doc>Verifies that the given item is not empty.</doc>
<status status="PASS" start="2026-04-07T17:31:15.999250" elapsed="0.001818"/>
</kw>
<status status="PASS" start="2026-04-07T17:31:15.996855" elapsed="0.004391"/>
</kw>
<kw name="validar Status Code &quot;400&quot;" owner="common" source_name="validar Status Code &quot;${statuscode}&quot;">
<kw name="Should Be True" owner="BuiltIn">
<arg>${response.status_code} == ${status_code}</arg>
<doc>Fails if the given condition is not true.</doc>
<status status="PASS" start="2026-04-07T17:31:16.002351" elapsed="0.001535"/>
</kw>
<if>
<branch type="IF" condition="${response.status_code} == 200 or ${response.status_code} == 201">
<kw name="Log To Console" owner="BuiltIn">
<arg>${yellow}Status Code Retornado:${yellow} ${green}${response.status_code}${green}</arg>
<doc>Logs the given message to the console.</doc>
<status status="NOT RUN" start="2026-04-07T17:31:16.005754" elapsed="0.000052"/>
</kw>
<status status="NOT RUN" start="2026-04-07T17:31:16.004031" elapsed="0.001852"/>
</branch>
<branch type="ELSE">
<kw name="Log To Console" owner="BuiltIn">
<arg>${yellow}Status Code Retornado:${yellow} ${red}${response.status_code}${red}</arg>
<doc>Logs the given message to the console.</doc>
<status status="PASS" start="2026-04-07T17:31:16.006176" elapsed="0.002605"/>
</kw>
<status status="PASS" start="2026-04-07T17:31:16.005946" elapsed="0.003199"/>
</branch>
<status status="PASS" start="2026-04-07T17:31:16.003995" elapsed="0.005255"/>
</if>
<status status="PASS" start="2026-04-07T17:31:16.001857" elapsed="0.007606"/>
</kw>
<kw name="DELETE Endpoint /carrinhos Cancelar Compra" owner="carrinhos_keywords">
<kw name="Create Dictionary" owner="BuiltIn">
<msg time="2026-04-07T17:31:16.012776" level="INFO">${header} = {'Authorization': 'Bearer eyJhbGciOiJIUzI1NiIsInR5cCI6IkpXVCJ9.eyJlbWFpbCI6Im5pY2hvbHNyZW5lZUBleGFtcGxlLm5ldCIsInBhc3N3b3JkIjoiZGgjOWZIdVkqQyIsImlhdCI6MTc3NTU5Mzg3NSwiZXhwIjoxNzc1NTk0NDc1fQ._jaUgDvXuu...</msg>
<var>${header}</var>
<arg>Authorization=${token_auth}</arg>
<doc>Creates and returns a dictionary based on the given ``items``.</doc>
<status status="PASS" start="2026-04-07T17:31:16.011918" elapsed="0.000946"/>
</kw>
<kw name="DELETE On Session" owner="RequestsLibrary">
<msg time="2026-04-07T17:31:16.034923" level="INFO">DELETE Request : url=http://localhost:3000/carrinhos/cancelar-compra 
 path_url=/carrinhos/cancelar-compra 
 headers={'User-Agent': 'python-requests/2.33.1', 'Accept-Encoding': 'gzip, deflate', 'Accept': '*/*', 'Connection': 'keep-alive', 'Authorization': 'Bearer eyJhbGciOiJIUzI1NiIsInR5cCI6IkpXVCJ9.eyJlbWFpbCI6Im5pY2hvbHNyZW5lZUBleGFtcGxlLm5ldCIsInBhc3N3b3JkIjoiZGgjOWZIdVkqQyIsImlhdCI6MTc3NTU5Mzg3NSwiZXhwIjoxNzc1NTk0NDc1fQ._jaUgDvXuu7quZtmLRlMX3e_hZqQPuAo_Nnv6QiogTI', 'Content-Length': '0'} 
 body=None 
 </msg>
<msg time="2026-04-07T17:31:16.035082" level="INFO">DELETE Response : url=http://localhost:3000/carrinhos/cancelar-compra 
 status=200, reason=OK 
 headers={'Access-Control-Allow-Origin': '*', 'x-dns-prefetch-control': 'off', 'x-frame-options': 'SAMEORIGIN', 'strict-transport-security': 'max-age=15552000; includeSubDomains', 'x-download-options': 'noopen', 'x-content-type-options': 'nosniff', 'x-xss-protection': '1; mode=block', 'Content-Type': 'application/json; charset=utf-8', 'Content-Length': '86', 'Date': 'Tue, 07 Apr 2026 20:31:16 GMT', 'Connection': 'keep-alive', 'Keep-Alive': 'timeout=5'} 
 body={
    "message": "Registro excluído com sucesso. Estoque dos produtos reabastecido"
} 
 </msg>
<msg time="2026-04-07T17:31:16.035343" level="INFO">${response} = &lt;Response [200]&gt;</msg>
<var>${response}</var>
<arg>serverest</arg>
<arg>/carrinhos/cancelar-compra</arg>
<arg>headers=${header}</arg>
<arg>expected_status=anything</arg>
<doc>Sends a DELETE request on a previously created HTTP Session.</doc>
<status status="PASS" start="2026-04-07T17:31:16.013241" elapsed="0.022162"/>
</kw>
<kw name="Set Global Variable" owner="BuiltIn">
<msg time="2026-04-07T17:31:16.036645" level="INFO">${response} = &lt;Response [200]&gt;</msg>
<arg>${response}</arg>
<doc>Makes a variable available globally in all tests and suites.</doc>
<status status="PASS" start="2026-04-07T17:31:16.035763" elapsed="0.001005"/>
</kw>
<status status="PASS" start="2026-04-07T17:31:16.011109" elapsed="0.025783"/>
</kw>
<tag>DELETE_USUARIO_CARRINHO_CADASTRADO</tag>
<status status="PASS" start="2026-04-07T17:31:15.894596" elapsed="0.142703"/>
</test>
<doc>Arquivos de teste para o endpoint de /usuarios</doc>
<status status="FAIL" start="2026-04-07T17:31:15.561200" elapsed="0.477396"/>
</suite>
<status status="FAIL" start="2026-04-07T17:31:09.303952" elapsed="6.738281"/>
</suite>
<statistics>
<total>
<stat pass="37" fail="16" skip="0">All Tests</stat>
</total>
<tag>
<stat pass="1" fail="0" skip="0">DELETE_CANCELAR_COMPRA</stat>
<stat pass="1" fail="0" skip="0">DELETE_CANCELAR_COMPRA_CARRINHO_NAO_CADASTRADO</stat>
<stat pass="1" fail="0" skip="0">DELETE_CANCELAR_COMPRA_TOKEN_INVALIDO</stat>
<stat pass="2" fail="0" skip="0">DELETE_COMPRA_TOKEN_USUARIO_EXCLUIDO</stat>
<stat pass="1" fail="0" skip="0">DELETE_CONCLUIR_COMPRA</stat>
<stat pass="1" fail="0" skip="0">DELETE_CONCLUIR_COMPRA_CARRINHO_NAO_CADASTRADO</stat>
<stat pass="1" fail="0" skip="0">DELETE_CONCLUIR_COMPRA_TOKEN_INVALIDO</stat>
<stat pass="1" fail="0" skip="0">DELETE_PRODUTO</stat>
<stat pass="0" fail="1" skip="0">DELETE_PRODUTO_ADM_FALSE</stat>
<stat pass="1" fail="0" skip="0">DELETE_PRODUTO_CARRINHO_CADASTRADO</stat>
<stat pass="0" fail="1" skip="0">DELETE_PRODUTO_ID_INEXISTENTE</stat>
<stat pass="1" fail="0" skip="0">DELETE_PRODUTO_TOKEN_INVALIDO</stat>
<stat pass="1" fail="0" skip="0">DELETE_PRODUTO_TOKE_USUARIO_EXCLUIDO</stat>
<stat pass="0" fail="1" skip="0">DELETE_USUARIO</stat>
<stat pass="1" fail="0" skip="0">DELETE_USUARIO_CARRINHO_CADASTRADO</stat>
<stat pass="1" fail="0" skip="0">DELETE_USUARIO_ID_INEXISTENTE</stat>
<stat pass="1" fail="0" skip="0">GET_LISTAR_CARRINHOS</stat>
<stat pass="2" fail="0" skip="0">GET_PRODUTO_ID</stat>
<stat pass="0" fail="1" skip="0">GET_PRODUTO_ID_NAO_ENCONTRADO</stat>
<stat pass="1" fail="0" skip="0">GET_PRODUTOS</stat>
<stat pass="1" fail="0" skip="0">GET_PRODUTO_SEM_ID</stat>
<stat pass="1" fail="0" skip="0">GET_USUARIO_ID</stat>
<stat pass="0" fail="1" skip="0">GET_USUARIO_ID_NAO_ENCONTRADO</stat>
<stat pass="1" fail="0" skip="0">GET_USUARIOS</stat>
<stat pass="1" fail="0" skip="0">POST_CARRINHO</stat>
<stat pass="1" fail="0" skip="0">POST_CARRINHO_DUPLICIDADE</stat>
<stat pass="1" fail="0" skip="0">POST_CARRINHO_PRODUTO_DUPLICADO</stat>
<stat pass="1" fail="0" skip="0">POST_CARRINHO_PRODUTO_INSUFICIENTE</stat>
<stat pass="1" fail="0" skip="0">POST_CARRINHO_PRODUTO_NAO_ENCONTRADO</stat>
<stat pass="1" fail="0" skip="0">POST_CARRINHO_TOKEN_INVALIDO</stat>
<stat pass="1" fail="0" skip="0">POST_LOGIN</stat>
<stat pass="0" fail="1" skip="0">POST_LOGIN_INVALIDO</stat>
<stat pass="0" fail="1" skip="0">POST_LOGIN_SEM_EMAIL</stat>
<stat pass="0" fail="1" skip="0">POST_LOGIN_SEM_SENHA</stat>
<stat pass="1" fail="0" skip="0">POST_PRODUTO</stat>
<stat pass="0" fail="1" skip="0">POST_PRODUTO_ADM_FALSE</stat>
<stat pass="1" fail="0" skip="0">POST_PRODUTO_TOKEN_INVALIDO</stat>
<stat pass="1" fail="0" skip="0">POST_PRODUTREPETIDO</stat>
<stat pass="2" fail="0" skip="0">POST_TOKEN_USUARIO_EXCLUIDO</stat>
<stat pass="0" fail="1" skip="0">POST_USUARIO</stat>
<stat pass="0" fail="1" skip="0">POST_USUARIO_EMAIL_REPETIDO</stat>
<stat pass="1" fail="0" skip="0">PUT_PRODUTO</stat>
<stat pass="0" fail="1" skip="0">PUT_PRODUTO_ADM_FALSE</stat>
<stat pass="1" fail="0" skip="0">PUT_PRODUTO_NOME_REPETIDO</stat>
<stat pass="0" fail="1" skip="0">PUT_PRODUTO_SEM_ID</stat>
<stat pass="1" fail="0" skip="0">PUT_PRODUTO_TOKEN_INVALIDO</stat>
<stat pass="1" fail="0" skip="0">PUT_PRODUTO_TOKEN_USUARIO_EXCLUIDO</stat>
<stat pass="0" fail="1" skip="0">PUT_USUARIO</stat>
<stat pass="0" fail="1" skip="0">PUT_USUARIO_EMAIL_REPETIDO</stat>
<stat pass="0" fail="1" skip="0">PUT_USUARIO_SEM_ID</stat>
</tag>
<suite>
<stat name="Tests" id="s1" pass="37" fail="16" skip="0">Tests</stat>
<stat name="Carrinhos Test" id="s1-s1" pass="18" fail="0" skip="0">Tests.Carrinhos Test</stat>
<stat name="Login Test" id="s1-s2" pass="1" fail="3" skip="0">Tests.Login Test</stat>
<stat name="Produtos Test" id="s1-s3" pass="14" fail="6" skip="0">Tests.Produtos Test</stat>
<stat name="User Test" id="s1-s4" pass="4" fail="7" skip="0">Tests.User Test</stat>
</suite>
</statistics>
<errors>
<msg time="2026-04-07T17:31:10.613850" level="WARN">Error in file 'D:\projetos\serverest_robot_framework\support\common\common.robot' on line 45: The '[Return]' setting is deprecated. Use the 'RETURN' statement instead.</msg>
<msg time="2026-04-07T17:31:10.641447" level="WARN">Error in file 'D:\projetos\serverest_robot_framework\support\fixtures\dynamics.robot' on line 14: The '[Return]' setting is deprecated. Use the 'RETURN' statement instead.</msg>
<msg time="2026-04-07T17:31:10.642019" level="WARN">Error in file 'D:\projetos\serverest_robot_framework\support\fixtures\dynamics.robot' on line 19: The '[Return]' setting is deprecated. Use the 'RETURN' statement instead.</msg>
<msg time="2026-04-07T17:31:10.642498" level="WARN">Error in file 'D:\projetos\serverest_robot_framework\support\fixtures\dynamics.robot' on line 24: The '[Return]' setting is deprecated. Use the 'RETURN' statement instead.</msg>
<msg time="2026-04-07T17:31:10.643015" level="WARN">Error in file 'D:\projetos\serverest_robot_framework\support\fixtures\dynamics.robot' on line 33: The '[Return]' setting is deprecated. Use the 'RETURN' statement instead.</msg>
<msg time="2026-04-07T17:31:10.643717" level="WARN">Error in file 'D:\projetos\serverest_robot_framework\support\fixtures\dynamics.robot' on line 41: The '[Return]' setting is deprecated. Use the 'RETURN' statement instead.</msg>
<msg time="2026-04-07T17:31:10.644328" level="WARN">Error in file 'D:\projetos\serverest_robot_framework\support\fixtures\dynamics.robot' on line 49: The '[Return]' setting is deprecated. Use the 'RETURN' statement instead.</msg>
<msg time="2026-04-07T17:31:10.683909" level="ERROR">Error in file 'D:\projetos\serverest_robot_framework\support\fixtures\dynamics.robot' on line 3: Importing library 'FakerLibrary' failed: ModuleNotFoundError: No module named 'pkg_resources'
Traceback (most recent call last):
  File "D:\projetos\serverest_robot_framework\.venv\Lib\site-packages\FakerLibrary\__init__.py", line 1, in &lt;module&gt;
    import pkg_resources
PYTHONPATH:
  D:\projetos\serverest_robot_framework\.venv\Scripts\robot.exe
  C:\Users\Ney Backes\.pyenv\pyenv-win\versions\3.13.0\python313.zip
  C:\Users\Ney Backes\.pyenv\pyenv-win\versions\3.13.0\DLLs
  C:\Users\Ney Backes\.pyenv\pyenv-win\versions\3.13.0\Lib
  C:\Users\Ney Backes\.pyenv\pyenv-win\versions\3.13.0
  D:\projetos\serverest_robot_framework\.venv
  D:\projetos\serverest_robot_framework\.venv\Lib\site-packages</msg>
<msg time="2026-04-07T17:31:13.100528" level="ERROR">Error in file 'D:\projetos\serverest_robot_framework\support\fixtures\dynamics.robot' on line 3: Importing library 'FakerLibrary' failed: ModuleNotFoundError: No module named 'pkg_resources'
Traceback (most recent call last):
  File "D:\projetos\serverest_robot_framework\.venv\Lib\site-packages\FakerLibrary\__init__.py", line 1, in &lt;module&gt;
    import pkg_resources
PYTHONPATH:
  D:\projetos\serverest_robot_framework\.venv\Scripts\robot.exe
  C:\Users\Ney Backes\.pyenv\pyenv-win\versions\3.13.0\python313.zip
  C:\Users\Ney Backes\.pyenv\pyenv-win\versions\3.13.0\DLLs
  C:\Users\Ney Backes\.pyenv\pyenv-win\versions\3.13.0\Lib
  C:\Users\Ney Backes\.pyenv\pyenv-win\versions\3.13.0
  D:\projetos\serverest_robot_framework\.venv
  D:\projetos\serverest_robot_framework\.venv\Lib\site-packages</msg>
<msg time="2026-04-07T17:31:13.296805" level="ERROR">Error in file 'D:\projetos\serverest_robot_framework\support\fixtures\dynamics.robot' on line 3: Importing library 'FakerLibrary' failed: ModuleNotFoundError: No module named 'pkg_resources'
Traceback (most recent call last):
  File "D:\projetos\serverest_robot_framework\.venv\Lib\site-packages\FakerLibrary\__init__.py", line 1, in &lt;module&gt;
    import pkg_resources
PYTHONPATH:
  D:\projetos\serverest_robot_framework\.venv\Scripts\robot.exe
  C:\Users\Ney Backes\.pyenv\pyenv-win\versions\3.13.0\python313.zip
  C:\Users\Ney Backes\.pyenv\pyenv-win\versions\3.13.0\DLLs
  C:\Users\Ney Backes\.pyenv\pyenv-win\versions\3.13.0\Lib
  C:\Users\Ney Backes\.pyenv\pyenv-win\versions\3.13.0
  D:\projetos\serverest_robot_framework\.venv
  D:\projetos\serverest_robot_framework\.venv\Lib\site-packages</msg>
<msg time="2026-04-07T17:31:15.582169" level="ERROR">Error in file 'D:\projetos\serverest_robot_framework\support\fixtures\dynamics.robot' on line 3: Importing library 'FakerLibrary' failed: ModuleNotFoundError: No module named 'pkg_resources'
Traceback (most recent call last):
  File "D:\projetos\serverest_robot_framework\.venv\Lib\site-packages\FakerLibrary\__init__.py", line 1, in &lt;module&gt;
    import pkg_resources
PYTHONPATH:
  D:\projetos\serverest_robot_framework\.venv\Scripts\robot.exe
  C:\Users\Ney Backes\.pyenv\pyenv-win\versions\3.13.0\python313.zip
  C:\Users\Ney Backes\.pyenv\pyenv-win\versions\3.13.0\DLLs
  C:\Users\Ney Backes\.pyenv\pyenv-win\versions\3.13.0\Lib
  C:\Users\Ney Backes\.pyenv\pyenv-win\versions\3.13.0
  D:\projetos\serverest_robot_framework\.venv
  D:\projetos\serverest_robot_framework\.venv\Lib\site-packages</msg>
</errors>
</robot>
