<?xml version="1.0" encoding="UTF-8"?>
<robot generator="Robot 5.0.1 (Python 3.10.4 on linux)" generated="20220803 10:42:12.611" rpa="false" schemaversion="3">
<suite id="s1" name="Tests" source="/home/neybackes/Documentos/Robotron_NeyBackes_ProjetoFInal/tests">
<suite id="s1-s1" name="Carrinhos Test" source="/home/neybackes/Documentos/Robotron_NeyBackes_ProjetoFInal/tests/carrinhos_test.robot">
<kw name="Criar Sessao" library="common" type="SETUP">
<kw name="Create Session" library="RequestsLibrary">
<arg>serverest</arg>
<arg>${base_uri}</arg>
<doc>Create Session: create a HTTP session to a server</doc>
<msg timestamp="20220803 10:42:13.065" level="INFO">Creating Session using : alias=serverest, url=http://localhost:3000, headers={},                     cookies={}, auth=None, timeout=None, proxies=None, verify=False,                     debug=0 </msg>
<status status="PASS" starttime="20220803 10:42:13.065" endtime="20220803 10:42:13.065"/>
</kw>
<status status="PASS" starttime="20220803 10:42:13.064" endtime="20220803 10:42:13.065"/>
</kw>
<test id="s1-s1-t1" name="Cenario: POST Carrinho 201" line="17">
<kw name="Iniciar cores de resposta" library="common">
<kw name="Evaluate" library="BuiltIn">
<var>${red}</var>
<arg>${RED}</arg>
<doc>Evaluates the given expression in Python and returns the result.</doc>
<msg timestamp="20220803 10:42:13.067" level="INFO">${red} = [31m</msg>
<status status="PASS" starttime="20220803 10:42:13.067" endtime="20220803 10:42:13.067"/>
</kw>
<kw name="Set Test Variable" library="BuiltIn">
<arg>${red}</arg>
<doc>Makes a variable available everywhere within the scope of the current test.</doc>
<msg timestamp="20220803 10:42:13.068" level="INFO">${red} = [31m</msg>
<status status="PASS" starttime="20220803 10:42:13.067" endtime="20220803 10:42:13.068"/>
</kw>
<kw name="Evaluate" library="BuiltIn">
<var>${yellow}</var>
<arg>${YELLOW}</arg>
<doc>Evaluates the given expression in Python and returns the result.</doc>
<msg timestamp="20220803 10:42:13.068" level="INFO">${yellow} = [33m</msg>
<status status="PASS" starttime="20220803 10:42:13.068" endtime="20220803 10:42:13.068"/>
</kw>
<kw name="Set Test Variable" library="BuiltIn">
<arg>${yellow}</arg>
<doc>Makes a variable available everywhere within the scope of the current test.</doc>
<msg timestamp="20220803 10:42:13.068" level="INFO">${yellow} = [33m</msg>
<status status="PASS" starttime="20220803 10:42:13.068" endtime="20220803 10:42:13.069"/>
</kw>
<kw name="Evaluate" library="BuiltIn">
<var>${green}</var>
<arg>${GREEN}</arg>
<doc>Evaluates the given expression in Python and returns the result.</doc>
<msg timestamp="20220803 10:42:13.069" level="INFO">${green} = [32m</msg>
<status status="PASS" starttime="20220803 10:42:13.069" endtime="20220803 10:42:13.069"/>
</kw>
<kw name="Set Test Variable" library="BuiltIn">
<arg>${green}</arg>
<doc>Makes a variable available everywhere within the scope of the current test.</doc>
<msg timestamp="20220803 10:42:13.069" level="INFO">${green} = [32m</msg>
<status status="PASS" starttime="20220803 10:42:13.069" endtime="20220803 10:42:13.069"/>
</kw>
<status status="PASS" starttime="20220803 10:42:13.066" endtime="20220803 10:42:13.070"/>
</kw>
<kw name="POST Login Valido Usando FUNCAO" library="login_keywords">
<kw name="Login Padrao" library="library_python">
<var>${json}</var>
<msg timestamp="20220803 10:42:13.076" level="INFO">${json} = {'email': 'fulano@qa.com.br', 'password': 'teste'}</msg>
<status status="PASS" starttime="20220803 10:42:13.070" endtime="20220803 10:42:13.076"/>
</kw>
<kw name="Set Variable" library="BuiltIn">
<var>${payload}</var>
<arg>${json}</arg>
<doc>Returns the given values which can then be assigned to a variables.</doc>
<msg timestamp="20220803 10:42:13.077" level="INFO">${payload} = {'email': 'fulano@qa.com.br', 'password': 'teste'}</msg>
<status status="PASS" starttime="20220803 10:42:13.076" endtime="20220803 10:42:13.077"/>
</kw>
<kw name="Set Global Variable" library="BuiltIn">
<arg>${payload}</arg>
<doc>Makes a variable available globally in all tests and suites.</doc>
<msg timestamp="20220803 10:42:13.077" level="INFO">${payload} = {'email': 'fulano@qa.com.br', 'password': 'teste'}</msg>
<status status="PASS" starttime="20220803 10:42:13.077" endtime="20220803 10:42:13.077"/>
</kw>
<kw name="POST Endpoint /login" library="login_keywords">
<kw name="POST On Session" library="RequestsLibrary">
<var>${response}</var>
<arg>serverest</arg>
<arg>/login</arg>
<arg>json=&amp;{payload}</arg>
<arg>expected_status=anything</arg>
<doc>Sends a POST request on a previously created HTTP Session.</doc>
<msg timestamp="20220803 10:42:13.083" level="INFO">POST Request : url=http://localhost:3000/login 
 path_url=/login 
 headers={'User-Agent': 'python-requests/2.28.1', 'Accept-Encoding': 'gzip, deflate', 'Accept': '*/*', 'Connection': 'keep-alive', 'Content-Length': '50', 'Content-Type': 'application/json'} 
 body=b'{"email": "fulano@qa.com.br", "password": "teste"}' 
 </msg>
<msg timestamp="20220803 10:42:13.083" level="INFO">POST Response : url=http://localhost:3000/login 
 status=200, reason=OK 
 headers={'Access-Control-Allow-Origin': '*', 'x-dns-prefetch-control': 'off', 'x-frame-options': 'SAMEORIGIN', 'strict-transport-security': 'max-age=15552000; includeSubDomains', 'x-download-options': 'noopen', 'x-content-type-options': 'nosniff', 'x-xss-protection': '1; mode=block', 'x-moesif-transaction-id': 'bd134a93-ee1e-4555-8f5b-3b9e947e2784', 'Content-Type': 'application/json; charset=utf-8', 'Content-Length': '269', 'Date': 'Wed, 03 Aug 2022 13:42:13 GMT', 'Connection': 'keep-alive', 'Keep-Alive': 'timeout=5'} 
 body={
    "message": "Login realizado com sucesso",
    "authorization": "Bearer eyJhbGciOiJIUzI1NiIsInR5cCI6IkpXVCJ9.eyJlbWFpbCI6ImZ1bGFub0BxYS5jb20uYnIiLCJwYXNzd29yZCI6InRlc3RlIiwiaWF0IjoxNjU5NTM0MTMzLCJleHAiOjE2NTk1MzQ3MzN9.u98ujUOPwa_e44oox-78tQcqXiR6f8Pz4fBsgIARhwg"
} 
 </msg>
<msg timestamp="20220803 10:42:13.084" level="INFO">${response} = &lt;Response [200]&gt;</msg>
<status status="PASS" starttime="20220803 10:42:13.078" endtime="20220803 10:42:13.084"/>
</kw>
<if>
<branch type="IF" condition="${response.status_code} == 200">
<kw name="Set Variable" library="BuiltIn">
<var>${token_auth}</var>
<arg>${response.json()["authorization"]}</arg>
<doc>Returns the given values which can then be assigned to a variables.</doc>
<msg timestamp="20220803 10:42:13.086" level="INFO">${token_auth} = Bearer eyJhbGciOiJIUzI1NiIsInR5cCI6IkpXVCJ9.eyJlbWFpbCI6ImZ1bGFub0BxYS5jb20uYnIiLCJwYXNzd29yZCI6InRlc3RlIiwiaWF0IjoxNjU5NTM0MTMzLCJleHAiOjE2NTk1MzQ3MzN9.u98ujUOPwa_e44oox-78tQcqXiR6f8Pz4fBsgIARhwg</msg>
<status status="PASS" starttime="20220803 10:42:13.085" endtime="20220803 10:42:13.086"/>
</kw>
<kw name="Set Global Variable" library="BuiltIn">
<arg>${token_auth}</arg>
<doc>Makes a variable available globally in all tests and suites.</doc>
<msg timestamp="20220803 10:42:13.087" level="INFO">${token_auth} = Bearer eyJhbGciOiJIUzI1NiIsInR5cCI6IkpXVCJ9.eyJlbWFpbCI6ImZ1bGFub0BxYS5jb20uYnIiLCJwYXNzd29yZCI6InRlc3RlIiwiaWF0IjoxNjU5NTM0MTMzLCJleHAiOjE2NTk1MzQ3MzN9.u98ujUOPwa_e44oox-78tQcqXiR6f8Pz4fBsgIARhwg</msg>
<status status="PASS" starttime="20220803 10:42:13.087" endtime="20220803 10:42:13.087"/>
</kw>
<status status="PASS" starttime="20220803 10:42:13.085" endtime="20220803 10:42:13.087"/>
</branch>
<status status="PASS" starttime="20220803 10:42:13.084" endtime="20220803 10:42:13.087"/>
</if>
<kw name="Set Global Variable" library="BuiltIn">
<arg>${response}</arg>
<doc>Makes a variable available globally in all tests and suites.</doc>
<msg timestamp="20220803 10:42:13.089" level="INFO">${response} = &lt;Response [200]&gt;</msg>
<status status="PASS" starttime="20220803 10:42:13.088" endtime="20220803 10:42:13.089"/>
</kw>
<status status="PASS" starttime="20220803 10:42:13.077" endtime="20220803 10:42:13.089"/>
</kw>
<status status="PASS" starttime="20220803 10:42:13.070" endtime="20220803 10:42:13.089"/>
</kw>
<kw name="POST Cadastro Carrinho Estatico Valido" library="carrinhos_keywords">
<kw name="Importar Json Estatico" library="common">
<var>${json}</var>
<arg>massa_carrinho.json</arg>
<kw name="Get File" library="OperatingSystem">
<var>${arquivo}</var>
<arg>${EXECDIR}/support/fixtures/estatic/${nome_arquivo}</arg>
<doc>Returns the contents of a specified file.</doc>
<msg timestamp="20220803 10:42:13.091" level="INFO" html="true">Getting file '&lt;a href="file:///home/neybackes/Documentos/Robotron_NeyBackes_ProjetoFInal/support/fixtures/estatic/massa_carrinho.json"&gt;/home/neybackes/Documentos/Robotron_NeyBackes_ProjetoFInal/support/fixtures/estatic/massa_carrinho.json&lt;/a&gt;'.</msg>
<msg timestamp="20220803 10:42:13.091" level="INFO">${arquivo} = {"carrinhos_valido": {

    "produtos": [
        {
            "idProduto": "BeeJh5lz3k6kSIzA",
            "quantidade": 2
            
        }
    ]

},
"carrinhos_produto_repetido": {

    "prod...</msg>
<status status="PASS" starttime="20220803 10:42:13.090" endtime="20220803 10:42:13.091"/>
</kw>
<kw name="Evaluate" library="BuiltIn">
<var>${data}</var>
<arg>json.loads('''${arquivo}''')</arg>
<arg>json</arg>
<doc>Evaluates the given expression in Python and returns the result.</doc>
<msg timestamp="20220803 10:42:13.092" level="INFO">${data} = {'carrinhos_valido': {'produtos': [{'idProduto': 'BeeJh5lz3k6kSIzA', 'quantidade': 2}]}, 'carrinhos_produto_repetido': {'produtos': [{'idProduto': 'BeeJh5lz3k6kSIzA', 'quantidade': 2}, {'idProduto': '...</msg>
<status status="PASS" starttime="20220803 10:42:13.092" endtime="20220803 10:42:13.092"/>
</kw>
<msg timestamp="20220803 10:42:13.093" level="INFO">${json} = {'carrinhos_valido': {'produtos': [{'idProduto': 'BeeJh5lz3k6kSIzA', 'quantidade': 2}]}, 'carrinhos_produto_repetido': {'produtos': [{'idProduto': 'BeeJh5lz3k6kSIzA', 'quantidade': 2}, {'idProduto': '...</msg>
<status status="PASS" starttime="20220803 10:42:13.090" endtime="20220803 10:42:13.093"/>
</kw>
<kw name="Set Variable" library="BuiltIn">
<var>${payload}</var>
<arg>${json["carrinhos_valido"]}</arg>
<doc>Returns the given values which can then be assigned to a variables.</doc>
<msg timestamp="20220803 10:42:13.093" level="INFO">${payload} = {'produtos': [{'idProduto': 'BeeJh5lz3k6kSIzA', 'quantidade': 2}]}</msg>
<status status="PASS" starttime="20220803 10:42:13.093" endtime="20220803 10:42:13.093"/>
</kw>
<kw name="Set Global Variable" library="BuiltIn">
<arg>${payload}</arg>
<doc>Makes a variable available globally in all tests and suites.</doc>
<msg timestamp="20220803 10:42:13.094" level="INFO">${payload} = {'produtos': [{'idProduto': 'BeeJh5lz3k6kSIzA', 'quantidade': 2}]}</msg>
<status status="PASS" starttime="20220803 10:42:13.094" endtime="20220803 10:42:13.094"/>
</kw>
<kw name="POST Endpoint Carrinho" library="carrinhos_keywords">
<kw name="Create Dictionary" library="BuiltIn">
<var>${header}</var>
<arg>Authorization=${token_auth}</arg>
<doc>Creates and returns a dictionary based on the given ``items``.</doc>
<msg timestamp="20220803 10:42:13.095" level="INFO">${header} = {'Authorization': 'Bearer eyJhbGciOiJIUzI1NiIsInR5cCI6IkpXVCJ9.eyJlbWFpbCI6ImZ1bGFub0BxYS5jb20uYnIiLCJwYXNzd29yZCI6InRlc3RlIiwiaWF0IjoxNjU5NTM0MTMzLCJleHAiOjE2NTk1MzQ3MzN9.u98ujUOPwa_e44oox-78tQcqXiR6...</msg>
<status status="PASS" starttime="20220803 10:42:13.094" endtime="20220803 10:42:13.095"/>
</kw>
<kw name="POST On Session" library="RequestsLibrary">
<var>${response}</var>
<arg>serverest</arg>
<arg>/carrinhos</arg>
<arg>json=${payload}</arg>
<arg>headers=${header}</arg>
<arg>expected_status=anything</arg>
<doc>Sends a POST request on a previously created HTTP Session.</doc>
<msg timestamp="20220803 10:42:13.102" level="INFO">POST Request : url=http://localhost:3000/carrinhos 
 path_url=/carrinhos 
 headers={'User-Agent': 'python-requests/2.28.1', 'Accept-Encoding': 'gzip, deflate', 'Accept': '*/*', 'Connection': 'keep-alive', 'Authorization': 'Bearer eyJhbGciOiJIUzI1NiIsInR5cCI6IkpXVCJ9.eyJlbWFpbCI6ImZ1bGFub0BxYS5jb20uYnIiLCJwYXNzd29yZCI6InRlc3RlIiwiaWF0IjoxNjU5NTM0MTMzLCJleHAiOjE2NTk1MzQ3MzN9.u98ujUOPwa_e44oox-78tQcqXiR6f8Pz4fBsgIARhwg', 'Content-Length': '66', 'Content-Type': 'application/json'} 
 body=b'{"produtos": [{"idProduto": "BeeJh5lz3k6kSIzA", "quantidade": 2}]}' 
 </msg>
<msg timestamp="20220803 10:42:13.102" level="INFO">POST Response : url=http://localhost:3000/carrinhos 
 status=201, reason=Created 
 headers={'Access-Control-Allow-Origin': '*', 'x-dns-prefetch-control': 'off', 'x-frame-options': 'SAMEORIGIN', 'strict-transport-security': 'max-age=15552000; includeSubDomains', 'x-download-options': 'noopen', 'x-content-type-options': 'nosniff', 'x-xss-protection': '1; mode=block', 'x-moesif-transaction-id': '662df999-c05b-46de-8edc-1ddfd28dbd3f', 'Content-Type': 'application/json; charset=utf-8', 'Content-Length': '82', 'Date': 'Wed, 03 Aug 2022 13:42:13 GMT', 'Connection': 'keep-alive', 'Keep-Alive': 'timeout=5'} 
 body={
    "message": "Cadastro realizado com sucesso",
    "_id": "RmOSuD5PpeqA9UWt"
} 
 </msg>
<msg timestamp="20220803 10:42:13.102" level="INFO">${response} = &lt;Response [201]&gt;</msg>
<status status="PASS" starttime="20220803 10:42:13.095" endtime="20220803 10:42:13.102"/>
</kw>
<kw name="Set Global Variable" library="BuiltIn">
<arg>${response}</arg>
<doc>Makes a variable available globally in all tests and suites.</doc>
<msg timestamp="20220803 10:42:13.104" level="INFO">${response} = &lt;Response [201]&gt;</msg>
<status status="PASS" starttime="20220803 10:42:13.103" endtime="20220803 10:42:13.104"/>
</kw>
<if>
<branch type="IF" condition="${response.status_code} == 201">
<kw name="Set Variable" library="BuiltIn">
<var>${carrinho_id}</var>
<arg>${response.json()["_id"]}</arg>
<doc>Returns the given values which can then be assigned to a variables.</doc>
<msg timestamp="20220803 10:42:13.107" level="INFO">${carrinho_id} = RmOSuD5PpeqA9UWt</msg>
<status status="PASS" starttime="20220803 10:42:13.105" endtime="20220803 10:42:13.107"/>
</kw>
<kw name="Set Global Variable" library="BuiltIn">
<arg>${carrinho_id}</arg>
<doc>Makes a variable available globally in all tests and suites.</doc>
<msg timestamp="20220803 10:42:13.107" level="INFO">${carrinho_id} = RmOSuD5PpeqA9UWt</msg>
<status status="PASS" starttime="20220803 10:42:13.107" endtime="20220803 10:42:13.107"/>
</kw>
<status status="PASS" starttime="20220803 10:42:13.105" endtime="20220803 10:42:13.107"/>
</branch>
<status status="PASS" starttime="20220803 10:42:13.104" endtime="20220803 10:42:13.107"/>
</if>
<status status="PASS" starttime="20220803 10:42:13.094" endtime="20220803 10:42:13.107"/>
</kw>
<status status="PASS" starttime="20220803 10:42:13.089" endtime="20220803 10:42:13.108"/>
</kw>
<kw name="Imprimir Carrinho Response.Content" library="carrinhos_keywords">
<if>
<branch type="IF" condition="${response.status_code} == 200 or ${response.status_code} == 201">
<kw name="Log To Console" library="BuiltIn">
<arg>${yellow}Resposta para Cadastro de Carrino:${yellow} ${green}${response.content}${green}</arg>
<doc>Logs the given message to the console.</doc>
<status status="PASS" starttime="20220803 10:42:13.109" endtime="20220803 10:42:13.110"/>
</kw>
<status status="PASS" starttime="20220803 10:42:13.109" endtime="20220803 10:42:13.111"/>
</branch>
<branch type="ELSE">
<kw name="Log To Console" library="BuiltIn">
<arg>${yellow}Resposta para Cadastro de Carrinho:${yellow} ${red}${response.content}${red}</arg>
<doc>Logs the given message to the console.</doc>
<status status="NOT RUN" starttime="20220803 10:42:13.111" endtime="20220803 10:42:13.111"/>
</kw>
<status status="NOT RUN" starttime="20220803 10:42:13.111" endtime="20220803 10:42:13.111"/>
</branch>
<status status="PASS" starttime="20220803 10:42:13.108" endtime="20220803 10:42:13.111"/>
</if>
<status status="PASS" starttime="20220803 10:42:13.108" endtime="20220803 10:42:13.111"/>
</kw>
<kw name="Resposta Carrinho Cadastrado" library="carrinhos_keywords">
<kw name="Should Contain" library="BuiltIn">
<arg>${response.json()["message"]}</arg>
<arg>Cadastro realizado com sucesso</arg>
<doc>Fails if ``container`` does not contain ``item`` one or more times.</doc>
<status status="PASS" starttime="20220803 10:42:13.112" endtime="20220803 10:42:13.112"/>
</kw>
<kw name="Should Not Be Empty" library="BuiltIn">
<arg>${response.json()["_id"]}</arg>
<doc>Verifies that the given item is not empty.</doc>
<msg timestamp="20220803 10:42:13.113" level="INFO">Length is 16</msg>
<status status="PASS" starttime="20220803 10:42:13.112" endtime="20220803 10:42:13.113"/>
</kw>
<status status="PASS" starttime="20220803 10:42:13.111" endtime="20220803 10:42:13.113"/>
</kw>
<kw name="validar Status Code &quot;201&quot;" library="common" sourcename="validar Status Code &quot;${statuscode}&quot;">
<kw name="Should Be True" library="BuiltIn">
<arg>${response.status_code} == ${status_code}</arg>
<doc>Fails if the given condition is not true.</doc>
<status status="PASS" starttime="20220803 10:42:13.114" endtime="20220803 10:42:13.115"/>
</kw>
<if>
<branch type="IF" condition="${response.status_code} == 200 or ${response.status_code} == 201">
<kw name="Log To Console" library="BuiltIn">
<arg>${yellow}Status Code Retornado:${yellow} ${green}${response.status_code}${green}</arg>
<doc>Logs the given message to the console.</doc>
<status status="PASS" starttime="20220803 10:42:13.116" endtime="20220803 10:42:13.116"/>
</kw>
<status status="PASS" starttime="20220803 10:42:13.116" endtime="20220803 10:42:13.116"/>
</branch>
<branch type="ELSE">
<kw name="Log To Console" library="BuiltIn">
<arg>${yellow}Status Code Retornado:${yellow} ${red}${response.status_code}${red}</arg>
<doc>Logs the given message to the console.</doc>
<status status="NOT RUN" starttime="20220803 10:42:13.117" endtime="20220803 10:42:13.117"/>
</kw>
<status status="NOT RUN" starttime="20220803 10:42:13.117" endtime="20220803 10:42:13.117"/>
</branch>
<status status="PASS" starttime="20220803 10:42:13.115" endtime="20220803 10:42:13.117"/>
</if>
<status status="PASS" starttime="20220803 10:42:13.113" endtime="20220803 10:42:13.117"/>
</kw>
<kw name="DELETE Endpoint /carrinhos Cancelar Compra" library="carrinhos_keywords">
<kw name="Create Dictionary" library="BuiltIn">
<var>${header}</var>
<arg>Authorization=${token_auth}</arg>
<doc>Creates and returns a dictionary based on the given ``items``.</doc>
<msg timestamp="20220803 10:42:13.118" level="INFO">${header} = {'Authorization': 'Bearer eyJhbGciOiJIUzI1NiIsInR5cCI6IkpXVCJ9.eyJlbWFpbCI6ImZ1bGFub0BxYS5jb20uYnIiLCJwYXNzd29yZCI6InRlc3RlIiwiaWF0IjoxNjU5NTM0MTMzLCJleHAiOjE2NTk1MzQ3MzN9.u98ujUOPwa_e44oox-78tQcqXiR6...</msg>
<status status="PASS" starttime="20220803 10:42:13.118" endtime="20220803 10:42:13.118"/>
</kw>
<kw name="DELETE On Session" library="RequestsLibrary">
<var>${response}</var>
<arg>serverest</arg>
<arg>/carrinhos/cancelar-compra</arg>
<arg>headers=${header}</arg>
<arg>expected_status=anything</arg>
<doc>Sends a DELETE request on a previously created HTTP Session.</doc>
<msg timestamp="20220803 10:42:13.123" level="INFO">DELETE Request : url=http://localhost:3000/carrinhos/cancelar-compra 
 path_url=/carrinhos/cancelar-compra 
 headers={'User-Agent': 'python-requests/2.28.1', 'Accept-Encoding': 'gzip, deflate', 'Accept': '*/*', 'Connection': 'keep-alive', 'Authorization': 'Bearer eyJhbGciOiJIUzI1NiIsInR5cCI6IkpXVCJ9.eyJlbWFpbCI6ImZ1bGFub0BxYS5jb20uYnIiLCJwYXNzd29yZCI6InRlc3RlIiwiaWF0IjoxNjU5NTM0MTMzLCJleHAiOjE2NTk1MzQ3MzN9.u98ujUOPwa_e44oox-78tQcqXiR6f8Pz4fBsgIARhwg', 'Content-Length': '0'} 
 body=None 
 </msg>
<msg timestamp="20220803 10:42:13.124" level="INFO">DELETE Response : url=http://localhost:3000/carrinhos/cancelar-compra 
 status=200, reason=OK 
 headers={'Access-Control-Allow-Origin': '*', 'x-dns-prefetch-control': 'off', 'x-frame-options': 'SAMEORIGIN', 'strict-transport-security': 'max-age=15552000; includeSubDomains', 'x-download-options': 'noopen', 'x-content-type-options': 'nosniff', 'x-xss-protection': '1; mode=block', 'x-moesif-transaction-id': '4518950a-e745-499b-a5c0-1b6571337215', 'Content-Type': 'application/json; charset=utf-8', 'Content-Length': '86', 'Date': 'Wed, 03 Aug 2022 13:42:13 GMT', 'Connection': 'keep-alive', 'Keep-Alive': 'timeout=5'} 
 body={
    "message": "Registro excluído com sucesso. Estoque dos produtos reabastecido"
} 
 </msg>
<msg timestamp="20220803 10:42:13.124" level="INFO">${response} = &lt;Response [200]&gt;</msg>
<status status="PASS" starttime="20220803 10:42:13.118" endtime="20220803 10:42:13.124"/>
</kw>
<kw name="Set Global Variable" library="BuiltIn">
<arg>${response}</arg>
<doc>Makes a variable available globally in all tests and suites.</doc>
<msg timestamp="20220803 10:42:13.125" level="INFO">${response} = &lt;Response [200]&gt;</msg>
<status status="PASS" starttime="20220803 10:42:13.124" endtime="20220803 10:42:13.125"/>
</kw>
<status status="PASS" starttime="20220803 10:42:13.117" endtime="20220803 10:42:13.125"/>
</kw>
<kw name="Imprimir Delete Carrinhos Response.Content" library="carrinhos_keywords">
<kw name="Log To Console" library="BuiltIn">
<arg>${yellow}Resposta para Carrinho Deletado:${yellow} ${red}${response.content}${red}</arg>
<doc>Logs the given message to the console.</doc>
<status status="PASS" starttime="20220803 10:42:13.126" endtime="20220803 10:42:13.127"/>
</kw>
<status status="PASS" starttime="20220803 10:42:13.125" endtime="20220803 10:42:13.127"/>
</kw>
<tag>POST_CARRINHO</tag>
<status status="PASS" starttime="20220803 10:42:13.066" endtime="20220803 10:42:13.127"/>
</test>
<test id="s1-s1-t2" name="Cenario: POST Carrinho Produto Duplicado 400" line="28">
<kw name="Iniciar cores de resposta" library="common">
<kw name="Evaluate" library="BuiltIn">
<var>${red}</var>
<arg>${RED}</arg>
<doc>Evaluates the given expression in Python and returns the result.</doc>
<msg timestamp="20220803 10:42:13.128" level="INFO">${red} = [31m</msg>
<status status="PASS" starttime="20220803 10:42:13.128" endtime="20220803 10:42:13.128"/>
</kw>
<kw name="Set Test Variable" library="BuiltIn">
<arg>${red}</arg>
<doc>Makes a variable available everywhere within the scope of the current test.</doc>
<msg timestamp="20220803 10:42:13.129" level="INFO">${red} = [31m</msg>
<status status="PASS" starttime="20220803 10:42:13.129" endtime="20220803 10:42:13.129"/>
</kw>
<kw name="Evaluate" library="BuiltIn">
<var>${yellow}</var>
<arg>${YELLOW}</arg>
<doc>Evaluates the given expression in Python and returns the result.</doc>
<msg timestamp="20220803 10:42:13.130" level="INFO">${yellow} = [33m</msg>
<status status="PASS" starttime="20220803 10:42:13.129" endtime="20220803 10:42:13.130"/>
</kw>
<kw name="Set Test Variable" library="BuiltIn">
<arg>${yellow}</arg>
<doc>Makes a variable available everywhere within the scope of the current test.</doc>
<msg timestamp="20220803 10:42:13.130" level="INFO">${yellow} = [33m</msg>
<status status="PASS" starttime="20220803 10:42:13.130" endtime="20220803 10:42:13.130"/>
</kw>
<kw name="Evaluate" library="BuiltIn">
<var>${green}</var>
<arg>${GREEN}</arg>
<doc>Evaluates the given expression in Python and returns the result.</doc>
<msg timestamp="20220803 10:42:13.131" level="INFO">${green} = [32m</msg>
<status status="PASS" starttime="20220803 10:42:13.130" endtime="20220803 10:42:13.131"/>
</kw>
<kw name="Set Test Variable" library="BuiltIn">
<arg>${green}</arg>
<doc>Makes a variable available everywhere within the scope of the current test.</doc>
<msg timestamp="20220803 10:42:13.132" level="INFO">${green} = [32m</msg>
<status status="PASS" starttime="20220803 10:42:13.131" endtime="20220803 10:42:13.132"/>
</kw>
<status status="PASS" starttime="20220803 10:42:13.128" endtime="20220803 10:42:13.132"/>
</kw>
<kw name="POST Login Valido Usando FUNCAO" library="login_keywords">
<kw name="Login Padrao" library="library_python">
<var>${json}</var>
<msg timestamp="20220803 10:42:13.139" level="INFO">${json} = {'email': 'fulano@qa.com.br', 'password': 'teste'}</msg>
<status status="PASS" starttime="20220803 10:42:13.132" endtime="20220803 10:42:13.139"/>
</kw>
<kw name="Set Variable" library="BuiltIn">
<var>${payload}</var>
<arg>${json}</arg>
<doc>Returns the given values which can then be assigned to a variables.</doc>
<msg timestamp="20220803 10:42:13.140" level="INFO">${payload} = {'email': 'fulano@qa.com.br', 'password': 'teste'}</msg>
<status status="PASS" starttime="20220803 10:42:13.139" endtime="20220803 10:42:13.140"/>
</kw>
<kw name="Set Global Variable" library="BuiltIn">
<arg>${payload}</arg>
<doc>Makes a variable available globally in all tests and suites.</doc>
<msg timestamp="20220803 10:42:13.141" level="INFO">${payload} = {'email': 'fulano@qa.com.br', 'password': 'teste'}</msg>
<status status="PASS" starttime="20220803 10:42:13.140" endtime="20220803 10:42:13.141"/>
</kw>
<kw name="POST Endpoint /login" library="login_keywords">
<kw name="POST On Session" library="RequestsLibrary">
<var>${response}</var>
<arg>serverest</arg>
<arg>/login</arg>
<arg>json=&amp;{payload}</arg>
<arg>expected_status=anything</arg>
<doc>Sends a POST request on a previously created HTTP Session.</doc>
<msg timestamp="20220803 10:42:13.148" level="INFO">POST Request : url=http://localhost:3000/login 
 path_url=/login 
 headers={'User-Agent': 'python-requests/2.28.1', 'Accept-Encoding': 'gzip, deflate', 'Accept': '*/*', 'Connection': 'keep-alive', 'Content-Length': '50', 'Content-Type': 'application/json'} 
 body=b'{"email": "fulano@qa.com.br", "password": "teste"}' 
 </msg>
<msg timestamp="20220803 10:42:13.148" level="INFO">POST Response : url=http://localhost:3000/login 
 status=200, reason=OK 
 headers={'Access-Control-Allow-Origin': '*', 'x-dns-prefetch-control': 'off', 'x-frame-options': 'SAMEORIGIN', 'strict-transport-security': 'max-age=15552000; includeSubDomains', 'x-download-options': 'noopen', 'x-content-type-options': 'nosniff', 'x-xss-protection': '1; mode=block', 'x-moesif-transaction-id': 'da9631b2-42c0-4797-a9c0-db3de964cce9', 'Content-Type': 'application/json; charset=utf-8', 'Content-Length': '269', 'Date': 'Wed, 03 Aug 2022 13:42:13 GMT', 'Connection': 'keep-alive', 'Keep-Alive': 'timeout=5'} 
 body={
    "message": "Login realizado com sucesso",
    "authorization": "Bearer eyJhbGciOiJIUzI1NiIsInR5cCI6IkpXVCJ9.eyJlbWFpbCI6ImZ1bGFub0BxYS5jb20uYnIiLCJwYXNzd29yZCI6InRlc3RlIiwiaWF0IjoxNjU5NTM0MTMzLCJleHAiOjE2NTk1MzQ3MzN9.u98ujUOPwa_e44oox-78tQcqXiR6f8Pz4fBsgIARhwg"
} 
 </msg>
<msg timestamp="20220803 10:42:13.148" level="INFO">${response} = &lt;Response [200]&gt;</msg>
<status status="PASS" starttime="20220803 10:42:13.142" endtime="20220803 10:42:13.148"/>
</kw>
<if>
<branch type="IF" condition="${response.status_code} == 200">
<kw name="Set Variable" library="BuiltIn">
<var>${token_auth}</var>
<arg>${response.json()["authorization"]}</arg>
<doc>Returns the given values which can then be assigned to a variables.</doc>
<msg timestamp="20220803 10:42:13.150" level="INFO">${token_auth} = Bearer eyJhbGciOiJIUzI1NiIsInR5cCI6IkpXVCJ9.eyJlbWFpbCI6ImZ1bGFub0BxYS5jb20uYnIiLCJwYXNzd29yZCI6InRlc3RlIiwiaWF0IjoxNjU5NTM0MTMzLCJleHAiOjE2NTk1MzQ3MzN9.u98ujUOPwa_e44oox-78tQcqXiR6f8Pz4fBsgIARhwg</msg>
<status status="PASS" starttime="20220803 10:42:13.149" endtime="20220803 10:42:13.150"/>
</kw>
<kw name="Set Global Variable" library="BuiltIn">
<arg>${token_auth}</arg>
<doc>Makes a variable available globally in all tests and suites.</doc>
<msg timestamp="20220803 10:42:13.151" level="INFO">${token_auth} = Bearer eyJhbGciOiJIUzI1NiIsInR5cCI6IkpXVCJ9.eyJlbWFpbCI6ImZ1bGFub0BxYS5jb20uYnIiLCJwYXNzd29yZCI6InRlc3RlIiwiaWF0IjoxNjU5NTM0MTMzLCJleHAiOjE2NTk1MzQ3MzN9.u98ujUOPwa_e44oox-78tQcqXiR6f8Pz4fBsgIARhwg</msg>
<status status="PASS" starttime="20220803 10:42:13.151" endtime="20220803 10:42:13.151"/>
</kw>
<status status="PASS" starttime="20220803 10:42:13.149" endtime="20220803 10:42:13.151"/>
</branch>
<status status="PASS" starttime="20220803 10:42:13.148" endtime="20220803 10:42:13.151"/>
</if>
<kw name="Set Global Variable" library="BuiltIn">
<arg>${response}</arg>
<doc>Makes a variable available globally in all tests and suites.</doc>
<msg timestamp="20220803 10:42:13.152" level="INFO">${response} = &lt;Response [200]&gt;</msg>
<status status="PASS" starttime="20220803 10:42:13.151" endtime="20220803 10:42:13.152"/>
</kw>
<status status="PASS" starttime="20220803 10:42:13.141" endtime="20220803 10:42:13.152"/>
</kw>
<status status="PASS" starttime="20220803 10:42:13.132" endtime="20220803 10:42:13.152"/>
</kw>
<kw name="POST Cadastro Carrinho Produto Repetido" library="carrinhos_keywords">
<kw name="Importar Json Estatico" library="common">
<var>${json}</var>
<arg>massa_carrinho.json</arg>
<kw name="Get File" library="OperatingSystem">
<var>${arquivo}</var>
<arg>${EXECDIR}/support/fixtures/estatic/${nome_arquivo}</arg>
<doc>Returns the contents of a specified file.</doc>
<msg timestamp="20220803 10:42:13.154" level="INFO" html="true">Getting file '&lt;a href="file:///home/neybackes/Documentos/Robotron_NeyBackes_ProjetoFInal/support/fixtures/estatic/massa_carrinho.json"&gt;/home/neybackes/Documentos/Robotron_NeyBackes_ProjetoFInal/support/fixtures/estatic/massa_carrinho.json&lt;/a&gt;'.</msg>
<msg timestamp="20220803 10:42:13.154" level="INFO">${arquivo} = {"carrinhos_valido": {

    "produtos": [
        {
            "idProduto": "BeeJh5lz3k6kSIzA",
            "quantidade": 2
            
        }
    ]

},
"carrinhos_produto_repetido": {

    "prod...</msg>
<status status="PASS" starttime="20220803 10:42:13.153" endtime="20220803 10:42:13.154"/>
</kw>
<kw name="Evaluate" library="BuiltIn">
<var>${data}</var>
<arg>json.loads('''${arquivo}''')</arg>
<arg>json</arg>
<doc>Evaluates the given expression in Python and returns the result.</doc>
<msg timestamp="20220803 10:42:13.155" level="INFO">${data} = {'carrinhos_valido': {'produtos': [{'idProduto': 'BeeJh5lz3k6kSIzA', 'quantidade': 2}]}, 'carrinhos_produto_repetido': {'produtos': [{'idProduto': 'BeeJh5lz3k6kSIzA', 'quantidade': 2}, {'idProduto': '...</msg>
<status status="PASS" starttime="20220803 10:42:13.154" endtime="20220803 10:42:13.155"/>
</kw>
<msg timestamp="20220803 10:42:13.155" level="INFO">${json} = {'carrinhos_valido': {'produtos': [{'idProduto': 'BeeJh5lz3k6kSIzA', 'quantidade': 2}]}, 'carrinhos_produto_repetido': {'produtos': [{'idProduto': 'BeeJh5lz3k6kSIzA', 'quantidade': 2}, {'idProduto': '...</msg>
<status status="PASS" starttime="20220803 10:42:13.153" endtime="20220803 10:42:13.155"/>
</kw>
<kw name="Set Variable" library="BuiltIn">
<var>${payload}</var>
<arg>${json["carrinhos_produto_repetido"]}</arg>
<doc>Returns the given values which can then be assigned to a variables.</doc>
<msg timestamp="20220803 10:42:13.158" level="INFO">${payload} = {'produtos': [{'idProduto': 'BeeJh5lz3k6kSIzA', 'quantidade': 2}, {'idProduto': 'BeeJh5lz3k6kSIzA', 'quantidade': 2}]}</msg>
<status status="PASS" starttime="20220803 10:42:13.156" endtime="20220803 10:42:13.158"/>
</kw>
<kw name="Set Global Variable" library="BuiltIn">
<arg>${payload}</arg>
<doc>Makes a variable available globally in all tests and suites.</doc>
<msg timestamp="20220803 10:42:13.159" level="INFO">${payload} = {'produtos': [{'idProduto': 'BeeJh5lz3k6kSIzA', 'quantidade': 2}, {'idProduto': 'BeeJh5lz3k6kSIzA', 'quantidade': 2}]}</msg>
<status status="PASS" starttime="20220803 10:42:13.158" endtime="20220803 10:42:13.159"/>
</kw>
<kw name="POST Endpoint Carrinho" library="carrinhos_keywords">
<kw name="Create Dictionary" library="BuiltIn">
<var>${header}</var>
<arg>Authorization=${token_auth}</arg>
<doc>Creates and returns a dictionary based on the given ``items``.</doc>
<msg timestamp="20220803 10:42:13.161" level="INFO">${header} = {'Authorization': 'Bearer eyJhbGciOiJIUzI1NiIsInR5cCI6IkpXVCJ9.eyJlbWFpbCI6ImZ1bGFub0BxYS5jb20uYnIiLCJwYXNzd29yZCI6InRlc3RlIiwiaWF0IjoxNjU5NTM0MTMzLCJleHAiOjE2NTk1MzQ3MzN9.u98ujUOPwa_e44oox-78tQcqXiR6...</msg>
<status status="PASS" starttime="20220803 10:42:13.160" endtime="20220803 10:42:13.161"/>
</kw>
<kw name="POST On Session" library="RequestsLibrary">
<var>${response}</var>
<arg>serverest</arg>
<arg>/carrinhos</arg>
<arg>json=${payload}</arg>
<arg>headers=${header}</arg>
<arg>expected_status=anything</arg>
<doc>Sends a POST request on a previously created HTTP Session.</doc>
<msg timestamp="20220803 10:42:13.168" level="INFO">POST Request : url=http://localhost:3000/carrinhos 
 path_url=/carrinhos 
 headers={'User-Agent': 'python-requests/2.28.1', 'Accept-Encoding': 'gzip, deflate', 'Accept': '*/*', 'Connection': 'keep-alive', 'Authorization': 'Bearer eyJhbGciOiJIUzI1NiIsInR5cCI6IkpXVCJ9.eyJlbWFpbCI6ImZ1bGFub0BxYS5jb20uYnIiLCJwYXNzd29yZCI6InRlc3RlIiwiaWF0IjoxNjU5NTM0MTMzLCJleHAiOjE2NTk1MzQ3MzN9.u98ujUOPwa_e44oox-78tQcqXiR6f8Pz4fBsgIARhwg', 'Content-Length': '118', 'Content-Type': 'application/json'} 
 body=b'{"produtos": [{"idProduto": "BeeJh5lz3k6kSIzA", "quantidade": 2}, {"idProduto": "BeeJh5lz3k6kSIzA", "quantidade": 2}]}' 
 </msg>
<msg timestamp="20220803 10:42:13.169" level="INFO">POST Response : url=http://localhost:3000/carrinhos 
 status=400, reason=Bad Request 
 headers={'Access-Control-Allow-Origin': '*', 'x-dns-prefetch-control': 'off', 'x-frame-options': 'SAMEORIGIN', 'strict-transport-security': 'max-age=15552000; includeSubDomains', 'x-download-options': 'noopen', 'x-content-type-options': 'nosniff', 'x-xss-protection': '1; mode=block', 'x-moesif-transaction-id': '48b35133-271c-4821-bcc8-f93bd4d0163b', 'Content-Type': 'application/json; charset=utf-8', 'Content-Length': '128', 'Date': 'Wed, 03 Aug 2022 13:42:13 GMT', 'Connection': 'keep-alive', 'Keep-Alive': 'timeout=5'} 
 body={
    "message": "Não é permitido possuir produto duplicado",
    "idProdutosDuplicados": [
        "BeeJh5lz3k6kSIzA"
    ]
} 
 </msg>
<msg timestamp="20220803 10:42:13.169" level="INFO">${response} = &lt;Response [400]&gt;</msg>
<status status="PASS" starttime="20220803 10:42:13.161" endtime="20220803 10:42:13.169"/>
</kw>
<kw name="Set Global Variable" library="BuiltIn">
<arg>${response}</arg>
<doc>Makes a variable available globally in all tests and suites.</doc>
<msg timestamp="20220803 10:42:13.170" level="INFO">${response} = &lt;Response [400]&gt;</msg>
<status status="PASS" starttime="20220803 10:42:13.169" endtime="20220803 10:42:13.170"/>
</kw>
<if>
<branch type="IF" condition="${response.status_code} == 201">
<kw name="Set Variable" library="BuiltIn">
<var>${carrinho_id}</var>
<arg>${response.json()["_id"]}</arg>
<doc>Returns the given values which can then be assigned to a variables.</doc>
<status status="NOT RUN" starttime="20220803 10:42:13.171" endtime="20220803 10:42:13.171"/>
</kw>
<kw name="Set Global Variable" library="BuiltIn">
<arg>${carrinho_id}</arg>
<doc>Makes a variable available globally in all tests and suites.</doc>
<status status="NOT RUN" starttime="20220803 10:42:13.171" endtime="20220803 10:42:13.171"/>
</kw>
<status status="NOT RUN" starttime="20220803 10:42:13.171" endtime="20220803 10:42:13.172"/>
</branch>
<status status="PASS" starttime="20220803 10:42:13.170" endtime="20220803 10:42:13.172"/>
</if>
<status status="PASS" starttime="20220803 10:42:13.159" endtime="20220803 10:42:13.172"/>
</kw>
<status status="PASS" starttime="20220803 10:42:13.152" endtime="20220803 10:42:13.172"/>
</kw>
<kw name="Imprimir Carrinho Response.Content" library="carrinhos_keywords">
<if>
<branch type="IF" condition="${response.status_code} == 200 or ${response.status_code} == 201">
<kw name="Log To Console" library="BuiltIn">
<arg>${yellow}Resposta para Cadastro de Carrino:${yellow} ${green}${response.content}${green}</arg>
<doc>Logs the given message to the console.</doc>
<status status="NOT RUN" starttime="20220803 10:42:13.174" endtime="20220803 10:42:13.174"/>
</kw>
<status status="NOT RUN" starttime="20220803 10:42:13.173" endtime="20220803 10:42:13.174"/>
</branch>
<branch type="ELSE">
<kw name="Log To Console" library="BuiltIn">
<arg>${yellow}Resposta para Cadastro de Carrinho:${yellow} ${red}${response.content}${red}</arg>
<doc>Logs the given message to the console.</doc>
<status status="PASS" starttime="20220803 10:42:13.174" endtime="20220803 10:42:13.175"/>
</kw>
<status status="PASS" starttime="20220803 10:42:13.174" endtime="20220803 10:42:13.175"/>
</branch>
<status status="PASS" starttime="20220803 10:42:13.172" endtime="20220803 10:42:13.175"/>
</if>
<status status="PASS" starttime="20220803 10:42:13.172" endtime="20220803 10:42:13.175"/>
</kw>
<kw name="Resposta Carrinho Produto Duplicado" library="carrinhos_keywords">
<kw name="Should Contain" library="BuiltIn">
<arg>${response.json()["message"]}</arg>
<arg>Não é permitido possuir produto duplicado</arg>
<doc>Fails if ``container`` does not contain ``item`` one or more times.</doc>
<status status="PASS" starttime="20220803 10:42:13.176" endtime="20220803 10:42:13.177"/>
</kw>
<kw name="Should Not Be Empty" library="BuiltIn">
<arg>${response.json()["idProdutosDuplicados"]}</arg>
<doc>Verifies that the given item is not empty.</doc>
<msg timestamp="20220803 10:42:13.178" level="INFO">Length is 1</msg>
<status status="PASS" starttime="20220803 10:42:13.177" endtime="20220803 10:42:13.178"/>
</kw>
<status status="PASS" starttime="20220803 10:42:13.175" endtime="20220803 10:42:13.178"/>
</kw>
<kw name="validar Status Code &quot;400&quot;" library="common" sourcename="validar Status Code &quot;${statuscode}&quot;">
<kw name="Should Be True" library="BuiltIn">
<arg>${response.status_code} == ${status_code}</arg>
<doc>Fails if the given condition is not true.</doc>
<status status="PASS" starttime="20220803 10:42:13.179" endtime="20220803 10:42:13.180"/>
</kw>
<if>
<branch type="IF" condition="${response.status_code} == 200 or ${response.status_code} == 201">
<kw name="Log To Console" library="BuiltIn">
<arg>${yellow}Status Code Retornado:${yellow} ${green}${response.status_code}${green}</arg>
<doc>Logs the given message to the console.</doc>
<status status="NOT RUN" starttime="20220803 10:42:13.181" endtime="20220803 10:42:13.182"/>
</kw>
<status status="NOT RUN" starttime="20220803 10:42:13.181" endtime="20220803 10:42:13.182"/>
</branch>
<branch type="ELSE">
<kw name="Log To Console" library="BuiltIn">
<arg>${yellow}Status Code Retornado:${yellow} ${red}${response.status_code}${red}</arg>
<doc>Logs the given message to the console.</doc>
<status status="PASS" starttime="20220803 10:42:13.182" endtime="20220803 10:42:13.183"/>
</kw>
<status status="PASS" starttime="20220803 10:42:13.182" endtime="20220803 10:42:13.183"/>
</branch>
<status status="PASS" starttime="20220803 10:42:13.180" endtime="20220803 10:42:13.183"/>
</if>
<status status="PASS" starttime="20220803 10:42:13.178" endtime="20220803 10:42:13.183"/>
</kw>
<tag>POST_CARRINHO_PRODUTO_DUPLICADO</tag>
<status status="PASS" starttime="20220803 10:42:13.127" endtime="20220803 10:42:13.183"/>
</test>
<test id="s1-s1-t3" name="Cenario: POST Carrinho Carrinho Já Cadastrado 400" line="37">
<kw name="Iniciar cores de resposta" library="common">
<kw name="Evaluate" library="BuiltIn">
<var>${red}</var>
<arg>${RED}</arg>
<doc>Evaluates the given expression in Python and returns the result.</doc>
<msg timestamp="20220803 10:42:13.184" level="INFO">${red} = [31m</msg>
<status status="PASS" starttime="20220803 10:42:13.184" endtime="20220803 10:42:13.184"/>
</kw>
<kw name="Set Test Variable" library="BuiltIn">
<arg>${red}</arg>
<doc>Makes a variable available everywhere within the scope of the current test.</doc>
<msg timestamp="20220803 10:42:13.185" level="INFO">${red} = [31m</msg>
<status status="PASS" starttime="20220803 10:42:13.185" endtime="20220803 10:42:13.185"/>
</kw>
<kw name="Evaluate" library="BuiltIn">
<var>${yellow}</var>
<arg>${YELLOW}</arg>
<doc>Evaluates the given expression in Python and returns the result.</doc>
<msg timestamp="20220803 10:42:13.185" level="INFO">${yellow} = [33m</msg>
<status status="PASS" starttime="20220803 10:42:13.185" endtime="20220803 10:42:13.185"/>
</kw>
<kw name="Set Test Variable" library="BuiltIn">
<arg>${yellow}</arg>
<doc>Makes a variable available everywhere within the scope of the current test.</doc>
<msg timestamp="20220803 10:42:13.186" level="INFO">${yellow} = [33m</msg>
<status status="PASS" starttime="20220803 10:42:13.185" endtime="20220803 10:42:13.186"/>
</kw>
<kw name="Evaluate" library="BuiltIn">
<var>${green}</var>
<arg>${GREEN}</arg>
<doc>Evaluates the given expression in Python and returns the result.</doc>
<msg timestamp="20220803 10:42:13.186" level="INFO">${green} = [32m</msg>
<status status="PASS" starttime="20220803 10:42:13.186" endtime="20220803 10:42:13.186"/>
</kw>
<kw name="Set Test Variable" library="BuiltIn">
<arg>${green}</arg>
<doc>Makes a variable available everywhere within the scope of the current test.</doc>
<msg timestamp="20220803 10:42:13.187" level="INFO">${green} = [32m</msg>
<status status="PASS" starttime="20220803 10:42:13.186" endtime="20220803 10:42:13.187"/>
</kw>
<status status="PASS" starttime="20220803 10:42:13.184" endtime="20220803 10:42:13.187"/>
</kw>
<kw name="POST Login Valido Usando FUNCAO" library="login_keywords">
<kw name="Login Padrao" library="library_python">
<var>${json}</var>
<msg timestamp="20220803 10:42:13.193" level="INFO">${json} = {'email': 'fulano@qa.com.br', 'password': 'teste'}</msg>
<status status="PASS" starttime="20220803 10:42:13.188" endtime="20220803 10:42:13.193"/>
</kw>
<kw name="Set Variable" library="BuiltIn">
<var>${payload}</var>
<arg>${json}</arg>
<doc>Returns the given values which can then be assigned to a variables.</doc>
<msg timestamp="20220803 10:42:13.194" level="INFO">${payload} = {'email': 'fulano@qa.com.br', 'password': 'teste'}</msg>
<status status="PASS" starttime="20220803 10:42:13.193" endtime="20220803 10:42:13.194"/>
</kw>
<kw name="Set Global Variable" library="BuiltIn">
<arg>${payload}</arg>
<doc>Makes a variable available globally in all tests and suites.</doc>
<msg timestamp="20220803 10:42:13.194" level="INFO">${payload} = {'email': 'fulano@qa.com.br', 'password': 'teste'}</msg>
<status status="PASS" starttime="20220803 10:42:13.194" endtime="20220803 10:42:13.194"/>
</kw>
<kw name="POST Endpoint /login" library="login_keywords">
<kw name="POST On Session" library="RequestsLibrary">
<var>${response}</var>
<arg>serverest</arg>
<arg>/login</arg>
<arg>json=&amp;{payload}</arg>
<arg>expected_status=anything</arg>
<doc>Sends a POST request on a previously created HTTP Session.</doc>
<msg timestamp="20220803 10:42:13.200" level="INFO">POST Request : url=http://localhost:3000/login 
 path_url=/login 
 headers={'User-Agent': 'python-requests/2.28.1', 'Accept-Encoding': 'gzip, deflate', 'Accept': '*/*', 'Connection': 'keep-alive', 'Content-Length': '50', 'Content-Type': 'application/json'} 
 body=b'{"email": "fulano@qa.com.br", "password": "teste"}' 
 </msg>
<msg timestamp="20220803 10:42:13.200" level="INFO">POST Response : url=http://localhost:3000/login 
 status=200, reason=OK 
 headers={'Access-Control-Allow-Origin': '*', 'x-dns-prefetch-control': 'off', 'x-frame-options': 'SAMEORIGIN', 'strict-transport-security': 'max-age=15552000; includeSubDomains', 'x-download-options': 'noopen', 'x-content-type-options': 'nosniff', 'x-xss-protection': '1; mode=block', 'x-moesif-transaction-id': '8bb31ec0-be1c-4e3c-831f-071ce9194dbe', 'Content-Type': 'application/json; charset=utf-8', 'Content-Length': '269', 'Date': 'Wed, 03 Aug 2022 13:42:13 GMT', 'Connection': 'keep-alive', 'Keep-Alive': 'timeout=5'} 
 body={
    "message": "Login realizado com sucesso",
    "authorization": "Bearer eyJhbGciOiJIUzI1NiIsInR5cCI6IkpXVCJ9.eyJlbWFpbCI6ImZ1bGFub0BxYS5jb20uYnIiLCJwYXNzd29yZCI6InRlc3RlIiwiaWF0IjoxNjU5NTM0MTMzLCJleHAiOjE2NTk1MzQ3MzN9.u98ujUOPwa_e44oox-78tQcqXiR6f8Pz4fBsgIARhwg"
} 
 </msg>
<msg timestamp="20220803 10:42:13.200" level="INFO">${response} = &lt;Response [200]&gt;</msg>
<status status="PASS" starttime="20220803 10:42:13.195" endtime="20220803 10:42:13.200"/>
</kw>
<if>
<branch type="IF" condition="${response.status_code} == 200">
<kw name="Set Variable" library="BuiltIn">
<var>${token_auth}</var>
<arg>${response.json()["authorization"]}</arg>
<doc>Returns the given values which can then be assigned to a variables.</doc>
<msg timestamp="20220803 10:42:13.202" level="INFO">${token_auth} = Bearer eyJhbGciOiJIUzI1NiIsInR5cCI6IkpXVCJ9.eyJlbWFpbCI6ImZ1bGFub0BxYS5jb20uYnIiLCJwYXNzd29yZCI6InRlc3RlIiwiaWF0IjoxNjU5NTM0MTMzLCJleHAiOjE2NTk1MzQ3MzN9.u98ujUOPwa_e44oox-78tQcqXiR6f8Pz4fBsgIARhwg</msg>
<status status="PASS" starttime="20220803 10:42:13.201" endtime="20220803 10:42:13.202"/>
</kw>
<kw name="Set Global Variable" library="BuiltIn">
<arg>${token_auth}</arg>
<doc>Makes a variable available globally in all tests and suites.</doc>
<msg timestamp="20220803 10:42:13.203" level="INFO">${token_auth} = Bearer eyJhbGciOiJIUzI1NiIsInR5cCI6IkpXVCJ9.eyJlbWFpbCI6ImZ1bGFub0BxYS5jb20uYnIiLCJwYXNzd29yZCI6InRlc3RlIiwiaWF0IjoxNjU5NTM0MTMzLCJleHAiOjE2NTk1MzQ3MzN9.u98ujUOPwa_e44oox-78tQcqXiR6f8Pz4fBsgIARhwg</msg>
<status status="PASS" starttime="20220803 10:42:13.202" endtime="20220803 10:42:13.203"/>
</kw>
<status status="PASS" starttime="20220803 10:42:13.201" endtime="20220803 10:42:13.203"/>
</branch>
<status status="PASS" starttime="20220803 10:42:13.200" endtime="20220803 10:42:13.203"/>
</if>
<kw name="Set Global Variable" library="BuiltIn">
<arg>${response}</arg>
<doc>Makes a variable available globally in all tests and suites.</doc>
<msg timestamp="20220803 10:42:13.204" level="INFO">${response} = &lt;Response [200]&gt;</msg>
<status status="PASS" starttime="20220803 10:42:13.203" endtime="20220803 10:42:13.204"/>
</kw>
<status status="PASS" starttime="20220803 10:42:13.194" endtime="20220803 10:42:13.204"/>
</kw>
<status status="PASS" starttime="20220803 10:42:13.187" endtime="20220803 10:42:13.204"/>
</kw>
<kw name="POST Cadastro Carrinho Estatico Valido" library="carrinhos_keywords">
<kw name="Importar Json Estatico" library="common">
<var>${json}</var>
<arg>massa_carrinho.json</arg>
<kw name="Get File" library="OperatingSystem">
<var>${arquivo}</var>
<arg>${EXECDIR}/support/fixtures/estatic/${nome_arquivo}</arg>
<doc>Returns the contents of a specified file.</doc>
<msg timestamp="20220803 10:42:13.205" level="INFO" html="true">Getting file '&lt;a href="file:///home/neybackes/Documentos/Robotron_NeyBackes_ProjetoFInal/support/fixtures/estatic/massa_carrinho.json"&gt;/home/neybackes/Documentos/Robotron_NeyBackes_ProjetoFInal/support/fixtures/estatic/massa_carrinho.json&lt;/a&gt;'.</msg>
<msg timestamp="20220803 10:42:13.205" level="INFO">${arquivo} = {"carrinhos_valido": {

    "produtos": [
        {
            "idProduto": "BeeJh5lz3k6kSIzA",
            "quantidade": 2
            
        }
    ]

},
"carrinhos_produto_repetido": {

    "prod...</msg>
<status status="PASS" starttime="20220803 10:42:13.205" endtime="20220803 10:42:13.205"/>
</kw>
<kw name="Evaluate" library="BuiltIn">
<var>${data}</var>
<arg>json.loads('''${arquivo}''')</arg>
<arg>json</arg>
<doc>Evaluates the given expression in Python and returns the result.</doc>
<msg timestamp="20220803 10:42:13.206" level="INFO">${data} = {'carrinhos_valido': {'produtos': [{'idProduto': 'BeeJh5lz3k6kSIzA', 'quantidade': 2}]}, 'carrinhos_produto_repetido': {'produtos': [{'idProduto': 'BeeJh5lz3k6kSIzA', 'quantidade': 2}, {'idProduto': '...</msg>
<status status="PASS" starttime="20220803 10:42:13.206" endtime="20220803 10:42:13.206"/>
</kw>
<msg timestamp="20220803 10:42:13.207" level="INFO">${json} = {'carrinhos_valido': {'produtos': [{'idProduto': 'BeeJh5lz3k6kSIzA', 'quantidade': 2}]}, 'carrinhos_produto_repetido': {'produtos': [{'idProduto': 'BeeJh5lz3k6kSIzA', 'quantidade': 2}, {'idProduto': '...</msg>
<status status="PASS" starttime="20220803 10:42:13.204" endtime="20220803 10:42:13.207"/>
</kw>
<kw name="Set Variable" library="BuiltIn">
<var>${payload}</var>
<arg>${json["carrinhos_valido"]}</arg>
<doc>Returns the given values which can then be assigned to a variables.</doc>
<msg timestamp="20220803 10:42:13.208" level="INFO">${payload} = {'produtos': [{'idProduto': 'BeeJh5lz3k6kSIzA', 'quantidade': 2}]}</msg>
<status status="PASS" starttime="20220803 10:42:13.207" endtime="20220803 10:42:13.208"/>
</kw>
<kw name="Set Global Variable" library="BuiltIn">
<arg>${payload}</arg>
<doc>Makes a variable available globally in all tests and suites.</doc>
<msg timestamp="20220803 10:42:13.208" level="INFO">${payload} = {'produtos': [{'idProduto': 'BeeJh5lz3k6kSIzA', 'quantidade': 2}]}</msg>
<status status="PASS" starttime="20220803 10:42:13.208" endtime="20220803 10:42:13.208"/>
</kw>
<kw name="POST Endpoint Carrinho" library="carrinhos_keywords">
<kw name="Create Dictionary" library="BuiltIn">
<var>${header}</var>
<arg>Authorization=${token_auth}</arg>
<doc>Creates and returns a dictionary based on the given ``items``.</doc>
<msg timestamp="20220803 10:42:13.210" level="INFO">${header} = {'Authorization': 'Bearer eyJhbGciOiJIUzI1NiIsInR5cCI6IkpXVCJ9.eyJlbWFpbCI6ImZ1bGFub0BxYS5jb20uYnIiLCJwYXNzd29yZCI6InRlc3RlIiwiaWF0IjoxNjU5NTM0MTMzLCJleHAiOjE2NTk1MzQ3MzN9.u98ujUOPwa_e44oox-78tQcqXiR6...</msg>
<status status="PASS" starttime="20220803 10:42:13.209" endtime="20220803 10:42:13.210"/>
</kw>
<kw name="POST On Session" library="RequestsLibrary">
<var>${response}</var>
<arg>serverest</arg>
<arg>/carrinhos</arg>
<arg>json=${payload}</arg>
<arg>headers=${header}</arg>
<arg>expected_status=anything</arg>
<doc>Sends a POST request on a previously created HTTP Session.</doc>
<msg timestamp="20220803 10:42:13.216" level="INFO">POST Request : url=http://localhost:3000/carrinhos 
 path_url=/carrinhos 
 headers={'User-Agent': 'python-requests/2.28.1', 'Accept-Encoding': 'gzip, deflate', 'Accept': '*/*', 'Connection': 'keep-alive', 'Authorization': 'Bearer eyJhbGciOiJIUzI1NiIsInR5cCI6IkpXVCJ9.eyJlbWFpbCI6ImZ1bGFub0BxYS5jb20uYnIiLCJwYXNzd29yZCI6InRlc3RlIiwiaWF0IjoxNjU5NTM0MTMzLCJleHAiOjE2NTk1MzQ3MzN9.u98ujUOPwa_e44oox-78tQcqXiR6f8Pz4fBsgIARhwg', 'Content-Length': '66', 'Content-Type': 'application/json'} 
 body=b'{"produtos": [{"idProduto": "BeeJh5lz3k6kSIzA", "quantidade": 2}]}' 
 </msg>
<msg timestamp="20220803 10:42:13.217" level="INFO">POST Response : url=http://localhost:3000/carrinhos 
 status=201, reason=Created 
 headers={'Access-Control-Allow-Origin': '*', 'x-dns-prefetch-control': 'off', 'x-frame-options': 'SAMEORIGIN', 'strict-transport-security': 'max-age=15552000; includeSubDomains', 'x-download-options': 'noopen', 'x-content-type-options': 'nosniff', 'x-xss-protection': '1; mode=block', 'x-moesif-transaction-id': '216d2ec7-485c-48d5-a4b8-64fe1cac7541', 'Content-Type': 'application/json; charset=utf-8', 'Content-Length': '82', 'Date': 'Wed, 03 Aug 2022 13:42:13 GMT', 'Connection': 'keep-alive', 'Keep-Alive': 'timeout=5'} 
 body={
    "message": "Cadastro realizado com sucesso",
    "_id": "Y9wNlSksUFOXx9px"
} 
 </msg>
<msg timestamp="20220803 10:42:13.217" level="INFO">${response} = &lt;Response [201]&gt;</msg>
<status status="PASS" starttime="20220803 10:42:13.210" endtime="20220803 10:42:13.217"/>
</kw>
<kw name="Set Global Variable" library="BuiltIn">
<arg>${response}</arg>
<doc>Makes a variable available globally in all tests and suites.</doc>
<msg timestamp="20220803 10:42:13.218" level="INFO">${response} = &lt;Response [201]&gt;</msg>
<status status="PASS" starttime="20220803 10:42:13.217" endtime="20220803 10:42:13.218"/>
</kw>
<if>
<branch type="IF" condition="${response.status_code} == 201">
<kw name="Set Variable" library="BuiltIn">
<var>${carrinho_id}</var>
<arg>${response.json()["_id"]}</arg>
<doc>Returns the given values which can then be assigned to a variables.</doc>
<msg timestamp="20220803 10:42:13.219" level="INFO">${carrinho_id} = Y9wNlSksUFOXx9px</msg>
<status status="PASS" starttime="20220803 10:42:13.219" endtime="20220803 10:42:13.219"/>
</kw>
<kw name="Set Global Variable" library="BuiltIn">
<arg>${carrinho_id}</arg>
<doc>Makes a variable available globally in all tests and suites.</doc>
<msg timestamp="20220803 10:42:13.220" level="INFO">${carrinho_id} = Y9wNlSksUFOXx9px</msg>
<status status="PASS" starttime="20220803 10:42:13.220" endtime="20220803 10:42:13.220"/>
</kw>
<status status="PASS" starttime="20220803 10:42:13.218" endtime="20220803 10:42:13.220"/>
</branch>
<status status="PASS" starttime="20220803 10:42:13.218" endtime="20220803 10:42:13.220"/>
</if>
<status status="PASS" starttime="20220803 10:42:13.208" endtime="20220803 10:42:13.220"/>
</kw>
<status status="PASS" starttime="20220803 10:42:13.204" endtime="20220803 10:42:13.220"/>
</kw>
<kw name="POST Cadastro Carrinho Estatico Valido" library="carrinhos_keywords">
<kw name="Importar Json Estatico" library="common">
<var>${json}</var>
<arg>massa_carrinho.json</arg>
<kw name="Get File" library="OperatingSystem">
<var>${arquivo}</var>
<arg>${EXECDIR}/support/fixtures/estatic/${nome_arquivo}</arg>
<doc>Returns the contents of a specified file.</doc>
<msg timestamp="20220803 10:42:13.222" level="INFO" html="true">Getting file '&lt;a href="file:///home/neybackes/Documentos/Robotron_NeyBackes_ProjetoFInal/support/fixtures/estatic/massa_carrinho.json"&gt;/home/neybackes/Documentos/Robotron_NeyBackes_ProjetoFInal/support/fixtures/estatic/massa_carrinho.json&lt;/a&gt;'.</msg>
<msg timestamp="20220803 10:42:13.222" level="INFO">${arquivo} = {"carrinhos_valido": {

    "produtos": [
        {
            "idProduto": "BeeJh5lz3k6kSIzA",
            "quantidade": 2
            
        }
    ]

},
"carrinhos_produto_repetido": {

    "prod...</msg>
<status status="PASS" starttime="20220803 10:42:13.222" endtime="20220803 10:42:13.222"/>
</kw>
<kw name="Evaluate" library="BuiltIn">
<var>${data}</var>
<arg>json.loads('''${arquivo}''')</arg>
<arg>json</arg>
<doc>Evaluates the given expression in Python and returns the result.</doc>
<msg timestamp="20220803 10:42:13.223" level="INFO">${data} = {'carrinhos_valido': {'produtos': [{'idProduto': 'BeeJh5lz3k6kSIzA', 'quantidade': 2}]}, 'carrinhos_produto_repetido': {'produtos': [{'idProduto': 'BeeJh5lz3k6kSIzA', 'quantidade': 2}, {'idProduto': '...</msg>
<status status="PASS" starttime="20220803 10:42:13.223" endtime="20220803 10:42:13.224"/>
</kw>
<msg timestamp="20220803 10:42:13.224" level="INFO">${json} = {'carrinhos_valido': {'produtos': [{'idProduto': 'BeeJh5lz3k6kSIzA', 'quantidade': 2}]}, 'carrinhos_produto_repetido': {'produtos': [{'idProduto': 'BeeJh5lz3k6kSIzA', 'quantidade': 2}, {'idProduto': '...</msg>
<status status="PASS" starttime="20220803 10:42:13.221" endtime="20220803 10:42:13.224"/>
</kw>
<kw name="Set Variable" library="BuiltIn">
<var>${payload}</var>
<arg>${json["carrinhos_valido"]}</arg>
<doc>Returns the given values which can then be assigned to a variables.</doc>
<msg timestamp="20220803 10:42:13.226" level="INFO">${payload} = {'produtos': [{'idProduto': 'BeeJh5lz3k6kSIzA', 'quantidade': 2}]}</msg>
<status status="PASS" starttime="20220803 10:42:13.225" endtime="20220803 10:42:13.226"/>
</kw>
<kw name="Set Global Variable" library="BuiltIn">
<arg>${payload}</arg>
<doc>Makes a variable available globally in all tests and suites.</doc>
<msg timestamp="20220803 10:42:13.227" level="INFO">${payload} = {'produtos': [{'idProduto': 'BeeJh5lz3k6kSIzA', 'quantidade': 2}]}</msg>
<status status="PASS" starttime="20220803 10:42:13.227" endtime="20220803 10:42:13.227"/>
</kw>
<kw name="POST Endpoint Carrinho" library="carrinhos_keywords">
<kw name="Create Dictionary" library="BuiltIn">
<var>${header}</var>
<arg>Authorization=${token_auth}</arg>
<doc>Creates and returns a dictionary based on the given ``items``.</doc>
<msg timestamp="20220803 10:42:13.229" level="INFO">${header} = {'Authorization': 'Bearer eyJhbGciOiJIUzI1NiIsInR5cCI6IkpXVCJ9.eyJlbWFpbCI6ImZ1bGFub0BxYS5jb20uYnIiLCJwYXNzd29yZCI6InRlc3RlIiwiaWF0IjoxNjU5NTM0MTMzLCJleHAiOjE2NTk1MzQ3MzN9.u98ujUOPwa_e44oox-78tQcqXiR6...</msg>
<status status="PASS" starttime="20220803 10:42:13.228" endtime="20220803 10:42:13.229"/>
</kw>
<kw name="POST On Session" library="RequestsLibrary">
<var>${response}</var>
<arg>serverest</arg>
<arg>/carrinhos</arg>
<arg>json=${payload}</arg>
<arg>headers=${header}</arg>
<arg>expected_status=anything</arg>
<doc>Sends a POST request on a previously created HTTP Session.</doc>
<msg timestamp="20220803 10:42:13.236" level="INFO">POST Request : url=http://localhost:3000/carrinhos 
 path_url=/carrinhos 
 headers={'User-Agent': 'python-requests/2.28.1', 'Accept-Encoding': 'gzip, deflate', 'Accept': '*/*', 'Connection': 'keep-alive', 'Authorization': 'Bearer eyJhbGciOiJIUzI1NiIsInR5cCI6IkpXVCJ9.eyJlbWFpbCI6ImZ1bGFub0BxYS5jb20uYnIiLCJwYXNzd29yZCI6InRlc3RlIiwiaWF0IjoxNjU5NTM0MTMzLCJleHAiOjE2NTk1MzQ3MzN9.u98ujUOPwa_e44oox-78tQcqXiR6f8Pz4fBsgIARhwg', 'Content-Length': '66', 'Content-Type': 'application/json'} 
 body=b'{"produtos": [{"idProduto": "BeeJh5lz3k6kSIzA", "quantidade": 2}]}' 
 </msg>
<msg timestamp="20220803 10:42:13.236" level="INFO">POST Response : url=http://localhost:3000/carrinhos 
 status=400, reason=Bad Request 
 headers={'Access-Control-Allow-Origin': '*', 'x-dns-prefetch-control': 'off', 'x-frame-options': 'SAMEORIGIN', 'strict-transport-security': 'max-age=15552000; includeSubDomains', 'x-download-options': 'noopen', 'x-content-type-options': 'nosniff', 'x-xss-protection': '1; mode=block', 'x-moesif-transaction-id': '812f3b87-d329-4de2-b795-4287336acaa1', 'Content-Type': 'application/json; charset=utf-8', 'Content-Length': '61', 'Date': 'Wed, 03 Aug 2022 13:42:13 GMT', 'Connection': 'keep-alive', 'Keep-Alive': 'timeout=5'} 
 body={
    "message": "Não é permitido ter mais de 1 carrinho"
} 
 </msg>
<msg timestamp="20220803 10:42:13.236" level="INFO">${response} = &lt;Response [400]&gt;</msg>
<status status="PASS" starttime="20220803 10:42:13.229" endtime="20220803 10:42:13.236"/>
</kw>
<kw name="Set Global Variable" library="BuiltIn">
<arg>${response}</arg>
<doc>Makes a variable available globally in all tests and suites.</doc>
<msg timestamp="20220803 10:42:13.237" level="INFO">${response} = &lt;Response [400]&gt;</msg>
<status status="PASS" starttime="20220803 10:42:13.237" endtime="20220803 10:42:13.237"/>
</kw>
<if>
<branch type="IF" condition="${response.status_code} == 201">
<kw name="Set Variable" library="BuiltIn">
<var>${carrinho_id}</var>
<arg>${response.json()["_id"]}</arg>
<doc>Returns the given values which can then be assigned to a variables.</doc>
<status status="NOT RUN" starttime="20220803 10:42:13.238" endtime="20220803 10:42:13.238"/>
</kw>
<kw name="Set Global Variable" library="BuiltIn">
<arg>${carrinho_id}</arg>
<doc>Makes a variable available globally in all tests and suites.</doc>
<status status="NOT RUN" starttime="20220803 10:42:13.238" endtime="20220803 10:42:13.238"/>
</kw>
<status status="NOT RUN" starttime="20220803 10:42:13.238" endtime="20220803 10:42:13.238"/>
</branch>
<status status="PASS" starttime="20220803 10:42:13.237" endtime="20220803 10:42:13.238"/>
</if>
<status status="PASS" starttime="20220803 10:42:13.228" endtime="20220803 10:42:13.239"/>
</kw>
<status status="PASS" starttime="20220803 10:42:13.221" endtime="20220803 10:42:13.239"/>
</kw>
<kw name="Imprimir Carrinho Response.Content" library="carrinhos_keywords">
<if>
<branch type="IF" condition="${response.status_code} == 200 or ${response.status_code} == 201">
<kw name="Log To Console" library="BuiltIn">
<arg>${yellow}Resposta para Cadastro de Carrino:${yellow} ${green}${response.content}${green}</arg>
<doc>Logs the given message to the console.</doc>
<status status="NOT RUN" starttime="20220803 10:42:13.240" endtime="20220803 10:42:13.240"/>
</kw>
<status status="NOT RUN" starttime="20220803 10:42:13.240" endtime="20220803 10:42:13.241"/>
</branch>
<branch type="ELSE">
<kw name="Log To Console" library="BuiltIn">
<arg>${yellow}Resposta para Cadastro de Carrinho:${yellow} ${red}${response.content}${red}</arg>
<doc>Logs the given message to the console.</doc>
<status status="PASS" starttime="20220803 10:42:13.241" endtime="20220803 10:42:13.242"/>
</kw>
<status status="PASS" starttime="20220803 10:42:13.241" endtime="20220803 10:42:13.242"/>
</branch>
<status status="PASS" starttime="20220803 10:42:13.239" endtime="20220803 10:42:13.242"/>
</if>
<status status="PASS" starttime="20220803 10:42:13.239" endtime="20220803 10:42:13.242"/>
</kw>
<kw name="Reposta Um carrinho Por Cadastro" library="carrinhos_keywords">
<kw name="Should Contain" library="BuiltIn">
<arg>${response.json()["message"]}</arg>
<arg>Não é permitido ter mais de 1 carrinho</arg>
<doc>Fails if ``container`` does not contain ``item`` one or more times.</doc>
<status status="PASS" starttime="20220803 10:42:13.242" endtime="20220803 10:42:13.243"/>
</kw>
<status status="PASS" starttime="20220803 10:42:13.242" endtime="20220803 10:42:13.243"/>
</kw>
<kw name="validar Status Code &quot;400&quot;" library="common" sourcename="validar Status Code &quot;${statuscode}&quot;">
<kw name="Should Be True" library="BuiltIn">
<arg>${response.status_code} == ${status_code}</arg>
<doc>Fails if the given condition is not true.</doc>
<status status="PASS" starttime="20220803 10:42:13.244" endtime="20220803 10:42:13.245"/>
</kw>
<if>
<branch type="IF" condition="${response.status_code} == 200 or ${response.status_code} == 201">
<kw name="Log To Console" library="BuiltIn">
<arg>${yellow}Status Code Retornado:${yellow} ${green}${response.status_code}${green}</arg>
<doc>Logs the given message to the console.</doc>
<status status="NOT RUN" starttime="20220803 10:42:13.246" endtime="20220803 10:42:13.246"/>
</kw>
<status status="NOT RUN" starttime="20220803 10:42:13.246" endtime="20220803 10:42:13.246"/>
</branch>
<branch type="ELSE">
<kw name="Log To Console" library="BuiltIn">
<arg>${yellow}Status Code Retornado:${yellow} ${red}${response.status_code}${red}</arg>
<doc>Logs the given message to the console.</doc>
<status status="PASS" starttime="20220803 10:42:13.247" endtime="20220803 10:42:13.248"/>
</kw>
<status status="PASS" starttime="20220803 10:42:13.246" endtime="20220803 10:42:13.248"/>
</branch>
<status status="PASS" starttime="20220803 10:42:13.245" endtime="20220803 10:42:13.248"/>
</if>
<status status="PASS" starttime="20220803 10:42:13.243" endtime="20220803 10:42:13.248"/>
</kw>
<kw name="DELETE Endpoint /carrinhos Cancelar Compra" library="carrinhos_keywords">
<kw name="Create Dictionary" library="BuiltIn">
<var>${header}</var>
<arg>Authorization=${token_auth}</arg>
<doc>Creates and returns a dictionary based on the given ``items``.</doc>
<msg timestamp="20220803 10:42:13.249" level="INFO">${header} = {'Authorization': 'Bearer eyJhbGciOiJIUzI1NiIsInR5cCI6IkpXVCJ9.eyJlbWFpbCI6ImZ1bGFub0BxYS5jb20uYnIiLCJwYXNzd29yZCI6InRlc3RlIiwiaWF0IjoxNjU5NTM0MTMzLCJleHAiOjE2NTk1MzQ3MzN9.u98ujUOPwa_e44oox-78tQcqXiR6...</msg>
<status status="PASS" starttime="20220803 10:42:13.248" endtime="20220803 10:42:13.249"/>
</kw>
<kw name="DELETE On Session" library="RequestsLibrary">
<var>${response}</var>
<arg>serverest</arg>
<arg>/carrinhos/cancelar-compra</arg>
<arg>headers=${header}</arg>
<arg>expected_status=anything</arg>
<doc>Sends a DELETE request on a previously created HTTP Session.</doc>
<msg timestamp="20220803 10:42:13.255" level="INFO">DELETE Request : url=http://localhost:3000/carrinhos/cancelar-compra 
 path_url=/carrinhos/cancelar-compra 
 headers={'User-Agent': 'python-requests/2.28.1', 'Accept-Encoding': 'gzip, deflate', 'Accept': '*/*', 'Connection': 'keep-alive', 'Authorization': 'Bearer eyJhbGciOiJIUzI1NiIsInR5cCI6IkpXVCJ9.eyJlbWFpbCI6ImZ1bGFub0BxYS5jb20uYnIiLCJwYXNzd29yZCI6InRlc3RlIiwiaWF0IjoxNjU5NTM0MTMzLCJleHAiOjE2NTk1MzQ3MzN9.u98ujUOPwa_e44oox-78tQcqXiR6f8Pz4fBsgIARhwg', 'Content-Length': '0'} 
 body=None 
 </msg>
<msg timestamp="20220803 10:42:13.255" level="INFO">DELETE Response : url=http://localhost:3000/carrinhos/cancelar-compra 
 status=200, reason=OK 
 headers={'Access-Control-Allow-Origin': '*', 'x-dns-prefetch-control': 'off', 'x-frame-options': 'SAMEORIGIN', 'strict-transport-security': 'max-age=15552000; includeSubDomains', 'x-download-options': 'noopen', 'x-content-type-options': 'nosniff', 'x-xss-protection': '1; mode=block', 'x-moesif-transaction-id': 'a9ecbba9-88b2-4f58-b48f-f097cabf5360', 'Content-Type': 'application/json; charset=utf-8', 'Content-Length': '86', 'Date': 'Wed, 03 Aug 2022 13:42:13 GMT', 'Connection': 'keep-alive', 'Keep-Alive': 'timeout=5'} 
 body={
    "message": "Registro excluído com sucesso. Estoque dos produtos reabastecido"
} 
 </msg>
<msg timestamp="20220803 10:42:13.255" level="INFO">${response} = &lt;Response [200]&gt;</msg>
<status status="PASS" starttime="20220803 10:42:13.249" endtime="20220803 10:42:13.255"/>
</kw>
<kw name="Set Global Variable" library="BuiltIn">
<arg>${response}</arg>
<doc>Makes a variable available globally in all tests and suites.</doc>
<msg timestamp="20220803 10:42:13.256" level="INFO">${response} = &lt;Response [200]&gt;</msg>
<status status="PASS" starttime="20220803 10:42:13.255" endtime="20220803 10:42:13.256"/>
</kw>
<status status="PASS" starttime="20220803 10:42:13.248" endtime="20220803 10:42:13.256"/>
</kw>
<tag>POST_CARRINHO_DUPLICIDADE</tag>
<status status="PASS" starttime="20220803 10:42:13.183" endtime="20220803 10:42:13.256"/>
</test>
<test id="s1-s1-t4" name="Cenario: POST Carrinho Produto Nao Encontrado 400" line="48">
<kw name="Iniciar cores de resposta" library="common">
<kw name="Evaluate" library="BuiltIn">
<var>${red}</var>
<arg>${RED}</arg>
<doc>Evaluates the given expression in Python and returns the result.</doc>
<msg timestamp="20220803 10:42:13.258" level="INFO">${red} = [31m</msg>
<status status="PASS" starttime="20220803 10:42:13.258" endtime="20220803 10:42:13.258"/>
</kw>
<kw name="Set Test Variable" library="BuiltIn">
<arg>${red}</arg>
<doc>Makes a variable available everywhere within the scope of the current test.</doc>
<msg timestamp="20220803 10:42:13.258" level="INFO">${red} = [31m</msg>
<status status="PASS" starttime="20220803 10:42:13.258" endtime="20220803 10:42:13.259"/>
</kw>
<kw name="Evaluate" library="BuiltIn">
<var>${yellow}</var>
<arg>${YELLOW}</arg>
<doc>Evaluates the given expression in Python and returns the result.</doc>
<msg timestamp="20220803 10:42:13.259" level="INFO">${yellow} = [33m</msg>
<status status="PASS" starttime="20220803 10:42:13.259" endtime="20220803 10:42:13.259"/>
</kw>
<kw name="Set Test Variable" library="BuiltIn">
<arg>${yellow}</arg>
<doc>Makes a variable available everywhere within the scope of the current test.</doc>
<msg timestamp="20220803 10:42:13.259" level="INFO">${yellow} = [33m</msg>
<status status="PASS" starttime="20220803 10:42:13.259" endtime="20220803 10:42:13.260"/>
</kw>
<kw name="Evaluate" library="BuiltIn">
<var>${green}</var>
<arg>${GREEN}</arg>
<doc>Evaluates the given expression in Python and returns the result.</doc>
<msg timestamp="20220803 10:42:13.260" level="INFO">${green} = [32m</msg>
<status status="PASS" starttime="20220803 10:42:13.260" endtime="20220803 10:42:13.260"/>
</kw>
<kw name="Set Test Variable" library="BuiltIn">
<arg>${green}</arg>
<doc>Makes a variable available everywhere within the scope of the current test.</doc>
<msg timestamp="20220803 10:42:13.261" level="INFO">${green} = [32m</msg>
<status status="PASS" starttime="20220803 10:42:13.260" endtime="20220803 10:42:13.261"/>
</kw>
<status status="PASS" starttime="20220803 10:42:13.257" endtime="20220803 10:42:13.261"/>
</kw>
<kw name="POST Login Valido Usando FUNCAO" library="login_keywords">
<kw name="Login Padrao" library="library_python">
<var>${json}</var>
<msg timestamp="20220803 10:42:13.268" level="INFO">${json} = {'email': 'fulano@qa.com.br', 'password': 'teste'}</msg>
<status status="PASS" starttime="20220803 10:42:13.262" endtime="20220803 10:42:13.268"/>
</kw>
<kw name="Set Variable" library="BuiltIn">
<var>${payload}</var>
<arg>${json}</arg>
<doc>Returns the given values which can then be assigned to a variables.</doc>
<msg timestamp="20220803 10:42:13.268" level="INFO">${payload} = {'email': 'fulano@qa.com.br', 'password': 'teste'}</msg>
<status status="PASS" starttime="20220803 10:42:13.268" endtime="20220803 10:42:13.268"/>
</kw>
<kw name="Set Global Variable" library="BuiltIn">
<arg>${payload}</arg>
<doc>Makes a variable available globally in all tests and suites.</doc>
<msg timestamp="20220803 10:42:13.269" level="INFO">${payload} = {'email': 'fulano@qa.com.br', 'password': 'teste'}</msg>
<status status="PASS" starttime="20220803 10:42:13.268" endtime="20220803 10:42:13.269"/>
</kw>
<kw name="POST Endpoint /login" library="login_keywords">
<kw name="POST On Session" library="RequestsLibrary">
<var>${response}</var>
<arg>serverest</arg>
<arg>/login</arg>
<arg>json=&amp;{payload}</arg>
<arg>expected_status=anything</arg>
<doc>Sends a POST request on a previously created HTTP Session.</doc>
<msg timestamp="20220803 10:42:13.276" level="INFO">POST Request : url=http://localhost:3000/login 
 path_url=/login 
 headers={'User-Agent': 'python-requests/2.28.1', 'Accept-Encoding': 'gzip, deflate', 'Accept': '*/*', 'Connection': 'keep-alive', 'Content-Length': '50', 'Content-Type': 'application/json'} 
 body=b'{"email": "fulano@qa.com.br", "password": "teste"}' 
 </msg>
<msg timestamp="20220803 10:42:13.276" level="INFO">POST Response : url=http://localhost:3000/login 
 status=200, reason=OK 
 headers={'Access-Control-Allow-Origin': '*', 'x-dns-prefetch-control': 'off', 'x-frame-options': 'SAMEORIGIN', 'strict-transport-security': 'max-age=15552000; includeSubDomains', 'x-download-options': 'noopen', 'x-content-type-options': 'nosniff', 'x-xss-protection': '1; mode=block', 'x-moesif-transaction-id': '81234c9a-5fba-443b-bcb5-c3d59f6aae0d', 'Content-Type': 'application/json; charset=utf-8', 'Content-Length': '269', 'Date': 'Wed, 03 Aug 2022 13:42:13 GMT', 'Connection': 'keep-alive', 'Keep-Alive': 'timeout=5'} 
 body={
    "message": "Login realizado com sucesso",
    "authorization": "Bearer eyJhbGciOiJIUzI1NiIsInR5cCI6IkpXVCJ9.eyJlbWFpbCI6ImZ1bGFub0BxYS5jb20uYnIiLCJwYXNzd29yZCI6InRlc3RlIiwiaWF0IjoxNjU5NTM0MTMzLCJleHAiOjE2NTk1MzQ3MzN9.u98ujUOPwa_e44oox-78tQcqXiR6f8Pz4fBsgIARhwg"
} 
 </msg>
<msg timestamp="20220803 10:42:13.277" level="INFO">${response} = &lt;Response [200]&gt;</msg>
<status status="PASS" starttime="20220803 10:42:13.269" endtime="20220803 10:42:13.277"/>
</kw>
<if>
<branch type="IF" condition="${response.status_code} == 200">
<kw name="Set Variable" library="BuiltIn">
<var>${token_auth}</var>
<arg>${response.json()["authorization"]}</arg>
<doc>Returns the given values which can then be assigned to a variables.</doc>
<msg timestamp="20220803 10:42:13.278" level="INFO">${token_auth} = Bearer eyJhbGciOiJIUzI1NiIsInR5cCI6IkpXVCJ9.eyJlbWFpbCI6ImZ1bGFub0BxYS5jb20uYnIiLCJwYXNzd29yZCI6InRlc3RlIiwiaWF0IjoxNjU5NTM0MTMzLCJleHAiOjE2NTk1MzQ3MzN9.u98ujUOPwa_e44oox-78tQcqXiR6f8Pz4fBsgIARhwg</msg>
<status status="PASS" starttime="20220803 10:42:13.278" endtime="20220803 10:42:13.278"/>
</kw>
<kw name="Set Global Variable" library="BuiltIn">
<arg>${token_auth}</arg>
<doc>Makes a variable available globally in all tests and suites.</doc>
<msg timestamp="20220803 10:42:13.279" level="INFO">${token_auth} = Bearer eyJhbGciOiJIUzI1NiIsInR5cCI6IkpXVCJ9.eyJlbWFpbCI6ImZ1bGFub0BxYS5jb20uYnIiLCJwYXNzd29yZCI6InRlc3RlIiwiaWF0IjoxNjU5NTM0MTMzLCJleHAiOjE2NTk1MzQ3MzN9.u98ujUOPwa_e44oox-78tQcqXiR6f8Pz4fBsgIARhwg</msg>
<status status="PASS" starttime="20220803 10:42:13.279" endtime="20220803 10:42:13.279"/>
</kw>
<status status="PASS" starttime="20220803 10:42:13.277" endtime="20220803 10:42:13.279"/>
</branch>
<status status="PASS" starttime="20220803 10:42:13.277" endtime="20220803 10:42:13.279"/>
</if>
<kw name="Set Global Variable" library="BuiltIn">
<arg>${response}</arg>
<doc>Makes a variable available globally in all tests and suites.</doc>
<msg timestamp="20220803 10:42:13.280" level="INFO">${response} = &lt;Response [200]&gt;</msg>
<status status="PASS" starttime="20220803 10:42:13.279" endtime="20220803 10:42:13.280"/>
</kw>
<status status="PASS" starttime="20220803 10:42:13.269" endtime="20220803 10:42:13.280"/>
</kw>
<status status="PASS" starttime="20220803 10:42:13.261" endtime="20220803 10:42:13.280"/>
</kw>
<kw name="POST Cadastro Carrinho Produto Nao Encontrado" library="carrinhos_keywords">
<kw name="Importar Json Estatico" library="common">
<var>${json}</var>
<arg>massa_carrinho.json</arg>
<kw name="Get File" library="OperatingSystem">
<var>${arquivo}</var>
<arg>${EXECDIR}/support/fixtures/estatic/${nome_arquivo}</arg>
<doc>Returns the contents of a specified file.</doc>
<msg timestamp="20220803 10:42:13.281" level="INFO" html="true">Getting file '&lt;a href="file:///home/neybackes/Documentos/Robotron_NeyBackes_ProjetoFInal/support/fixtures/estatic/massa_carrinho.json"&gt;/home/neybackes/Documentos/Robotron_NeyBackes_ProjetoFInal/support/fixtures/estatic/massa_carrinho.json&lt;/a&gt;'.</msg>
<msg timestamp="20220803 10:42:13.281" level="INFO">${arquivo} = {"carrinhos_valido": {

    "produtos": [
        {
            "idProduto": "BeeJh5lz3k6kSIzA",
            "quantidade": 2
            
        }
    ]

},
"carrinhos_produto_repetido": {

    "prod...</msg>
<status status="PASS" starttime="20220803 10:42:13.281" endtime="20220803 10:42:13.281"/>
</kw>
<kw name="Evaluate" library="BuiltIn">
<var>${data}</var>
<arg>json.loads('''${arquivo}''')</arg>
<arg>json</arg>
<doc>Evaluates the given expression in Python and returns the result.</doc>
<msg timestamp="20220803 10:42:13.282" level="INFO">${data} = {'carrinhos_valido': {'produtos': [{'idProduto': 'BeeJh5lz3k6kSIzA', 'quantidade': 2}]}, 'carrinhos_produto_repetido': {'produtos': [{'idProduto': 'BeeJh5lz3k6kSIzA', 'quantidade': 2}, {'idProduto': '...</msg>
<status status="PASS" starttime="20220803 10:42:13.282" endtime="20220803 10:42:13.282"/>
</kw>
<msg timestamp="20220803 10:42:13.282" level="INFO">${json} = {'carrinhos_valido': {'produtos': [{'idProduto': 'BeeJh5lz3k6kSIzA', 'quantidade': 2}]}, 'carrinhos_produto_repetido': {'produtos': [{'idProduto': 'BeeJh5lz3k6kSIzA', 'quantidade': 2}, {'idProduto': '...</msg>
<status status="PASS" starttime="20220803 10:42:13.280" endtime="20220803 10:42:13.282"/>
</kw>
<kw name="Set Variable" library="BuiltIn">
<var>${payload}</var>
<arg>${json["carrinhos_id_invalido"]}</arg>
<doc>Returns the given values which can then be assigned to a variables.</doc>
<msg timestamp="20220803 10:42:13.283" level="INFO">${payload} = {'produtos': [{'idProduto': 'sem_id_valido', 'quantidade': 2}]}</msg>
<status status="PASS" starttime="20220803 10:42:13.283" endtime="20220803 10:42:13.283"/>
</kw>
<kw name="Set Global Variable" library="BuiltIn">
<arg>${payload}</arg>
<doc>Makes a variable available globally in all tests and suites.</doc>
<msg timestamp="20220803 10:42:13.284" level="INFO">${payload} = {'produtos': [{'idProduto': 'sem_id_valido', 'quantidade': 2}]}</msg>
<status status="PASS" starttime="20220803 10:42:13.283" endtime="20220803 10:42:13.284"/>
</kw>
<kw name="POST Endpoint Carrinho" library="carrinhos_keywords">
<kw name="Create Dictionary" library="BuiltIn">
<var>${header}</var>
<arg>Authorization=${token_auth}</arg>
<doc>Creates and returns a dictionary based on the given ``items``.</doc>
<msg timestamp="20220803 10:42:13.284" level="INFO">${header} = {'Authorization': 'Bearer eyJhbGciOiJIUzI1NiIsInR5cCI6IkpXVCJ9.eyJlbWFpbCI6ImZ1bGFub0BxYS5jb20uYnIiLCJwYXNzd29yZCI6InRlc3RlIiwiaWF0IjoxNjU5NTM0MTMzLCJleHAiOjE2NTk1MzQ3MzN9.u98ujUOPwa_e44oox-78tQcqXiR6...</msg>
<status status="PASS" starttime="20220803 10:42:13.284" endtime="20220803 10:42:13.285"/>
</kw>
<kw name="POST On Session" library="RequestsLibrary">
<var>${response}</var>
<arg>serverest</arg>
<arg>/carrinhos</arg>
<arg>json=${payload}</arg>
<arg>headers=${header}</arg>
<arg>expected_status=anything</arg>
<doc>Sends a POST request on a previously created HTTP Session.</doc>
<msg timestamp="20220803 10:42:13.291" level="INFO">POST Request : url=http://localhost:3000/carrinhos 
 path_url=/carrinhos 
 headers={'User-Agent': 'python-requests/2.28.1', 'Accept-Encoding': 'gzip, deflate', 'Accept': '*/*', 'Connection': 'keep-alive', 'Authorization': 'Bearer eyJhbGciOiJIUzI1NiIsInR5cCI6IkpXVCJ9.eyJlbWFpbCI6ImZ1bGFub0BxYS5jb20uYnIiLCJwYXNzd29yZCI6InRlc3RlIiwiaWF0IjoxNjU5NTM0MTMzLCJleHAiOjE2NTk1MzQ3MzN9.u98ujUOPwa_e44oox-78tQcqXiR6f8Pz4fBsgIARhwg', 'Content-Length': '63', 'Content-Type': 'application/json'} 
 body=b'{"produtos": [{"idProduto": "sem_id_valido", "quantidade": 2}]}' 
 </msg>
<msg timestamp="20220803 10:42:13.292" level="INFO">POST Response : url=http://localhost:3000/carrinhos 
 status=400, reason=Bad Request 
 headers={'Access-Control-Allow-Origin': '*', 'x-dns-prefetch-control': 'off', 'x-frame-options': 'SAMEORIGIN', 'strict-transport-security': 'max-age=15552000; includeSubDomains', 'x-download-options': 'noopen', 'x-content-type-options': 'nosniff', 'x-xss-protection': '1; mode=block', 'x-moesif-transaction-id': 'ed44014d-bb9f-42b7-8d50-809ce0e67960', 'Content-Type': 'application/json; charset=utf-8', 'Content-Length': '147', 'Date': 'Wed, 03 Aug 2022 13:42:13 GMT', 'Connection': 'keep-alive', 'Keep-Alive': 'timeout=5'} 
 body={
    "message": "Produto não encontrado",
    "item": {
        "idProduto": "sem_id_valido",
        "quantidade": 2,
        "index": 0
    }
} 
 </msg>
<msg timestamp="20220803 10:42:13.292" level="INFO">${response} = &lt;Response [400]&gt;</msg>
<status status="PASS" starttime="20220803 10:42:13.285" endtime="20220803 10:42:13.292"/>
</kw>
<kw name="Set Global Variable" library="BuiltIn">
<arg>${response}</arg>
<doc>Makes a variable available globally in all tests and suites.</doc>
<msg timestamp="20220803 10:42:13.293" level="INFO">${response} = &lt;Response [400]&gt;</msg>
<status status="PASS" starttime="20220803 10:42:13.293" endtime="20220803 10:42:13.294"/>
</kw>
<if>
<branch type="IF" condition="${response.status_code} == 201">
<kw name="Set Variable" library="BuiltIn">
<var>${carrinho_id}</var>
<arg>${response.json()["_id"]}</arg>
<doc>Returns the given values which can then be assigned to a variables.</doc>
<status status="NOT RUN" starttime="20220803 10:42:13.295" endtime="20220803 10:42:13.295"/>
</kw>
<kw name="Set Global Variable" library="BuiltIn">
<arg>${carrinho_id}</arg>
<doc>Makes a variable available globally in all tests and suites.</doc>
<status status="NOT RUN" starttime="20220803 10:42:13.296" endtime="20220803 10:42:13.296"/>
</kw>
<status status="NOT RUN" starttime="20220803 10:42:13.295" endtime="20220803 10:42:13.296"/>
</branch>
<status status="PASS" starttime="20220803 10:42:13.294" endtime="20220803 10:42:13.296"/>
</if>
<status status="PASS" starttime="20220803 10:42:13.284" endtime="20220803 10:42:13.296"/>
</kw>
<status status="PASS" starttime="20220803 10:42:13.280" endtime="20220803 10:42:13.296"/>
</kw>
<kw name="Imprimir Carrinho Response.Content" library="carrinhos_keywords">
<if>
<branch type="IF" condition="${response.status_code} == 200 or ${response.status_code} == 201">
<kw name="Log To Console" library="BuiltIn">
<arg>${yellow}Resposta para Cadastro de Carrino:${yellow} ${green}${response.content}${green}</arg>
<doc>Logs the given message to the console.</doc>
<status status="NOT RUN" starttime="20220803 10:42:13.299" endtime="20220803 10:42:13.299"/>
</kw>
<status status="NOT RUN" starttime="20220803 10:42:13.298" endtime="20220803 10:42:13.299"/>
</branch>
<branch type="ELSE">
<kw name="Log To Console" library="BuiltIn">
<arg>${yellow}Resposta para Cadastro de Carrinho:${yellow} ${red}${response.content}${red}</arg>
<doc>Logs the given message to the console.</doc>
<status status="PASS" starttime="20220803 10:42:13.299" endtime="20220803 10:42:13.300"/>
</kw>
<status status="PASS" starttime="20220803 10:42:13.299" endtime="20220803 10:42:13.300"/>
</branch>
<status status="PASS" starttime="20220803 10:42:13.297" endtime="20220803 10:42:13.300"/>
</if>
[...]
<msg timestamp="20220803 10:42:15.647" level="INFO">${token_auth} = Bearer eyJhbGciOiJIUzI1NiIsInR5cCI6IkpXVCJ9.eyJlbWFpbCI6ImZ1bGFub0BxYS5jb20uYnIiLCJwYXNzd29yZCI6InRlc3RlIiwiaWF0IjoxNjU5NTM0MTM1LCJleHAiOjE2NTk1MzQ3MzV9.YHRgRSxEHdkgVF1Mt5vszN723-_19huBSEKMKW5HWL8</msg>
<status status="PASS" starttime="20220803 10:42:15.646" endtime="20220803 10:42:15.647"/>
</kw>
<status status="PASS" starttime="20220803 10:42:15.645" endtime="20220803 10:42:15.647"/>
</branch>
<status status="PASS" starttime="20220803 10:42:15.644" endtime="20220803 10:42:15.647"/>
</if>
<kw name="Set Global Variable" library="BuiltIn">
<arg>${response}</arg>
<doc>Makes a variable available globally in all tests and suites.</doc>
<msg timestamp="20220803 10:42:15.648" level="INFO">${response} = &lt;Response [200]&gt;</msg>
<status status="PASS" starttime="20220803 10:42:15.647" endtime="20220803 10:42:15.648"/>
</kw>
<status status="PASS" starttime="20220803 10:42:15.639" endtime="20220803 10:42:15.648"/>
</kw>
<status status="PASS" starttime="20220803 10:42:15.632" endtime="20220803 10:42:15.648"/>
</kw>
<kw name="POST Cadastro Carrinho Estatico Valido" library="carrinhos_keywords">
<kw name="Importar Json Estatico" library="common">
<var>${json}</var>
<arg>massa_carrinho.json</arg>
<kw name="Get File" library="OperatingSystem">
<var>${arquivo}</var>
<arg>${EXECDIR}/support/fixtures/estatic/${nome_arquivo}</arg>
<doc>Returns the contents of a specified file.</doc>
<msg timestamp="20220803 10:42:15.649" level="INFO" html="true">Getting file '&lt;a href="file:///home/neybackes/Documentos/Robotron_NeyBackes_ProjetoFInal/support/fixtures/estatic/massa_carrinho.json"&gt;/home/neybackes/Documentos/Robotron_NeyBackes_ProjetoFInal/support/fixtures/estatic/massa_carrinho.json&lt;/a&gt;'.</msg>
<msg timestamp="20220803 10:42:15.650" level="INFO">${arquivo} = {"carrinhos_valido": {

    "produtos": [
        {
            "idProduto": "BeeJh5lz3k6kSIzA",
            "quantidade": 2
            
        }
    ]

},
"carrinhos_produto_repetido": {

    "prod...</msg>
<status status="PASS" starttime="20220803 10:42:15.649" endtime="20220803 10:42:15.650"/>
</kw>
<kw name="Evaluate" library="BuiltIn">
<var>${data}</var>
<arg>json.loads('''${arquivo}''')</arg>
<arg>json</arg>
<doc>Evaluates the given expression in Python and returns the result.</doc>
<msg timestamp="20220803 10:42:15.650" level="INFO">${data} = {'carrinhos_valido': {'produtos': [{'idProduto': 'BeeJh5lz3k6kSIzA', 'quantidade': 2}]}, 'carrinhos_produto_repetido': {'produtos': [{'idProduto': 'BeeJh5lz3k6kSIzA', 'quantidade': 2}, {'idProduto': '...</msg>
<status status="PASS" starttime="20220803 10:42:15.650" endtime="20220803 10:42:15.650"/>
</kw>
<msg timestamp="20220803 10:42:15.651" level="INFO">${json} = {'carrinhos_valido': {'produtos': [{'idProduto': 'BeeJh5lz3k6kSIzA', 'quantidade': 2}]}, 'carrinhos_produto_repetido': {'produtos': [{'idProduto': 'BeeJh5lz3k6kSIzA', 'quantidade': 2}, {'idProduto': '...</msg>
<status status="PASS" starttime="20220803 10:42:15.648" endtime="20220803 10:42:15.651"/>
</kw>
<kw name="Set Variable" library="BuiltIn">
<var>${payload}</var>
<arg>${json["carrinhos_valido"]}</arg>
<doc>Returns the given values which can then be assigned to a variables.</doc>
<msg timestamp="20220803 10:42:15.652" level="INFO">${payload} = {'produtos': [{'idProduto': 'BeeJh5lz3k6kSIzA', 'quantidade': 2}]}</msg>
<status status="PASS" starttime="20220803 10:42:15.651" endtime="20220803 10:42:15.652"/>
</kw>
<kw name="Set Global Variable" library="BuiltIn">
<arg>${payload}</arg>
<doc>Makes a variable available globally in all tests and suites.</doc>
<msg timestamp="20220803 10:42:15.652" level="INFO">${payload} = {'produtos': [{'idProduto': 'BeeJh5lz3k6kSIzA', 'quantidade': 2}]}</msg>
<status status="PASS" starttime="20220803 10:42:15.652" endtime="20220803 10:42:15.652"/>
</kw>
<kw name="POST Endpoint Carrinho" library="carrinhos_keywords">
<kw name="Create Dictionary" library="BuiltIn">
<var>${header}</var>
<arg>Authorization=${token_auth}</arg>
<doc>Creates and returns a dictionary based on the given ``items``.</doc>
<msg timestamp="20220803 10:42:15.653" level="INFO">${header} = {'Authorization': 'Bearer eyJhbGciOiJIUzI1NiIsInR5cCI6IkpXVCJ9.eyJlbWFpbCI6ImZ1bGFub0BxYS5jb20uYnIiLCJwYXNzd29yZCI6InRlc3RlIiwiaWF0IjoxNjU5NTM0MTM1LCJleHAiOjE2NTk1MzQ3MzV9.YHRgRSxEHdkgVF1Mt5vszN723-_1...</msg>
<status status="PASS" starttime="20220803 10:42:15.653" endtime="20220803 10:42:15.653"/>
</kw>
<kw name="POST On Session" library="RequestsLibrary">
<var>${response}</var>
<arg>serverest</arg>
<arg>/carrinhos</arg>
<arg>json=${payload}</arg>
<arg>headers=${header}</arg>
<arg>expected_status=anything</arg>
<doc>Sends a POST request on a previously created HTTP Session.</doc>
<msg timestamp="20220803 10:42:15.659" level="INFO">POST Request : url=http://localhost:3000/carrinhos 
 path_url=/carrinhos 
 headers={'User-Agent': 'python-requests/2.28.1', 'Accept-Encoding': 'gzip, deflate', 'Accept': '*/*', 'Connection': 'keep-alive', 'Authorization': 'Bearer eyJhbGciOiJIUzI1NiIsInR5cCI6IkpXVCJ9.eyJlbWFpbCI6ImZ1bGFub0BxYS5jb20uYnIiLCJwYXNzd29yZCI6InRlc3RlIiwiaWF0IjoxNjU5NTM0MTM1LCJleHAiOjE2NTk1MzQ3MzV9.YHRgRSxEHdkgVF1Mt5vszN723-_19huBSEKMKW5HWL8', 'Content-Length': '66', 'Content-Type': 'application/json'} 
 body=b'{"produtos": [{"idProduto": "BeeJh5lz3k6kSIzA", "quantidade": 2}]}' 
 </msg>
<msg timestamp="20220803 10:42:15.659" level="INFO">POST Response : url=http://localhost:3000/carrinhos 
 status=201, reason=Created 
 headers={'Access-Control-Allow-Origin': '*', 'x-dns-prefetch-control': 'off', 'x-frame-options': 'SAMEORIGIN', 'strict-transport-security': 'max-age=15552000; includeSubDomains', 'x-download-options': 'noopen', 'x-content-type-options': 'nosniff', 'x-xss-protection': '1; mode=block', 'x-moesif-transaction-id': '9c8466c3-07d2-4ef3-ac62-1e66f1e97e45', 'Content-Type': 'application/json; charset=utf-8', 'Content-Length': '82', 'Date': 'Wed, 03 Aug 2022 13:42:15 GMT', 'Connection': 'keep-alive', 'Keep-Alive': 'timeout=5'} 
 body={
    "message": "Cadastro realizado com sucesso",
    "_id": "cJShfptJrLxQBtgb"
} 
 </msg>
<msg timestamp="20220803 10:42:15.659" level="INFO">${response} = &lt;Response [201]&gt;</msg>
<status status="PASS" starttime="20220803 10:42:15.653" endtime="20220803 10:42:15.659"/>
</kw>
<kw name="Set Global Variable" library="BuiltIn">
<arg>${response}</arg>
<doc>Makes a variable available globally in all tests and suites.</doc>
<msg timestamp="20220803 10:42:15.660" level="INFO">${response} = &lt;Response [201]&gt;</msg>
<status status="PASS" starttime="20220803 10:42:15.660" endtime="20220803 10:42:15.660"/>
</kw>
<if>
<branch type="IF" condition="${response.status_code} == 201">
<kw name="Set Variable" library="BuiltIn">
<var>${carrinho_id}</var>
<arg>${response.json()["_id"]}</arg>
<doc>Returns the given values which can then be assigned to a variables.</doc>
<msg timestamp="20220803 10:42:15.662" level="INFO">${carrinho_id} = cJShfptJrLxQBtgb</msg>
<status status="PASS" starttime="20220803 10:42:15.661" endtime="20220803 10:42:15.662"/>
</kw>
<kw name="Set Global Variable" library="BuiltIn">
<arg>${carrinho_id}</arg>
<doc>Makes a variable available globally in all tests and suites.</doc>
<msg timestamp="20220803 10:42:15.663" level="INFO">${carrinho_id} = cJShfptJrLxQBtgb</msg>
<status status="PASS" starttime="20220803 10:42:15.663" endtime="20220803 10:42:15.663"/>
</kw>
<status status="PASS" starttime="20220803 10:42:15.661" endtime="20220803 10:42:15.663"/>
</branch>
<status status="PASS" starttime="20220803 10:42:15.660" endtime="20220803 10:42:15.663"/>
</if>
<status status="PASS" starttime="20220803 10:42:15.652" endtime="20220803 10:42:15.663"/>
</kw>
<status status="PASS" starttime="20220803 10:42:15.648" endtime="20220803 10:42:15.663"/>
</kw>
<kw name="DELETE Endpoint /usuarios Carrinho Cadastrado" library="user_keywords">
<kw name="Buscar Usuario" library="library_python">
<var>${json}</var>
<msg timestamp="20220803 10:42:15.669" level="INFO">${json} = yye3Nsu6ijLw2AS9</msg>
<status status="PASS" starttime="20220803 10:42:15.664" endtime="20220803 10:42:15.669"/>
</kw>
<kw name="DELETE On Session" library="RequestsLibrary">
<var>${response}</var>
<arg>serverest</arg>
<arg>/usuarios/${json}</arg>
<arg>expected_status=anything</arg>
<doc>Sends a DELETE request on a previously created HTTP Session.</doc>
<msg timestamp="20220803 10:42:15.674" level="INFO">DELETE Request : url=http://localhost:3000/usuarios/yye3Nsu6ijLw2AS9 
 path_url=/usuarios/yye3Nsu6ijLw2AS9 
 headers={'User-Agent': 'python-requests/2.28.1', 'Accept-Encoding': 'gzip, deflate', 'Accept': '*/*', 'Connection': 'keep-alive', 'Content-Length': '0'} 
 body=None 
 </msg>
<msg timestamp="20220803 10:42:15.674" level="INFO">DELETE Response : url=http://localhost:3000/usuarios/yye3Nsu6ijLw2AS9 
 status=400, reason=Bad Request 
 headers={'Access-Control-Allow-Origin': '*', 'x-dns-prefetch-control': 'off', 'x-frame-options': 'SAMEORIGIN', 'strict-transport-security': 'max-age=15552000; includeSubDomains', 'x-download-options': 'noopen', 'x-content-type-options': 'nosniff', 'x-xss-protection': '1; mode=block', 'x-moesif-transaction-id': '65de1e10-de91-40ac-8419-a3d1ec92ee02', 'Content-Type': 'application/json; charset=utf-8', 'Content-Length': '117', 'Date': 'Wed, 03 Aug 2022 13:42:15 GMT', 'Connection': 'keep-alive', 'Keep-Alive': 'timeout=5'} 
 body={
    "message": "Não é permitido excluir usuário com carrinho cadastrado",
    "idCarrinho": "cJShfptJrLxQBtgb"
} 
 </msg>
<msg timestamp="20220803 10:42:15.674" level="INFO">${response} = &lt;Response [400]&gt;</msg>
<status status="PASS" starttime="20220803 10:42:15.670" endtime="20220803 10:42:15.674"/>
</kw>
<kw name="Set Global Variable" library="BuiltIn">
<arg>${response}</arg>
<doc>Makes a variable available globally in all tests and suites.</doc>
<msg timestamp="20220803 10:42:15.675" level="INFO">${response} = &lt;Response [400]&gt;</msg>
<status status="PASS" starttime="20220803 10:42:15.674" endtime="20220803 10:42:15.675"/>
</kw>
<status status="PASS" starttime="20220803 10:42:15.664" endtime="20220803 10:42:15.675"/>
</kw>
<kw name="Imprimir Delete Usuario Response.Content" library="user_keywords">
<kw name="Log To Console" library="BuiltIn">
<arg>${yellow}Resposta para Usuario Deletado:${yellow} ${red}${response.content}${red}</arg>
<doc>Logs the given message to the console.</doc>
<status status="PASS" starttime="20220803 10:42:15.676" endtime="20220803 10:42:15.677"/>
</kw>
<status status="PASS" starttime="20220803 10:42:15.675" endtime="20220803 10:42:15.677"/>
</kw>
<kw name="Resposta Delete Usuario Carrinho Cadastrado" library="user_keywords">
<kw name="Should Be Equal" library="BuiltIn">
<arg>${response.json()["message"]}</arg>
<arg>Não é permitido excluir usuário com carrinho cadastrado</arg>
<doc>Fails if the given objects are unequal.</doc>
<status status="PASS" starttime="20220803 10:42:15.677" endtime="20220803 10:42:15.678"/>
</kw>
<kw name="Should Not Be Empty" library="BuiltIn">
<arg>${response.json()["idCarrinho"]}</arg>
<doc>Verifies that the given item is not empty.</doc>
<msg timestamp="20220803 10:42:15.679" level="INFO">Length is 16</msg>
<status status="PASS" starttime="20220803 10:42:15.678" endtime="20220803 10:42:15.679"/>
</kw>
<status status="PASS" starttime="20220803 10:42:15.677" endtime="20220803 10:42:15.679"/>
</kw>
<kw name="validar Status Code &quot;400&quot;" library="common" sourcename="validar Status Code &quot;${statuscode}&quot;">
<kw name="Should Be True" library="BuiltIn">
<arg>${response.status_code} == ${status_code}</arg>
<doc>Fails if the given condition is not true.</doc>
<status status="PASS" starttime="20220803 10:42:15.680" endtime="20220803 10:42:15.681"/>
</kw>
<if>
<branch type="IF" condition="${response.status_code} == 200 or ${response.status_code} == 201">
<kw name="Log To Console" library="BuiltIn">
<arg>${yellow}Status Code Retornado:${yellow} ${green}${response.status_code}${green}</arg>
<doc>Logs the given message to the console.</doc>
<status status="NOT RUN" starttime="20220803 10:42:15.682" endtime="20220803 10:42:15.682"/>
</kw>
<status status="NOT RUN" starttime="20220803 10:42:15.682" endtime="20220803 10:42:15.682"/>
</branch>
<branch type="ELSE">
<kw name="Log To Console" library="BuiltIn">
<arg>${yellow}Status Code Retornado:${yellow} ${red}${response.status_code}${red}</arg>
<doc>Logs the given message to the console.</doc>
<status status="PASS" starttime="20220803 10:42:15.682" endtime="20220803 10:42:15.683"/>
</kw>
<status status="PASS" starttime="20220803 10:42:15.682" endtime="20220803 10:42:15.683"/>
</branch>
<status status="PASS" starttime="20220803 10:42:15.681" endtime="20220803 10:42:15.683"/>
</if>
<status status="PASS" starttime="20220803 10:42:15.679" endtime="20220803 10:42:15.683"/>
</kw>
<kw name="DELETE Endpoint /carrinhos Cancelar Compra" library="carrinhos_keywords">
<kw name="Create Dictionary" library="BuiltIn">
<var>${header}</var>
<arg>Authorization=${token_auth}</arg>
<doc>Creates and returns a dictionary based on the given ``items``.</doc>
<msg timestamp="20220803 10:42:15.684" level="INFO">${header} = {'Authorization': 'Bearer eyJhbGciOiJIUzI1NiIsInR5cCI6IkpXVCJ9.eyJlbWFpbCI6ImZ1bGFub0BxYS5jb20uYnIiLCJwYXNzd29yZCI6InRlc3RlIiwiaWF0IjoxNjU5NTM0MTM1LCJleHAiOjE2NTk1MzQ3MzV9.YHRgRSxEHdkgVF1Mt5vszN723-_1...</msg>
<status status="PASS" starttime="20220803 10:42:15.684" endtime="20220803 10:42:15.684"/>
</kw>
<kw name="DELETE On Session" library="RequestsLibrary">
<var>${response}</var>
<arg>serverest</arg>
<arg>/carrinhos/cancelar-compra</arg>
<arg>headers=${header}</arg>
<arg>expected_status=anything</arg>
<doc>Sends a DELETE request on a previously created HTTP Session.</doc>
<msg timestamp="20220803 10:42:15.689" level="INFO">DELETE Request : url=http://localhost:3000/carrinhos/cancelar-compra 
 path_url=/carrinhos/cancelar-compra 
 headers={'User-Agent': 'python-requests/2.28.1', 'Accept-Encoding': 'gzip, deflate', 'Accept': '*/*', 'Connection': 'keep-alive', 'Authorization': 'Bearer eyJhbGciOiJIUzI1NiIsInR5cCI6IkpXVCJ9.eyJlbWFpbCI6ImZ1bGFub0BxYS5jb20uYnIiLCJwYXNzd29yZCI6InRlc3RlIiwiaWF0IjoxNjU5NTM0MTM1LCJleHAiOjE2NTk1MzQ3MzV9.YHRgRSxEHdkgVF1Mt5vszN723-_19huBSEKMKW5HWL8', 'Content-Length': '0'} 
 body=None 
 </msg>
<msg timestamp="20220803 10:42:15.689" level="INFO">DELETE Response : url=http://localhost:3000/carrinhos/cancelar-compra 
 status=200, reason=OK 
 headers={'Access-Control-Allow-Origin': '*', 'x-dns-prefetch-control': 'off', 'x-frame-options': 'SAMEORIGIN', 'strict-transport-security': 'max-age=15552000; includeSubDomains', 'x-download-options': 'noopen', 'x-content-type-options': 'nosniff', 'x-xss-protection': '1; mode=block', 'x-moesif-transaction-id': '1252584e-641f-4a3d-9a67-661bfdf72b89', 'Content-Type': 'application/json; charset=utf-8', 'Content-Length': '86', 'Date': 'Wed, 03 Aug 2022 13:42:15 GMT', 'Connection': 'keep-alive', 'Keep-Alive': 'timeout=5'} 
 body={
    "message": "Registro excluído com sucesso. Estoque dos produtos reabastecido"
} 
 </msg>
<msg timestamp="20220803 10:42:15.689" level="INFO">${response} = &lt;Response [200]&gt;</msg>
<status status="PASS" starttime="20220803 10:42:15.684" endtime="20220803 10:42:15.690"/>
</kw>
<kw name="Set Global Variable" library="BuiltIn">
<arg>${response}</arg>
<doc>Makes a variable available globally in all tests and suites.</doc>
<msg timestamp="20220803 10:42:15.690" level="INFO">${response} = &lt;Response [200]&gt;</msg>
<status status="PASS" starttime="20220803 10:42:15.690" endtime="20220803 10:42:15.690"/>
</kw>
<status status="PASS" starttime="20220803 10:42:15.684" endtime="20220803 10:42:15.690"/>
</kw>
<tag>DELETE_USUARIO_CARRINHO_CADASTRADO</tag>
<status status="PASS" starttime="20220803 10:42:15.624" endtime="20220803 10:42:15.691"/>
</test>
<doc>Arquivos de teste para o endpoint de /usuarios</doc>
<status status="PASS" starttime="20220803 10:42:15.271" endtime="20220803 10:42:15.691"/>
</suite>
<status status="PASS" starttime="20220803 10:42:12.613" endtime="20220803 10:42:15.693"/>
</suite>
<statistics>
<total>
<stat pass="53" fail="0" skip="0">All Tests</stat>
</total>
<tag>
<stat pass="1" fail="0" skip="0">DELETE_CANCELAR_COMPRA</stat>
<stat pass="1" fail="0" skip="0">DELETE_CANCELAR_COMPRA_CARRINHO_NAO_CADASTRADO</stat>
<stat pass="1" fail="0" skip="0">DELETE_CANCELAR_COMPRA_TOKEN_INVALIDO</stat>
<stat pass="2" fail="0" skip="0">DELETE_COMPRA_TOKEN_USUARIO_EXCLUIDO</stat>
<stat pass="1" fail="0" skip="0">DELETE_CONCLUIR_COMPRA</stat>
<stat pass="1" fail="0" skip="0">DELETE_CONCLUIR_COMPRA_CARRINHO_NAO_CADASTRADO</stat>
<stat pass="1" fail="0" skip="0">DELETE_CONCLUIR_COMPRA_TOKEN_INVALIDO</stat>
<stat pass="1" fail="0" skip="0">DELETE_PRODUTO</stat>
<stat pass="1" fail="0" skip="0">DELETE_PRODUTO_ADM_FALSE</stat>
<stat pass="1" fail="0" skip="0">DELETE_PRODUTO_CARRINHO_CADASTRADO</stat>
<stat pass="1" fail="0" skip="0">DELETE_PRODUTO_ID_INEXISTENTE</stat>
<stat pass="1" fail="0" skip="0">DELETE_PRODUTO_TOKEN_INVALIDO</stat>
<stat pass="1" fail="0" skip="0">DELETE_PRODUTO_TOKE_USUARIO_EXCLUIDO</stat>
<stat pass="1" fail="0" skip="0">DELETE_USUARIO</stat>
<stat pass="1" fail="0" skip="0">DELETE_USUARIO_CARRINHO_CADASTRADO</stat>
<stat pass="1" fail="0" skip="0">DELETE_USUARIO_ID_INEXISTENTE</stat>
<stat pass="1" fail="0" skip="0">GET_LISTAR_CARRINHOS</stat>
<stat pass="2" fail="0" skip="0">GET_PRODUTO_ID</stat>
<stat pass="1" fail="0" skip="0">GET_PRODUTO_ID_NAO_ENCONTRADO</stat>
<stat pass="1" fail="0" skip="0">GET_PRODUTOS</stat>
<stat pass="1" fail="0" skip="0">GET_PRODUTO_SEM_ID</stat>
<stat pass="1" fail="0" skip="0">GET_USUARIO_ID</stat>
<stat pass="1" fail="0" skip="0">GET_USUARIO_ID_NAO_ENCONTRADO</stat>
<stat pass="1" fail="0" skip="0">GET_USUARIOS</stat>
<stat pass="1" fail="0" skip="0">POST_CARRINHO</stat>
<stat pass="1" fail="0" skip="0">POST_CARRINHO_DUPLICIDADE</stat>
<stat pass="1" fail="0" skip="0">POST_CARRINHO_PRODUTO_DUPLICADO</stat>
<stat pass="1" fail="0" skip="0">POST_CARRINHO_PRODUTO_INSUFICIENTE</stat>
<stat pass="1" fail="0" skip="0">POST_CARRINHO_PRODUTO_NAO_ENCONTRADO</stat>
<stat pass="1" fail="0" skip="0">POST_CARRINHO_TOKEN_INVALIDO</stat>
<stat pass="1" fail="0" skip="0">POST_LOGIN</stat>
<stat pass="1" fail="0" skip="0">POST_LOGIN_INVALIDO</stat>
<stat pass="1" fail="0" skip="0">POST_LOGIN_SEM_EMAIL</stat>
<stat pass="1" fail="0" skip="0">POST_LOGIN_SEM_SENHA</stat>
<stat pass="1" fail="0" skip="0">POST_PRODUTO</stat>
<stat pass="1" fail="0" skip="0">POST_PRODUTO_ADM_FALSE</stat>
<stat pass="1" fail="0" skip="0">POST_PRODUTO_TOKEN_INVALIDO</stat>
<stat pass="1" fail="0" skip="0">POST_PRODUTREPETIDO</stat>
<stat pass="2" fail="0" skip="0">POST_TOKEN_USUARIO_EXCLUIDO</stat>
<stat pass="1" fail="0" skip="0">POST_USUARIO</stat>
<stat pass="1" fail="0" skip="0">POST_USUARIO_EMAIL_REPETIDO</stat>
<stat pass="1" fail="0" skip="0">PUT_PRODUTO</stat>
<stat pass="1" fail="0" skip="0">PUT_PRODUTO_ADM_FALSE</stat>
<stat pass="1" fail="0" skip="0">PUT_PRODUTO_NOME_REPETIDO</stat>
<stat pass="1" fail="0" skip="0">PUT_PRODUTO_SEM_ID</stat>
<stat pass="1" fail="0" skip="0">PUT_PRODUTO_TOKEN_INVALIDO</stat>
<stat pass="1" fail="0" skip="0">PUT_PRODUTO_TOKEN_USUARIO_EXCLUIDO</stat>
<stat pass="1" fail="0" skip="0">PUT_USUARIO</stat>
<stat pass="1" fail="0" skip="0">PUT_USUARIO_EMAIL_REPETIDO</stat>
<stat pass="1" fail="0" skip="0">PUT_USUARIO_SEM_ID</stat>
</tag>
<suite>
<stat pass="53" fail="0" skip="0" id="s1" name="Tests">Tests</stat>
<stat pass="18" fail="0" skip="0" id="s1-s1" name="Carrinhos Test">Tests.Carrinhos Test</stat>
<stat pass="4" fail="0" skip="0" id="s1-s2" name="Login Test">Tests.Login Test</stat>
<stat pass="20" fail="0" skip="0" id="s1-s3" name="Produtos Test">Tests.Produtos Test</stat>
<stat pass="11" fail="0" skip="0" id="s1-s4" name="User Test">Tests.User Test</stat>
</suite>
</statistics>
<errors>
</errors>
</robot>
